CRITICAL - 2021-01-15 07:44:05 --> Array and string offset access syntax with curly braces is deprecated
#0 /Applications/MAMP/htdocs/backend/app/ThirdParty/PHPExcel/PHPExcel/Autoloader.php(79): CodeIgniter\Debug\Exceptions->errorHandler(8192, 'Array and strin...', '/Applications/M...', 526, Array)
#1 /Applications/MAMP/htdocs/backend/app/ThirdParty/PHPExcel/PHPExcel/Autoloader.php(79): require()
#2 [internal function]: PHPExcel_Autoloader::load('PHPExcel_Shared...')
#3 /Applications/MAMP/htdocs/backend/app/ThirdParty/PHPExcel/PHPExcel/Autoloader.php(11): spl_autoload_call('PHPExcel_Shared...')
#4 /Applications/MAMP/htdocs/backend/app/ThirdParty/PHPExcel/PHPExcel.php(6): require('/Applications/M...')
#5 /Applications/MAMP/htdocs/backend/vendor/codeigniter4/framework/system/Autoloader/Autoloader.php(161): include_once('/Applications/M...')
#6 [internal function]: CodeIgniter\Autoloader\Autoloader->CodeIgniter\Autoloader\{closure}('PHPExcel')
#7 /Applications/MAMP/htdocs/backend/app/Controllers/Account/Master/Anggotacontroller.php(80): spl_autoload_call('PHPExcel')
#8 /Applications/MAMP/htdocs/backend/vendor/codeigniter4/framework/system/CodeIgniter.php(918): App\Controllers\Account\Master\Anggotacontroller->proses()
#9 /Applications/MAMP/htdocs/backend/vendor/codeigniter4/framework/system/CodeIgniter.php(404): CodeIgniter\CodeIgniter->runController(Object(App\Controllers\Account\Master\Anggotacontroller))
#10 /Applications/MAMP/htdocs/backend/vendor/codeigniter4/framework/system/CodeIgniter.php(312): CodeIgniter\CodeIgniter->handleRequest(NULL, Object(Config\Cache), false)
#11 /Applications/MAMP/htdocs/backend/index.php(45): CodeIgniter\CodeIgniter->run()
#12 {main}
CRITICAL - 2021-01-15 08:35:48 --> Array and string offset access syntax with curly braces is deprecated
#0 /Applications/MAMP/htdocs/backend/app/ThirdParty/PHPExcel/PHPExcel/Autoloader.php(79): CodeIgniter\Debug\Exceptions->errorHandler(8192, 'Array and strin...', '/Applications/M...', 526, Array)
#1 /Applications/MAMP/htdocs/backend/app/ThirdParty/PHPExcel/PHPExcel/Autoloader.php(79): require()
#2 [internal function]: PHPExcel_Autoloader::load('PHPExcel_Shared...')
#3 /Applications/MAMP/htdocs/backend/app/ThirdParty/PHPExcel/PHPExcel/Autoloader.php(11): spl_autoload_call('PHPExcel_Shared...')
#4 /Applications/MAMP/htdocs/backend/app/ThirdParty/PHPExcel/PHPExcel.php(6): require('/Applications/M...')
#5 /Applications/MAMP/htdocs/backend/vendor/codeigniter4/framework/system/Autoloader/Autoloader.php(161): include_once('/Applications/M...')
#6 [internal function]: CodeIgniter\Autoloader\Autoloader->CodeIgniter\Autoloader\{closure}('PHPExcel')
#7 /Applications/MAMP/htdocs/backend/app/Controllers/Account/Master/Anggotacontroller.php(81): spl_autoload_call('PHPExcel')
#8 /Applications/MAMP/htdocs/backend/vendor/codeigniter4/framework/system/CodeIgniter.php(918): App\Controllers\Account\Master\Anggotacontroller->proses()
#9 /Applications/MAMP/htdocs/backend/vendor/codeigniter4/framework/system/CodeIgniter.php(404): CodeIgniter\CodeIgniter->runController(Object(App\Controllers\Account\Master\Anggotacontroller))
#10 /Applications/MAMP/htdocs/backend/vendor/codeigniter4/framework/system/CodeIgniter.php(312): CodeIgniter\CodeIgniter->handleRequest(NULL, Object(Config\Cache), false)
#11 /Applications/MAMP/htdocs/backend/index.php(45): CodeIgniter\CodeIgniter->run()
#12 {main}
CRITICAL - 2021-01-15 08:47:48 --> Array and string offset access syntax with curly braces is deprecated
#0 /Applications/MAMP/htdocs/backend/app/ThirdParty/PHPExcel/PHPExcel/Autoloader.php(79): CodeIgniter\Debug\Exceptions->errorHandler(8192, 'Array and strin...', '/Applications/M...', 526, Array)
#1 /Applications/MAMP/htdocs/backend/app/ThirdParty/PHPExcel/PHPExcel/Autoloader.php(79): require()
#2 [internal function]: PHPExcel_Autoloader::load('PHPExcel_Shared...')
#3 /Applications/MAMP/htdocs/backend/app/ThirdParty/PHPExcel/PHPExcel/Autoloader.php(11): spl_autoload_call('PHPExcel_Shared...')
#4 /Applications/MAMP/htdocs/backend/app/ThirdParty/PHPExcel/PHPExcel.php(6): require('/Applications/M...')
#5 /Applications/MAMP/htdocs/backend/vendor/codeigniter4/framework/system/Autoloader/Autoloader.php(161): include_once('/Applications/M...')
#6 [internal function]: CodeIgniter\Autoloader\Autoloader->CodeIgniter\Autoloader\{closure}('PHPExcel')
#7 /Applications/MAMP/htdocs/backend/app/Controllers/Account/Master/Anggotacontroller.php(81): spl_autoload_call('PHPExcel')
#8 /Applications/MAMP/htdocs/backend/vendor/codeigniter4/framework/system/CodeIgniter.php(918): App\Controllers\Account\Master\Anggotacontroller->proses()
#9 /Applications/MAMP/htdocs/backend/vendor/codeigniter4/framework/system/CodeIgniter.php(404): CodeIgniter\CodeIgniter->runController(Object(App\Controllers\Account\Master\Anggotacontroller))
#10 /Applications/MAMP/htdocs/backend/vendor/codeigniter4/framework/system/CodeIgniter.php(312): CodeIgniter\CodeIgniter->handleRequest(NULL, Object(Config\Cache), false)
#11 /Applications/MAMP/htdocs/backend/index.php(45): CodeIgniter\CodeIgniter->run()
#12 {main}
CRITICAL - 2021-01-15 08:53:10 --> Array and string offset access syntax with curly braces is deprecated
#0 /Applications/MAMP/htdocs/backend/app/ThirdParty/PHPExcel/Autoloader.php(79): CodeIgniter\Debug\Exceptions->errorHandler(8192, 'Array and strin...', '/Applications/M...', 526, Array)
#1 /Applications/MAMP/htdocs/backend/app/ThirdParty/PHPExcel/Autoloader.php(79): require()
#2 [internal function]: PHPExcel_Autoloader::load('PHPExcel_Shared...')
#3 /Applications/MAMP/htdocs/backend/app/ThirdParty/PHPExcel/Autoloader.php(11): spl_autoload_call('PHPExcel_Shared...')
#4 /Applications/MAMP/htdocs/backend/app/ThirdParty/PHPExcel.php(6): require('/Applications/M...')
#5 /Applications/MAMP/htdocs/backend/vendor/codeigniter4/framework/system/Autoloader/Autoloader.php(161): include_once('/Applications/M...')
#6 [internal function]: CodeIgniter\Autoloader\Autoloader->CodeIgniter\Autoloader\{closure}('PHPExcel')
#7 /Applications/MAMP/htdocs/backend/app/Controllers/Account/Master/Anggotacontroller.php(81): spl_autoload_call('PHPExcel')
#8 /Applications/MAMP/htdocs/backend/vendor/codeigniter4/framework/system/CodeIgniter.php(918): App\Controllers\Account\Master\Anggotacontroller->proses()
#9 /Applications/MAMP/htdocs/backend/vendor/codeigniter4/framework/system/CodeIgniter.php(404): CodeIgniter\CodeIgniter->runController(Object(App\Controllers\Account\Master\Anggotacontroller))
#10 /Applications/MAMP/htdocs/backend/vendor/codeigniter4/framework/system/CodeIgniter.php(312): CodeIgniter\CodeIgniter->handleRequest(NULL, Object(Config\Cache), false)
#11 /Applications/MAMP/htdocs/backend/index.php(45): CodeIgniter\CodeIgniter->run()
#12 {main}
CRITICAL - 2021-01-15 08:57:41 --> Array and string offset access syntax with curly braces is deprecated
#0 /Applications/MAMP/htdocs/backend/app/ThirdParty/PHPExcel/Autoloader.php(79): CodeIgniter\Debug\Exceptions->errorHandler(8192, 'Array and strin...', '/Applications/M...', 2551, Array)
#1 /Applications/MAMP/htdocs/backend/app/ThirdParty/PHPExcel/Autoloader.php(79): require()
#2 [internal function]: PHPExcel_Autoloader::load('PHPExcel_Calcul...')
#3 /Applications/MAMP/htdocs/backend/app/ThirdParty/PHPExcel.php(367): spl_autoload_call('PHPExcel_Calcul...')
#4 /Applications/MAMP/htdocs/backend/app/Controllers/Account/Master/Anggotacontroller.php(81): PHPExcel->__construct()
#5 /Applications/MAMP/htdocs/backend/vendor/codeigniter4/framework/system/CodeIgniter.php(918): App\Controllers\Account\Master\Anggotacontroller->proses()
#6 /Applications/MAMP/htdocs/backend/vendor/codeigniter4/framework/system/CodeIgniter.php(404): CodeIgniter\CodeIgniter->runController(Object(App\Controllers\Account\Master\Anggotacontroller))
#7 /Applications/MAMP/htdocs/backend/vendor/codeigniter4/framework/system/CodeIgniter.php(312): CodeIgniter\CodeIgniter->handleRequest(NULL, Object(Config\Cache), false)
#8 /Applications/MAMP/htdocs/backend/index.php(45): CodeIgniter\CodeIgniter->run()
#9 {main}
CRITICAL - 2021-01-15 09:01:03 --> Array and string offset access syntax with curly braces is deprecated
#0 /Applications/MAMP/htdocs/backend/app/ThirdParty/PHPExcel/Autoloader.php(79): CodeIgniter\Debug\Exceptions->errorHandler(8192, 'Array and strin...', '/Applications/M...', 2672, Array)
#1 /Applications/MAMP/htdocs/backend/app/ThirdParty/PHPExcel/Autoloader.php(79): require()
#2 [internal function]: PHPExcel_Autoloader::load('PHPExcel_Calcul...')
#3 /Applications/MAMP/htdocs/backend/app/ThirdParty/PHPExcel.php(367): spl_autoload_call('PHPExcel_Calcul...')
#4 /Applications/MAMP/htdocs/backend/app/Controllers/Account/Master/Anggotacontroller.php(81): PHPExcel->__construct()
#5 /Applications/MAMP/htdocs/backend/vendor/codeigniter4/framework/system/CodeIgniter.php(918): App\Controllers\Account\Master\Anggotacontroller->proses()
#6 /Applications/MAMP/htdocs/backend/vendor/codeigniter4/framework/system/CodeIgniter.php(404): CodeIgniter\CodeIgniter->runController(Object(App\Controllers\Account\Master\Anggotacontroller))
#7 /Applications/MAMP/htdocs/backend/vendor/codeigniter4/framework/system/CodeIgniter.php(312): CodeIgniter\CodeIgniter->handleRequest(NULL, Object(Config\Cache), false)
#8 /Applications/MAMP/htdocs/backend/index.php(45): CodeIgniter\CodeIgniter->run()
#9 {main}
CRITICAL - 2021-01-15 09:01:53 --> Array and string offset access syntax with curly braces is deprecated
#0 /Applications/MAMP/htdocs/backend/app/ThirdParty/PHPExcel/Autoloader.php(79): CodeIgniter\Debug\Exceptions->errorHandler(8192, 'Array and strin...', '/Applications/M...', 2764, Array)
#1 /Applications/MAMP/htdocs/backend/app/ThirdParty/PHPExcel/Autoloader.php(79): require()
#2 [internal function]: PHPExcel_Autoloader::load('PHPExcel_Calcul...')
#3 /Applications/MAMP/htdocs/backend/app/ThirdParty/PHPExcel.php(367): spl_autoload_call('PHPExcel_Calcul...')
#4 /Applications/MAMP/htdocs/backend/app/Controllers/Account/Master/Anggotacontroller.php(81): PHPExcel->__construct()
#5 /Applications/MAMP/htdocs/backend/vendor/codeigniter4/framework/system/CodeIgniter.php(918): App\Controllers\Account\Master\Anggotacontroller->proses()
#6 /Applications/MAMP/htdocs/backend/vendor/codeigniter4/framework/system/CodeIgniter.php(404): CodeIgniter\CodeIgniter->runController(Object(App\Controllers\Account\Master\Anggotacontroller))
#7 /Applications/MAMP/htdocs/backend/vendor/codeigniter4/framework/system/CodeIgniter.php(312): CodeIgniter\CodeIgniter->handleRequest(NULL, Object(Config\Cache), false)
#8 /Applications/MAMP/htdocs/backend/index.php(45): CodeIgniter\CodeIgniter->run()
#9 {main}
CRITICAL - 2021-01-15 09:02:57 --> Array and string offset access syntax with curly braces is deprecated
#0 /Applications/MAMP/htdocs/backend/app/ThirdParty/PHPExcel/Autoloader.php(79): CodeIgniter\Debug\Exceptions->errorHandler(8192, 'Array and strin...', '/Applications/M...', 2780, Array)
#1 /Applications/MAMP/htdocs/backend/app/ThirdParty/PHPExcel/Autoloader.php(79): require()
#2 [internal function]: PHPExcel_Autoloader::load('PHPExcel_Calcul...')
#3 /Applications/MAMP/htdocs/backend/app/ThirdParty/PHPExcel.php(367): spl_autoload_call('PHPExcel_Calcul...')
#4 /Applications/MAMP/htdocs/backend/app/Controllers/Account/Master/Anggotacontroller.php(81): PHPExcel->__construct()
#5 /Applications/MAMP/htdocs/backend/vendor/codeigniter4/framework/system/CodeIgniter.php(918): App\Controllers\Account\Master\Anggotacontroller->proses()
#6 /Applications/MAMP/htdocs/backend/vendor/codeigniter4/framework/system/CodeIgniter.php(404): CodeIgniter\CodeIgniter->runController(Object(App\Controllers\Account\Master\Anggotacontroller))
#7 /Applications/MAMP/htdocs/backend/vendor/codeigniter4/framework/system/CodeIgniter.php(312): CodeIgniter\CodeIgniter->handleRequest(NULL, Object(Config\Cache), false)
#8 /Applications/MAMP/htdocs/backend/index.php(45): CodeIgniter\CodeIgniter->run()
#9 {main}
CRITICAL - 2021-01-15 09:03:31 --> Array and string offset access syntax with curly braces is deprecated
#0 /Applications/MAMP/htdocs/backend/app/ThirdParty/PHPExcel/Autoloader.php(79): CodeIgniter\Debug\Exceptions->errorHandler(8192, 'Array and strin...', '/Applications/M...', 3034, Array)
#1 /Applications/MAMP/htdocs/backend/app/ThirdParty/PHPExcel/Autoloader.php(79): require()
#2 [internal function]: PHPExcel_Autoloader::load('PHPExcel_Calcul...')
#3 /Applications/MAMP/htdocs/backend/app/ThirdParty/PHPExcel.php(367): spl_autoload_call('PHPExcel_Calcul...')
#4 /Applications/MAMP/htdocs/backend/app/Controllers/Account/Master/Anggotacontroller.php(81): PHPExcel->__construct()
#5 /Applications/MAMP/htdocs/backend/vendor/codeigniter4/framework/system/CodeIgniter.php(918): App\Controllers\Account\Master\Anggotacontroller->proses()
#6 /Applications/MAMP/htdocs/backend/vendor/codeigniter4/framework/system/CodeIgniter.php(404): CodeIgniter\CodeIgniter->runController(Object(App\Controllers\Account\Master\Anggotacontroller))
#7 /Applications/MAMP/htdocs/backend/vendor/codeigniter4/framework/system/CodeIgniter.php(312): CodeIgniter\CodeIgniter->handleRequest(NULL, Object(Config\Cache), false)
#8 /Applications/MAMP/htdocs/backend/index.php(45): CodeIgniter\CodeIgniter->run()
#9 {main}
CRITICAL - 2021-01-15 09:04:33 --> Array and string offset access syntax with curly braces is deprecated
#0 /Applications/MAMP/htdocs/backend/app/ThirdParty/PHPExcel/Autoloader.php(79): CodeIgniter\Debug\Exceptions->errorHandler(8192, 'Array and strin...', '/Applications/M...', 3166, Array)
#1 /Applications/MAMP/htdocs/backend/app/ThirdParty/PHPExcel/Autoloader.php(79): require()
#2 [internal function]: PHPExcel_Autoloader::load('PHPExcel_Calcul...')
#3 /Applications/MAMP/htdocs/backend/app/ThirdParty/PHPExcel.php(367): spl_autoload_call('PHPExcel_Calcul...')
#4 /Applications/MAMP/htdocs/backend/app/Controllers/Account/Master/Anggotacontroller.php(81): PHPExcel->__construct()
#5 /Applications/MAMP/htdocs/backend/vendor/codeigniter4/framework/system/CodeIgniter.php(918): App\Controllers\Account\Master\Anggotacontroller->proses()
#6 /Applications/MAMP/htdocs/backend/vendor/codeigniter4/framework/system/CodeIgniter.php(404): CodeIgniter\CodeIgniter->runController(Object(App\Controllers\Account\Master\Anggotacontroller))
#7 /Applications/MAMP/htdocs/backend/vendor/codeigniter4/framework/system/CodeIgniter.php(312): CodeIgniter\CodeIgniter->handleRequest(NULL, Object(Config\Cache), false)
#8 /Applications/MAMP/htdocs/backend/index.php(45): CodeIgniter\CodeIgniter->run()
#9 {main}
CRITICAL - 2021-01-15 09:05:02 --> Array and string offset access syntax with curly braces is deprecated
#0 /Applications/MAMP/htdocs/backend/app/ThirdParty/PHPExcel/Autoloader.php(79): CodeIgniter\Debug\Exceptions->errorHandler(8192, 'Array and strin...', '/Applications/M...', 3168, Array)
#1 /Applications/MAMP/htdocs/backend/app/ThirdParty/PHPExcel/Autoloader.php(79): require()
#2 [internal function]: PHPExcel_Autoloader::load('PHPExcel_Calcul...')
#3 /Applications/MAMP/htdocs/backend/app/ThirdParty/PHPExcel.php(367): spl_autoload_call('PHPExcel_Calcul...')
#4 /Applications/MAMP/htdocs/backend/app/Controllers/Account/Master/Anggotacontroller.php(81): PHPExcel->__construct()
#5 /Applications/MAMP/htdocs/backend/vendor/codeigniter4/framework/system/CodeIgniter.php(918): App\Controllers\Account\Master\Anggotacontroller->proses()
#6 /Applications/MAMP/htdocs/backend/vendor/codeigniter4/framework/system/CodeIgniter.php(404): CodeIgniter\CodeIgniter->runController(Object(App\Controllers\Account\Master\Anggotacontroller))
#7 /Applications/MAMP/htdocs/backend/vendor/codeigniter4/framework/system/CodeIgniter.php(312): CodeIgniter\CodeIgniter->handleRequest(NULL, Object(Config\Cache), false)
#8 /Applications/MAMP/htdocs/backend/index.php(45): CodeIgniter\CodeIgniter->run()
#9 {main}
CRITICAL - 2021-01-15 09:05:37 --> Array and string offset access syntax with curly braces is deprecated
#0 /Applications/MAMP/htdocs/backend/app/ThirdParty/PHPExcel/Autoloader.php(79): CodeIgniter\Debug\Exceptions->errorHandler(8192, 'Array and strin...', '/Applications/M...', 3457, Array)
#1 /Applications/MAMP/htdocs/backend/app/ThirdParty/PHPExcel/Autoloader.php(79): require()
#2 [internal function]: PHPExcel_Autoloader::load('PHPExcel_Calcul...')
#3 /Applications/MAMP/htdocs/backend/app/ThirdParty/PHPExcel.php(367): spl_autoload_call('PHPExcel_Calcul...')
#4 /Applications/MAMP/htdocs/backend/app/Controllers/Account/Master/Anggotacontroller.php(81): PHPExcel->__construct()
#5 /Applications/MAMP/htdocs/backend/vendor/codeigniter4/framework/system/CodeIgniter.php(918): App\Controllers\Account\Master\Anggotacontroller->proses()
#6 /Applications/MAMP/htdocs/backend/vendor/codeigniter4/framework/system/CodeIgniter.php(404): CodeIgniter\CodeIgniter->runController(Object(App\Controllers\Account\Master\Anggotacontroller))
#7 /Applications/MAMP/htdocs/backend/vendor/codeigniter4/framework/system/CodeIgniter.php(312): CodeIgniter\CodeIgniter->handleRequest(NULL, Object(Config\Cache), false)
#8 /Applications/MAMP/htdocs/backend/index.php(45): CodeIgniter\CodeIgniter->run()
#9 {main}
CRITICAL - 2021-01-15 09:06:21 --> Array and string offset access syntax with curly braces is deprecated
#0 /Applications/MAMP/htdocs/backend/app/ThirdParty/PHPExcel/Autoloader.php(79): CodeIgniter\Debug\Exceptions->errorHandler(8192, 'Array and strin...', '/Applications/M...', 3891, Array)
#1 /Applications/MAMP/htdocs/backend/app/ThirdParty/PHPExcel/Autoloader.php(79): require()
#2 [internal function]: PHPExcel_Autoloader::load('PHPExcel_Calcul...')
#3 /Applications/MAMP/htdocs/backend/app/ThirdParty/PHPExcel.php(367): spl_autoload_call('PHPExcel_Calcul...')
#4 /Applications/MAMP/htdocs/backend/app/Controllers/Account/Master/Anggotacontroller.php(81): PHPExcel->__construct()
#5 /Applications/MAMP/htdocs/backend/vendor/codeigniter4/framework/system/CodeIgniter.php(918): App\Controllers\Account\Master\Anggotacontroller->proses()
#6 /Applications/MAMP/htdocs/backend/vendor/codeigniter4/framework/system/CodeIgniter.php(404): CodeIgniter\CodeIgniter->runController(Object(App\Controllers\Account\Master\Anggotacontroller))
#7 /Applications/MAMP/htdocs/backend/vendor/codeigniter4/framework/system/CodeIgniter.php(312): CodeIgniter\CodeIgniter->handleRequest(NULL, Object(Config\Cache), false)
#8 /Applications/MAMP/htdocs/backend/index.php(45): CodeIgniter\CodeIgniter->run()
#9 {main}
CRITICAL - 2021-01-15 09:06:55 --> Array and string offset access syntax with curly braces is deprecated
#0 /Applications/MAMP/htdocs/backend/app/ThirdParty/PHPExcel/Autoloader.php(79): CodeIgniter\Debug\Exceptions->errorHandler(8192, 'Array and strin...', '/Applications/M...', 3891, Array)
#1 /Applications/MAMP/htdocs/backend/app/ThirdParty/PHPExcel/Autoloader.php(79): require()
#2 [internal function]: PHPExcel_Autoloader::load('PHPExcel_Calcul...')
#3 /Applications/MAMP/htdocs/backend/app/ThirdParty/PHPExcel.php(367): spl_autoload_call('PHPExcel_Calcul...')
#4 /Applications/MAMP/htdocs/backend/app/Controllers/Account/Master/Anggotacontroller.php(81): PHPExcel->__construct()
#5 /Applications/MAMP/htdocs/backend/vendor/codeigniter4/framework/system/CodeIgniter.php(918): App\Controllers\Account\Master\Anggotacontroller->proses()
#6 /Applications/MAMP/htdocs/backend/vendor/codeigniter4/framework/system/CodeIgniter.php(404): CodeIgniter\CodeIgniter->runController(Object(App\Controllers\Account\Master\Anggotacontroller))
#7 /Applications/MAMP/htdocs/backend/vendor/codeigniter4/framework/system/CodeIgniter.php(312): CodeIgniter\CodeIgniter->handleRequest(NULL, Object(Config\Cache), false)
#8 /Applications/MAMP/htdocs/backend/index.php(45): CodeIgniter\CodeIgniter->run()
#9 {main}
CRITICAL - 2021-01-15 09:07:20 --> Array and string offset access syntax with curly braces is deprecated
#0 /Applications/MAMP/htdocs/backend/app/ThirdParty/PHPExcel/Autoloader.php(79): CodeIgniter\Debug\Exceptions->errorHandler(8192, 'Array and strin...', '/Applications/M...', 3936, Array)
#1 /Applications/MAMP/htdocs/backend/app/ThirdParty/PHPExcel/Autoloader.php(79): require()
#2 [internal function]: PHPExcel_Autoloader::load('PHPExcel_Calcul...')
#3 /Applications/MAMP/htdocs/backend/app/ThirdParty/PHPExcel.php(367): spl_autoload_call('PHPExcel_Calcul...')
#4 /Applications/MAMP/htdocs/backend/app/Controllers/Account/Master/Anggotacontroller.php(81): PHPExcel->__construct()
#5 /Applications/MAMP/htdocs/backend/vendor/codeigniter4/framework/system/CodeIgniter.php(918): App\Controllers\Account\Master\Anggotacontroller->proses()
#6 /Applications/MAMP/htdocs/backend/vendor/codeigniter4/framework/system/CodeIgniter.php(404): CodeIgniter\CodeIgniter->runController(Object(App\Controllers\Account\Master\Anggotacontroller))
#7 /Applications/MAMP/htdocs/backend/vendor/codeigniter4/framework/system/CodeIgniter.php(312): CodeIgniter\CodeIgniter->handleRequest(NULL, Object(Config\Cache), false)
#8 /Applications/MAMP/htdocs/backend/index.php(45): CodeIgniter\CodeIgniter->run()
#9 {main}
CRITICAL - 2021-01-15 09:07:48 --> Array and string offset access syntax with curly braces is deprecated
#0 /Applications/MAMP/htdocs/backend/app/ThirdParty/PHPExcel/Autoloader.php(79): CodeIgniter\Debug\Exceptions->errorHandler(8192, 'Array and strin...', '/Applications/M...', 3998, Array)
#1 /Applications/MAMP/htdocs/backend/app/ThirdParty/PHPExcel/Autoloader.php(79): require()
#2 [internal function]: PHPExcel_Autoloader::load('PHPExcel_Calcul...')
#3 /Applications/MAMP/htdocs/backend/app/ThirdParty/PHPExcel.php(367): spl_autoload_call('PHPExcel_Calcul...')
#4 /Applications/MAMP/htdocs/backend/app/Controllers/Account/Master/Anggotacontroller.php(81): PHPExcel->__construct()
#5 /Applications/MAMP/htdocs/backend/vendor/codeigniter4/framework/system/CodeIgniter.php(918): App\Controllers\Account\Master\Anggotacontroller->proses()
#6 /Applications/MAMP/htdocs/backend/vendor/codeigniter4/framework/system/CodeIgniter.php(404): CodeIgniter\CodeIgniter->runController(Object(App\Controllers\Account\Master\Anggotacontroller))
#7 /Applications/MAMP/htdocs/backend/vendor/codeigniter4/framework/system/CodeIgniter.php(312): CodeIgniter\CodeIgniter->handleRequest(NULL, Object(Config\Cache), false)
#8 /Applications/MAMP/htdocs/backend/index.php(45): CodeIgniter\CodeIgniter->run()
#9 {main}
CRITICAL - 2021-01-15 09:08:12 --> Array and string offset access syntax with curly braces is deprecated
#0 /Applications/MAMP/htdocs/backend/app/ThirdParty/PHPExcel/Autoloader.php(79): CodeIgniter\Debug\Exceptions->errorHandler(8192, 'Array and strin...', '/Applications/M...', 720, Array)
#1 /Applications/MAMP/htdocs/backend/app/ThirdParty/PHPExcel/Autoloader.php(79): require()
#2 [internal function]: PHPExcel_Autoloader::load('PHPExcel_Worksh...')
#3 /Applications/MAMP/htdocs/backend/app/ThirdParty/PHPExcel/Worksheet.php(361): spl_autoload_call('PHPExcel_Worksh...')
#4 /Applications/MAMP/htdocs/backend/app/ThirdParty/PHPExcel.php(371): PHPExcel_Worksheet->__construct(Object(PHPExcel))
#5 /Applications/MAMP/htdocs/backend/app/Controllers/Account/Master/Anggotacontroller.php(81): PHPExcel->__construct()
#6 /Applications/MAMP/htdocs/backend/vendor/codeigniter4/framework/system/CodeIgniter.php(918): App\Controllers\Account\Master\Anggotacontroller->proses()
#7 /Applications/MAMP/htdocs/backend/vendor/codeigniter4/framework/system/CodeIgniter.php(404): CodeIgniter\CodeIgniter->runController(Object(App\Controllers\Account\Master\Anggotacontroller))
#8 /Applications/MAMP/htdocs/backend/vendor/codeigniter4/framework/system/CodeIgniter.php(312): CodeIgniter\CodeIgniter->handleRequest(NULL, Object(Config\Cache), false)
#9 /Applications/MAMP/htdocs/backend/index.php(45): CodeIgniter\CodeIgniter->run()
#10 {main}
CRITICAL - 2021-01-15 09:09:08 --> Array and string offset access syntax with curly braces is deprecated
#0 /Applications/MAMP/htdocs/backend/app/ThirdParty/PHPExcel/Autoloader.php(79): CodeIgniter\Debug\Exceptions->errorHandler(8192, 'Array and strin...', '/Applications/M...', 884, Array)
#1 /Applications/MAMP/htdocs/backend/app/ThirdParty/PHPExcel/Autoloader.php(79): require()
#2 [internal function]: PHPExcel_Autoloader::load('PHPExcel_Refere...')
#3 /Applications/MAMP/htdocs/backend/app/ThirdParty/PHPExcel/Reader/Excel2007.php(59): spl_autoload_call('PHPExcel_Refere...')
#4 /Applications/MAMP/htdocs/backend/app/ThirdParty/PHPExcel/IOFactory.php(169): PHPExcel_Reader_Excel2007->__construct()
#5 /Applications/MAMP/htdocs/backend/app/ThirdParty/PHPExcel/IOFactory.php(280): PHPExcel_IOFactory::createReader('Excel2007')
#6 /Applications/MAMP/htdocs/backend/app/ThirdParty/PHPExcel/IOFactory.php(191): PHPExcel_IOFactory::createReaderForFile('/Applications/M...')
#7 /Applications/MAMP/htdocs/backend/app/Controllers/Account/Master/Anggotacontroller.php(85): PHPExcel_IOFactory::load('/Applications/M...')
#8 /Applications/MAMP/htdocs/backend/vendor/codeigniter4/framework/system/CodeIgniter.php(918): App\Controllers\Account\Master\Anggotacontroller->proses()
#9 /Applications/MAMP/htdocs/backend/vendor/codeigniter4/framework/system/CodeIgniter.php(404): CodeIgniter\CodeIgniter->runController(Object(App\Controllers\Account\Master\Anggotacontroller))
#10 /Applications/MAMP/htdocs/backend/vendor/codeigniter4/framework/system/CodeIgniter.php(312): CodeIgniter\CodeIgniter->handleRequest(NULL, Object(Config\Cache), false)
#11 /Applications/MAMP/htdocs/backend/index.php(45): CodeIgniter\CodeIgniter->run()
#12 {main}
CRITICAL - 2021-01-15 09:10:25 --> Array and string offset access syntax with curly braces is deprecated
#0 /Applications/MAMP/htdocs/backend/app/ThirdParty/PHPExcel/Autoloader.php(79): CodeIgniter\Debug\Exceptions->errorHandler(8192, 'Array and strin...', '/Applications/M...', 812, Array)
#1 /Applications/MAMP/htdocs/backend/app/ThirdParty/PHPExcel/Autoloader.php(79): require()
#2 [internal function]: PHPExcel_Autoloader::load('PHPExcel_Cell')
#3 /Applications/MAMP/htdocs/backend/app/ThirdParty/PHPExcel/Reader/Excel2007.php(768): spl_autoload_call('PHPExcel_Cell')
#4 /Applications/MAMP/htdocs/backend/app/ThirdParty/PHPExcel/IOFactory.php(192): PHPExcel_Reader_Excel2007->load('/Applications/M...')
#5 /Applications/MAMP/htdocs/backend/app/Controllers/Account/Master/Anggotacontroller.php(85): PHPExcel_IOFactory::load('/Applications/M...')
#6 /Applications/MAMP/htdocs/backend/vendor/codeigniter4/framework/system/CodeIgniter.php(918): App\Controllers\Account\Master\Anggotacontroller->proses()
#7 /Applications/MAMP/htdocs/backend/vendor/codeigniter4/framework/system/CodeIgniter.php(404): CodeIgniter\CodeIgniter->runController(Object(App\Controllers\Account\Master\Anggotacontroller))
#8 /Applications/MAMP/htdocs/backend/vendor/codeigniter4/framework/system/CodeIgniter.php(312): CodeIgniter\CodeIgniter->handleRequest(NULL, Object(Config\Cache), false)
#9 /Applications/MAMP/htdocs/backend/index.php(45): CodeIgniter\CodeIgniter->run()
#10 {main}
CRITICAL - 2021-01-15 09:11:15 --> Array and string offset access syntax with curly braces is deprecated
#0 /Applications/MAMP/htdocs/backend/app/ThirdParty/PHPExcel/Autoloader.php(79): CodeIgniter\Debug\Exceptions->errorHandler(8192, 'Array and strin...', '/Applications/M...', 817, Array)
#1 /Applications/MAMP/htdocs/backend/app/ThirdParty/PHPExcel/Autoloader.php(79): require()
#2 [internal function]: PHPExcel_Autoloader::load('PHPExcel_Cell')
#3 /Applications/MAMP/htdocs/backend/app/ThirdParty/PHPExcel/Reader/Excel2007.php(768): spl_autoload_call('PHPExcel_Cell')
#4 /Applications/MAMP/htdocs/backend/app/ThirdParty/PHPExcel/IOFactory.php(192): PHPExcel_Reader_Excel2007->load('/Applications/M...')
#5 /Applications/MAMP/htdocs/backend/app/Controllers/Account/Master/Anggotacontroller.php(85): PHPExcel_IOFactory::load('/Applications/M...')
#6 /Applications/MAMP/htdocs/backend/vendor/codeigniter4/framework/system/CodeIgniter.php(918): App\Controllers\Account\Master\Anggotacontroller->proses()
#7 /Applications/MAMP/htdocs/backend/vendor/codeigniter4/framework/system/CodeIgniter.php(404): CodeIgniter\CodeIgniter->runController(Object(App\Controllers\Account\Master\Anggotacontroller))
#8 /Applications/MAMP/htdocs/backend/vendor/codeigniter4/framework/system/CodeIgniter.php(312): CodeIgniter\CodeIgniter->handleRequest(NULL, Object(Config\Cache), false)
#9 /Applications/MAMP/htdocs/backend/index.php(45): CodeIgniter\CodeIgniter->run()
#10 {main}
CRITICAL - 2021-01-15 09:11:48 --> Array and string offset access syntax with curly braces is deprecated
#0 /Applications/MAMP/htdocs/backend/app/ThirdParty/PHPExcel/Autoloader.php(79): CodeIgniter\Debug\Exceptions->errorHandler(8192, 'Array and strin...', '/Applications/M...', 824, Array)
#1 /Applications/MAMP/htdocs/backend/app/ThirdParty/PHPExcel/Autoloader.php(79): require()
#2 [internal function]: PHPExcel_Autoloader::load('PHPExcel_Cell')
#3 /Applications/MAMP/htdocs/backend/app/ThirdParty/PHPExcel/Reader/Excel2007.php(768): spl_autoload_call('PHPExcel_Cell')
#4 /Applications/MAMP/htdocs/backend/app/ThirdParty/PHPExcel/IOFactory.php(192): PHPExcel_Reader_Excel2007->load('/Applications/M...')
#5 /Applications/MAMP/htdocs/backend/app/Controllers/Account/Master/Anggotacontroller.php(85): PHPExcel_IOFactory::load('/Applications/M...')
#6 /Applications/MAMP/htdocs/backend/vendor/codeigniter4/framework/system/CodeIgniter.php(918): App\Controllers\Account\Master\Anggotacontroller->proses()
#7 /Applications/MAMP/htdocs/backend/vendor/codeigniter4/framework/system/CodeIgniter.php(404): CodeIgniter\CodeIgniter->runController(Object(App\Controllers\Account\Master\Anggotacontroller))
#8 /Applications/MAMP/htdocs/backend/vendor/codeigniter4/framework/system/CodeIgniter.php(312): CodeIgniter\CodeIgniter->handleRequest(NULL, Object(Config\Cache), false)
#9 /Applications/MAMP/htdocs/backend/index.php(45): CodeIgniter\CodeIgniter->run()
#10 {main}
CRITICAL - 2021-01-15 09:12:13 --> Array and string offset access syntax with curly braces is deprecated
#0 /Applications/MAMP/htdocs/backend/app/ThirdParty/PHPExcel/Autoloader.php(79): CodeIgniter\Debug\Exceptions->errorHandler(8192, 'Array and strin...', '/Applications/M...', 82, Array)
#1 /Applications/MAMP/htdocs/backend/app/ThirdParty/PHPExcel/Autoloader.php(79): require()
#2 [internal function]: PHPExcel_Autoloader::load('PHPExcel_Cell_D...')
#3 /Applications/MAMP/htdocs/backend/app/ThirdParty/PHPExcel/Cell.php(947): spl_autoload_call('PHPExcel_Cell_D...')
#4 /Applications/MAMP/htdocs/backend/app/ThirdParty/PHPExcel/Cell.php(206): PHPExcel_Cell::getValueBinder()
#5 /Applications/MAMP/htdocs/backend/app/ThirdParty/PHPExcel/Reader/Excel2007.php(913): PHPExcel_Cell->setValue(124)
#6 /Applications/MAMP/htdocs/backend/app/ThirdParty/PHPExcel/IOFactory.php(192): PHPExcel_Reader_Excel2007->load('/Applications/M...')
#7 /Applications/MAMP/htdocs/backend/app/Controllers/Account/Master/Anggotacontroller.php(85): PHPExcel_IOFactory::load('/Applications/M...')
#8 /Applications/MAMP/htdocs/backend/vendor/codeigniter4/framework/system/CodeIgniter.php(918): App\Controllers\Account\Master\Anggotacontroller->proses()
#9 /Applications/MAMP/htdocs/backend/vendor/codeigniter4/framework/system/CodeIgniter.php(404): CodeIgniter\CodeIgniter->runController(Object(App\Controllers\Account\Master\Anggotacontroller))
#10 /Applications/MAMP/htdocs/backend/vendor/codeigniter4/framework/system/CodeIgniter.php(312): CodeIgniter\CodeIgniter->handleRequest(NULL, Object(Config\Cache), false)
#11 /Applications/MAMP/htdocs/backend/index.php(45): CodeIgniter\CodeIgniter->run()
#12 {main}
CRITICAL - 2021-01-15 09:12:55 --> Array and string offset access syntax with curly braces is deprecated
#0 /Applications/MAMP/htdocs/backend/app/ThirdParty/PHPExcel/Autoloader.php(79): CodeIgniter\Debug\Exceptions->errorHandler(8192, 'Array and strin...', '/Applications/M...', 90, Array)
#1 /Applications/MAMP/htdocs/backend/app/ThirdParty/PHPExcel/Autoloader.php(79): require()
#2 [internal function]: PHPExcel_Autoloader::load('PHPExcel_Cell_D...')
#3 /Applications/MAMP/htdocs/backend/app/ThirdParty/PHPExcel/Cell.php(947): spl_autoload_call('PHPExcel_Cell_D...')
#4 /Applications/MAMP/htdocs/backend/app/ThirdParty/PHPExcel/Cell.php(206): PHPExcel_Cell::getValueBinder()
#5 /Applications/MAMP/htdocs/backend/app/ThirdParty/PHPExcel/Reader/Excel2007.php(913): PHPExcel_Cell->setValue(124)
#6 /Applications/MAMP/htdocs/backend/app/ThirdParty/PHPExcel/IOFactory.php(192): PHPExcel_Reader_Excel2007->load('/Applications/M...')
#7 /Applications/MAMP/htdocs/backend/app/Controllers/Account/Master/Anggotacontroller.php(85): PHPExcel_IOFactory::load('/Applications/M...')
#8 /Applications/MAMP/htdocs/backend/vendor/codeigniter4/framework/system/CodeIgniter.php(918): App\Controllers\Account\Master\Anggotacontroller->proses()
#9 /Applications/MAMP/htdocs/backend/vendor/codeigniter4/framework/system/CodeIgniter.php(404): CodeIgniter\CodeIgniter->runController(Object(App\Controllers\Account\Master\Anggotacontroller))
#10 /Applications/MAMP/htdocs/backend/vendor/codeigniter4/framework/system/CodeIgniter.php(312): CodeIgniter\CodeIgniter->handleRequest(NULL, Object(Config\Cache), false)
#11 /Applications/MAMP/htdocs/backend/index.php(45): CodeIgniter\CodeIgniter->run()
#12 {main}
CRITICAL - 2021-01-15 09:13:16 --> Trying to access array offset on value of type int
#0 /Applications/MAMP/htdocs/backend/app/ThirdParty/PHPExcel/Cell/DefaultValueBinder.php(82): CodeIgniter\Debug\Exceptions->errorHandler(8, 'Trying to acces...', '/Applications/M...', 82, Array)
#1 /Applications/MAMP/htdocs/backend/app/ThirdParty/PHPExcel/Cell/DefaultValueBinder.php(61): PHPExcel_Cell_DefaultValueBinder::dataTypeForValue(124)
#2 /Applications/MAMP/htdocs/backend/app/ThirdParty/PHPExcel/Cell.php(206): PHPExcel_Cell_DefaultValueBinder->bindValue(Object(PHPExcel_Cell), 124)
#3 /Applications/MAMP/htdocs/backend/app/ThirdParty/PHPExcel/Reader/Excel2007.php(913): PHPExcel_Cell->setValue(124)
#4 /Applications/MAMP/htdocs/backend/app/ThirdParty/PHPExcel/IOFactory.php(192): PHPExcel_Reader_Excel2007->load('/Applications/M...')
#5 /Applications/MAMP/htdocs/backend/app/Controllers/Account/Master/Anggotacontroller.php(85): PHPExcel_IOFactory::load('/Applications/M...')
#6 /Applications/MAMP/htdocs/backend/vendor/codeigniter4/framework/system/CodeIgniter.php(918): App\Controllers\Account\Master\Anggotacontroller->proses()
#7 /Applications/MAMP/htdocs/backend/vendor/codeigniter4/framework/system/CodeIgniter.php(404): CodeIgniter\CodeIgniter->runController(Object(App\Controllers\Account\Master\Anggotacontroller))
#8 /Applications/MAMP/htdocs/backend/vendor/codeigniter4/framework/system/CodeIgniter.php(312): CodeIgniter\CodeIgniter->handleRequest(NULL, Object(Config\Cache), false)
#9 /Applications/MAMP/htdocs/backend/index.php(45): CodeIgniter\CodeIgniter->run()
#10 {main}
CRITICAL - 2021-01-15 09:14:31 --> Array and string offset access syntax with curly braces is deprecated
#0 /Applications/MAMP/htdocs/backend/app/ThirdParty/PHPExcel/Autoloader.php(79): CodeIgniter\Debug\Exceptions->errorHandler(8192, 'Array and strin...', '/Applications/M...', 82, Array)
#1 /Applications/MAMP/htdocs/backend/app/ThirdParty/PHPExcel/Autoloader.php(79): require()
#2 [internal function]: PHPExcel_Autoloader::load('PHPExcel_Cell_D...')
#3 /Applications/MAMP/htdocs/backend/app/ThirdParty/PHPExcel/Cell.php(947): spl_autoload_call('PHPExcel_Cell_D...')
#4 /Applications/MAMP/htdocs/backend/app/ThirdParty/PHPExcel/Cell.php(206): PHPExcel_Cell::getValueBinder()
#5 /Applications/MAMP/htdocs/backend/app/ThirdParty/PHPExcel/Reader/Excel2007.php(913): PHPExcel_Cell->setValue(124)
#6 /Applications/MAMP/htdocs/backend/app/ThirdParty/PHPExcel/IOFactory.php(192): PHPExcel_Reader_Excel2007->load('/Applications/M...')
#7 /Applications/MAMP/htdocs/backend/app/Controllers/Account/Master/Anggotacontroller.php(85): PHPExcel_IOFactory::load('/Applications/M...')
#8 /Applications/MAMP/htdocs/backend/vendor/codeigniter4/framework/system/CodeIgniter.php(918): App\Controllers\Account\Master\Anggotacontroller->proses()
#9 /Applications/MAMP/htdocs/backend/vendor/codeigniter4/framework/system/CodeIgniter.php(404): CodeIgniter\CodeIgniter->runController(Object(App\Controllers\Account\Master\Anggotacontroller))
#10 /Applications/MAMP/htdocs/backend/vendor/codeigniter4/framework/system/CodeIgniter.php(312): CodeIgniter\CodeIgniter->handleRequest(NULL, Object(Config\Cache), false)
#11 /Applications/MAMP/htdocs/backend/index.php(45): CodeIgniter\CodeIgniter->run()
#12 {main}
CRITICAL - 2021-01-15 09:49:26 --> Class 'PhpOffice\PhpSpreadsheet\Reader\xlsx' not found
#0 /Applications/MAMP/htdocs/backend/vendor/codeigniter4/framework/system/CodeIgniter.php(918): App\Controllers\Account\Master\Anggotacontroller->proses()
#1 /Applications/MAMP/htdocs/backend/vendor/codeigniter4/framework/system/CodeIgniter.php(404): CodeIgniter\CodeIgniter->runController(Object(App\Controllers\Account\Master\Anggotacontroller))
#2 /Applications/MAMP/htdocs/backend/vendor/codeigniter4/framework/system/CodeIgniter.php(312): CodeIgniter\CodeIgniter->handleRequest(NULL, Object(Config\Cache), false)
#3 /Applications/MAMP/htdocs/backend/index.php(45): CodeIgniter\CodeIgniter->run()
#4 {main}
CRITICAL - 2021-01-15 09:56:49 --> Class 'PhpOffice\PhpSpreadsheet\Reader\xlsx' not found
#0 /Applications/MAMP/htdocs/backend/vendor/codeigniter4/framework/system/CodeIgniter.php(918): App\Controllers\Account\Master\Anggotacontroller->proses()
#1 /Applications/MAMP/htdocs/backend/vendor/codeigniter4/framework/system/CodeIgniter.php(404): CodeIgniter\CodeIgniter->runController(Object(App\Controllers\Account\Master\Anggotacontroller))
#2 /Applications/MAMP/htdocs/backend/vendor/codeigniter4/framework/system/CodeIgniter.php(312): CodeIgniter\CodeIgniter->handleRequest(NULL, Object(Config\Cache), false)
#3 /Applications/MAMP/htdocs/backend/index.php(45): CodeIgniter\CodeIgniter->run()
#4 {main}
CRITICAL - 2021-01-15 10:02:39 --> Class 'PhpOffice\PhpSpreadsheet\Reader\xlsx' not found
#0 /Applications/MAMP/htdocs/backend/vendor/codeigniter4/framework/system/CodeIgniter.php(918): App\Controllers\Account\Master\Anggotacontroller->proses()
#1 /Applications/MAMP/htdocs/backend/vendor/codeigniter4/framework/system/CodeIgniter.php(404): CodeIgniter\CodeIgniter->runController(Object(App\Controllers\Account\Master\Anggotacontroller))
#2 /Applications/MAMP/htdocs/backend/vendor/codeigniter4/framework/system/CodeIgniter.php(312): CodeIgniter\CodeIgniter->handleRequest(NULL, Object(Config\Cache), false)
#3 /Applications/MAMP/htdocs/backend/index.php(45): CodeIgniter\CodeIgniter->run()
#4 {main}
