CRITICAL - 2021-06-28 09:49:08 --> Undefined variable: session
#0 C:\xampp\htdocs\sipspp\app\Views\components\sidenav_admin.php(30): CodeIgniter\Debug\Exceptions->errorHandler(8, 'Undefined varia...', 'C:\\xampp\\htdocs...', 30, Array)
#1 C:\xampp\htdocs\sipspp\vendor\codeigniter4\framework\system\View\View.php(246): include('C:\\xampp\\htdocs...')
#2 C:\xampp\htdocs\sipspp\vendor\codeigniter4\framework\system\View\View.php(525): CodeIgniter\View\View->render('components/side...', NULL, true)
#3 C:\xampp\htdocs\sipspp\app\Views\components\template_admin.php(66): CodeIgniter\View\View->include('components/side...')
#4 C:\xampp\htdocs\sipspp\vendor\codeigniter4\framework\system\View\View.php(246): include('C:\\xampp\\htdocs...')
#5 C:\xampp\htdocs\sipspp\vendor\codeigniter4\framework\system\View\View.php(257): CodeIgniter\View\View->render('components/temp...', Array, true)
#6 C:\xampp\htdocs\sipspp\vendor\codeigniter4\framework\system\Common.php(1119): CodeIgniter\View\View->render('datatunggakan/v...', Array, true)
#7 C:\xampp\htdocs\sipspp\app\Controllers\Tunggakancontroller.php(48): view('datatunggakan/v...', Array)
#8 C:\xampp\htdocs\sipspp\vendor\codeigniter4\framework\system\CodeIgniter.php(918): App\Controllers\Tunggakancontroller->index()
#9 C:\xampp\htdocs\sipspp\vendor\codeigniter4\framework\system\CodeIgniter.php(404): CodeIgniter\CodeIgniter->runController(Object(App\Controllers\Tunggakancontroller))
#10 C:\xampp\htdocs\sipspp\vendor\codeigniter4\framework\system\CodeIgniter.php(312): CodeIgniter\CodeIgniter->handleRequest(NULL, Object(Config\Cache), false)
#11 C:\xampp\htdocs\sipspp\index.php(45): CodeIgniter\CodeIgniter->run()
#12 {main}
CRITICAL - 2021-06-28 09:58:47 --> syntax error, unexpected 'endforeach' (T_ENDFOREACH)
#0 C:\xampp\htdocs\sipspp\vendor\codeigniter4\framework\system\View\View.php(525): CodeIgniter\View\View->render('components/side...', NULL, true)
#1 C:\xampp\htdocs\sipspp\app\Views\components\template_admin.php(66): CodeIgniter\View\View->include('components/side...')
#2 C:\xampp\htdocs\sipspp\vendor\codeigniter4\framework\system\View\View.php(246): include('C:\\xampp\\htdocs...')
#3 C:\xampp\htdocs\sipspp\vendor\codeigniter4\framework\system\View\View.php(257): CodeIgniter\View\View->render('components/temp...', Array, true)
#4 C:\xampp\htdocs\sipspp\vendor\codeigniter4\framework\system\Common.php(1119): CodeIgniter\View\View->render('view_dashboard', Array, true)
#5 C:\xampp\htdocs\sipspp\app\Controllers\Dashboard.php(41): view('view_dashboard', Array)
#6 C:\xampp\htdocs\sipspp\vendor\codeigniter4\framework\system\CodeIgniter.php(918): App\Controllers\Dashboard->index()
#7 C:\xampp\htdocs\sipspp\vendor\codeigniter4\framework\system\CodeIgniter.php(404): CodeIgniter\CodeIgniter->runController(Object(App\Controllers\Dashboard))
#8 C:\xampp\htdocs\sipspp\vendor\codeigniter4\framework\system\CodeIgniter.php(312): CodeIgniter\CodeIgniter->handleRequest(NULL, Object(Config\Cache), false)
#9 C:\xampp\htdocs\sipspp\index.php(45): CodeIgniter\CodeIgniter->run()
#10 {main}
