CRITICAL - 2021-06-18 07:09:29 --> syntax error, unexpected ','
#0 /Applications/MAMP/htdocs/sipspp/vendor/codeigniter4/framework/system/Autoloader/Autoloader.php(296): CodeIgniter\Autoloader\Autoloader->requireFile('/Applications/M...')
#1 /Applications/MAMP/htdocs/sipspp/vendor/codeigniter4/framework/system/Autoloader/Autoloader.php(258): CodeIgniter\Autoloader\Autoloader->loadInNamespace('App\\Controllers...')
#2 [internal function]: CodeIgniter\Autoloader\Autoloader->loadClass('App\\Controllers...')
#3 [internal function]: spl_autoload_call('App\\Controllers...')
#4 /Applications/MAMP/htdocs/sipspp/vendor/codeigniter4/framework/system/CodeIgniter.php(869): class_exists('\\App\\Controller...', true)
#5 /Applications/MAMP/htdocs/sipspp/vendor/codeigniter4/framework/system/CodeIgniter.php(394): CodeIgniter\CodeIgniter->startController()
#6 /Applications/MAMP/htdocs/sipspp/vendor/codeigniter4/framework/system/CodeIgniter.php(312): CodeIgniter\CodeIgniter->handleRequest(NULL, Object(Config\Cache), false)
#7 /Applications/MAMP/htdocs/sipspp/index.php(45): CodeIgniter\CodeIgniter->run()
#8 {main}
CRITICAL - 2021-06-18 07:09:31 --> syntax error, unexpected ','
#0 /Applications/MAMP/htdocs/sipspp/vendor/codeigniter4/framework/system/Autoloader/Autoloader.php(296): CodeIgniter\Autoloader\Autoloader->requireFile('/Applications/M...')
#1 /Applications/MAMP/htdocs/sipspp/vendor/codeigniter4/framework/system/Autoloader/Autoloader.php(258): CodeIgniter\Autoloader\Autoloader->loadInNamespace('App\\Controllers...')
#2 [internal function]: CodeIgniter\Autoloader\Autoloader->loadClass('App\\Controllers...')
#3 [internal function]: spl_autoload_call('App\\Controllers...')
#4 /Applications/MAMP/htdocs/sipspp/vendor/codeigniter4/framework/system/CodeIgniter.php(869): class_exists('\\App\\Controller...', true)
#5 /Applications/MAMP/htdocs/sipspp/vendor/codeigniter4/framework/system/CodeIgniter.php(394): CodeIgniter\CodeIgniter->startController()
#6 /Applications/MAMP/htdocs/sipspp/vendor/codeigniter4/framework/system/CodeIgniter.php(312): CodeIgniter\CodeIgniter->handleRequest(NULL, Object(Config\Cache), false)
#7 /Applications/MAMP/htdocs/sipspp/index.php(45): CodeIgniter\CodeIgniter->run()
#8 {main}
CRITICAL - 2021-06-18 07:10:05 --> syntax error, unexpected ','
#0 /Applications/MAMP/htdocs/sipspp/vendor/codeigniter4/framework/system/Autoloader/Autoloader.php(296): CodeIgniter\Autoloader\Autoloader->requireFile('/Applications/M...')
#1 /Applications/MAMP/htdocs/sipspp/vendor/codeigniter4/framework/system/Autoloader/Autoloader.php(258): CodeIgniter\Autoloader\Autoloader->loadInNamespace('App\\Controllers...')
#2 [internal function]: CodeIgniter\Autoloader\Autoloader->loadClass('App\\Controllers...')
#3 [internal function]: spl_autoload_call('App\\Controllers...')
#4 /Applications/MAMP/htdocs/sipspp/vendor/codeigniter4/framework/system/CodeIgniter.php(869): class_exists('\\App\\Controller...', true)
#5 /Applications/MAMP/htdocs/sipspp/vendor/codeigniter4/framework/system/CodeIgniter.php(394): CodeIgniter\CodeIgniter->startController()
#6 /Applications/MAMP/htdocs/sipspp/vendor/codeigniter4/framework/system/CodeIgniter.php(312): CodeIgniter\CodeIgniter->handleRequest(NULL, Object(Config\Cache), false)
#7 /Applications/MAMP/htdocs/sipspp/index.php(45): CodeIgniter\CodeIgniter->run()
#8 {main}
CRITICAL - 2021-06-18 07:28:35 --> syntax error, unexpected ''result'' (T_CONSTANT_ENCAPSED_STRING), expecting ']'
#0 /Applications/MAMP/htdocs/sipspp/vendor/codeigniter4/framework/system/Autoloader/Autoloader.php(296): CodeIgniter\Autoloader\Autoloader->requireFile('/Applications/M...')
#1 /Applications/MAMP/htdocs/sipspp/vendor/codeigniter4/framework/system/Autoloader/Autoloader.php(258): CodeIgniter\Autoloader\Autoloader->loadInNamespace('App\\Controllers...')
#2 [internal function]: CodeIgniter\Autoloader\Autoloader->loadClass('App\\Controllers...')
#3 [internal function]: spl_autoload_call('App\\Controllers...')
#4 /Applications/MAMP/htdocs/sipspp/vendor/codeigniter4/framework/system/CodeIgniter.php(869): class_exists('\\App\\Controller...', true)
#5 /Applications/MAMP/htdocs/sipspp/vendor/codeigniter4/framework/system/CodeIgniter.php(394): CodeIgniter\CodeIgniter->startController()
#6 /Applications/MAMP/htdocs/sipspp/vendor/codeigniter4/framework/system/CodeIgniter.php(312): CodeIgniter\CodeIgniter->handleRequest(NULL, Object(Config\Cache), false)
#7 /Applications/MAMP/htdocs/sipspp/index.php(45): CodeIgniter\CodeIgniter->run()
#8 {main}
CRITICAL - 2021-06-18 19:30:13 --> file_get_contents(https://api.chat-api.com/instance289162/message?token=c9nnra1zixgcow81): failed to open stream: HTTP request failed!
#0 [internal function]: CodeIgniter\Debug\Exceptions->errorHandler(2, 'file_get_conten...', '/Applications/M...', 516, Array)
#1 /Applications/MAMP/htdocs/sipspp/app/Controllers/Pembayarancontroller.php(516): file_get_contents('https://api.cha...', false, Resource id #198)
#2 /Applications/MAMP/htdocs/sipspp/app/Controllers/Pembayarancontroller.php(396): App\Controllers\Pembayarancontroller->sentWA('+6285210785608', 'Pembayaran SPP ...')
#3 /Applications/MAMP/htdocs/sipspp/vendor/codeigniter4/framework/system/CodeIgniter.php(918): App\Controllers\Pembayarancontroller->antriansms()
#4 /Applications/MAMP/htdocs/sipspp/vendor/codeigniter4/framework/system/CodeIgniter.php(404): CodeIgniter\CodeIgniter->runController(Object(App\Controllers\Pembayarancontroller))
#5 /Applications/MAMP/htdocs/sipspp/vendor/codeigniter4/framework/system/CodeIgniter.php(312): CodeIgniter\CodeIgniter->handleRequest(NULL, Object(Config\Cache), false)
#6 /Applications/MAMP/htdocs/sipspp/index.php(45): CodeIgniter\CodeIgniter->run()
#7 {main}
CRITICAL - 2021-06-18 19:30:13 --> Uncaught CodeIgniter\Format\Exceptions\FormatException: Failed to parse json string, error: "Type is not supported". in /Applications/MAMP/htdocs/sipspp/vendor/codeigniter4/framework/system/Format/Exceptions/FormatException.php:9
Stack trace:
#0 /Applications/MAMP/htdocs/sipspp/vendor/codeigniter4/framework/system/Format/JSONFormatter.php(71): CodeIgniter\Format\Exceptions\FormatException::forInvalidJSON('Type is not sup...')
#1 /Applications/MAMP/htdocs/sipspp/vendor/codeigniter4/framework/system/API/ResponseTrait.php(414): CodeIgniter\Format\JSONFormatter->format(Array)
#2 /Applications/MAMP/htdocs/sipspp/vendor/codeigniter4/framework/system/API/ResponseTrait.php(134): CodeIgniter\Debug\Exceptions->format(Array)
#3 /Applications/MAMP/htdocs/sipspp/vendor/codeigniter4/framework/system/Debug/Exceptions.php(168): CodeIgniter\Debug\Exceptions->respond(Array, 500)
#4 [internal function]: CodeIgniter\Debug\Exceptions->exceptionHandler(Object(ErrorException))
#5 {main}
  thrown
#0 [internal function]: CodeIgniter\Debug\Exceptions->shutdownHandler()
#1 {main}
CRITICAL - 2021-06-18 19:36:30 --> Too few arguments to function App\Controllers\Pembayarancontroller::sentWA(), 0 passed in /Applications/MAMP/htdocs/sipspp/vendor/codeigniter4/framework/system/CodeIgniter.php on line 918 and exactly 2 expected
#0 /Applications/MAMP/htdocs/sipspp/vendor/codeigniter4/framework/system/CodeIgniter.php(918): App\Controllers\Pembayarancontroller->sentWA()
#1 /Applications/MAMP/htdocs/sipspp/vendor/codeigniter4/framework/system/CodeIgniter.php(404): CodeIgniter\CodeIgniter->runController(Object(App\Controllers\Pembayarancontroller))
#2 /Applications/MAMP/htdocs/sipspp/vendor/codeigniter4/framework/system/CodeIgniter.php(312): CodeIgniter\CodeIgniter->handleRequest(NULL, Object(Config\Cache), false)
#3 /Applications/MAMP/htdocs/sipspp/index.php(45): CodeIgniter\CodeIgniter->run()
#4 {main}
CRITICAL - 2021-06-18 19:37:47 --> file_get_contents(https://api.chat-api.com/instance289162/message?token=c9nnra1zixgcow81): failed to open stream: HTTP request failed!
#0 [internal function]: CodeIgniter\Debug\Exceptions->errorHandler(2, 'file_get_conten...', '/Applications/M...', 518, Array)
#1 /Applications/MAMP/htdocs/sipspp/app/Controllers/Pembayarancontroller.php(518): file_get_contents('https://api.cha...', false, Resource id #179)
#2 /Applications/MAMP/htdocs/sipspp/vendor/codeigniter4/framework/system/CodeIgniter.php(918): App\Controllers\Pembayarancontroller->sentWA()
#3 /Applications/MAMP/htdocs/sipspp/vendor/codeigniter4/framework/system/CodeIgniter.php(404): CodeIgniter\CodeIgniter->runController(Object(App\Controllers\Pembayarancontroller))
#4 /Applications/MAMP/htdocs/sipspp/vendor/codeigniter4/framework/system/CodeIgniter.php(312): CodeIgniter\CodeIgniter->handleRequest(NULL, Object(Config\Cache), false)
#5 /Applications/MAMP/htdocs/sipspp/index.php(45): CodeIgniter\CodeIgniter->run()
#6 {main}
CRITICAL - 2021-06-18 20:16:24 --> Undefined variable: mobNumber
#0 /Applications/MAMP/htdocs/sipspp/app/Controllers/Pembayarancontroller.php(508): CodeIgniter\Debug\Exceptions->errorHandler(8, 'Undefined varia...', '/Applications/M...', 508, Array)
#1 /Applications/MAMP/htdocs/sipspp/vendor/codeigniter4/framework/system/CodeIgniter.php(918): App\Controllers\Pembayarancontroller->sentWA()
#2 /Applications/MAMP/htdocs/sipspp/vendor/codeigniter4/framework/system/CodeIgniter.php(404): CodeIgniter\CodeIgniter->runController(Object(App\Controllers\Pembayarancontroller))
#3 /Applications/MAMP/htdocs/sipspp/vendor/codeigniter4/framework/system/CodeIgniter.php(312): CodeIgniter\CodeIgniter->handleRequest(NULL, Object(Config\Cache), false)
#4 /Applications/MAMP/htdocs/sipspp/index.php(45): CodeIgniter\CodeIgniter->run()
#5 {main}
