CRITICAL - 2021-05-21 08:44:25 --> Unable to connect to the database.
#0 C:\xampp\htdocs\sipspp\vendor\codeigniter4\framework\system\Database\BaseConnection.php(646): CodeIgniter\Database\BaseConnection->initialize()
#1 C:\xampp\htdocs\sipspp\vendor\codeigniter4\framework\system\Database\BaseBuilder.php(1860): CodeIgniter\Database\BaseConnection->query('SELECT *\nFROM `...', Array, false)
#2 C:\xampp\htdocs\sipspp\vendor\codeigniter4\framework\system\Model.php(404): CodeIgniter\Database\BaseBuilder->get()
#3 C:\xampp\htdocs\sipspp\app\Models\LoginModel.php(11): CodeIgniter\Model->find()
#4 C:\xampp\htdocs\sipspp\app\Controllers\Login.php(65): App\Models\LoginModel->login('suparta')
#5 C:\xampp\htdocs\sipspp\vendor\codeigniter4\framework\system\CodeIgniter.php(918): App\Controllers\Login->auth()
#6 C:\xampp\htdocs\sipspp\vendor\codeigniter4\framework\system\CodeIgniter.php(404): CodeIgniter\CodeIgniter->runController(Object(App\Controllers\Login))
#7 C:\xampp\htdocs\sipspp\vendor\codeigniter4\framework\system\CodeIgniter.php(312): CodeIgniter\CodeIgniter->handleRequest(NULL, Object(Config\Cache), false)
#8 C:\xampp\htdocs\sipspp\index.php(45): CodeIgniter\CodeIgniter->run()
#9 {main}
CRITICAL - 2021-05-21 08:46:38 --> Undefined variable: submenu
#0 C:\xampp\htdocs\sipspp\app\Views\components\sidenav_admin.php(40): CodeIgniter\Debug\Exceptions->errorHandler(8, 'Undefined varia...', 'C:\\xampp\\htdocs...', 40, Array)
#1 C:\xampp\htdocs\sipspp\vendor\codeigniter4\framework\system\View\View.php(246): include('C:\\xampp\\htdocs...')
#2 C:\xampp\htdocs\sipspp\vendor\codeigniter4\framework\system\View\View.php(525): CodeIgniter\View\View->render('components/side...', NULL, true)
#3 C:\xampp\htdocs\sipspp\app\Views\components\template_admin.php(66): CodeIgniter\View\View->include('components/side...')
#4 C:\xampp\htdocs\sipspp\vendor\codeigniter4\framework\system\View\View.php(246): include('C:\\xampp\\htdocs...')
#5 C:\xampp\htdocs\sipspp\vendor\codeigniter4\framework\system\View\View.php(257): CodeIgniter\View\View->render('components/temp...', Array, true)
#6 C:\xampp\htdocs\sipspp\vendor\codeigniter4\framework\system\Common.php(1119): CodeIgniter\View\View->render('datapembayaran/...', Array, true)
#7 C:\xampp\htdocs\sipspp\app\Controllers\Pembayarancontroller.php(27): view('datapembayaran/...', Array)
#8 C:\xampp\htdocs\sipspp\vendor\codeigniter4\framework\system\CodeIgniter.php(918): App\Controllers\Pembayarancontroller->index()
#9 C:\xampp\htdocs\sipspp\vendor\codeigniter4\framework\system\CodeIgniter.php(404): CodeIgniter\CodeIgniter->runController(Object(App\Controllers\Pembayarancontroller))
#10 C:\xampp\htdocs\sipspp\vendor\codeigniter4\framework\system\CodeIgniter.php(312): CodeIgniter\CodeIgniter->handleRequest(NULL, Object(Config\Cache), false)
#11 C:\xampp\htdocs\sipspp\index.php(45): CodeIgniter\CodeIgniter->run()
#12 {main}
CRITICAL - 2021-05-21 08:46:50 --> Undefined variable: submenu
#0 C:\xampp\htdocs\sipspp\app\Views\components\sidenav_admin.php(40): CodeIgniter\Debug\Exceptions->errorHandler(8, 'Undefined varia...', 'C:\\xampp\\htdocs...', 40, Array)
#1 C:\xampp\htdocs\sipspp\vendor\codeigniter4\framework\system\View\View.php(246): include('C:\\xampp\\htdocs...')
#2 C:\xampp\htdocs\sipspp\vendor\codeigniter4\framework\system\View\View.php(525): CodeIgniter\View\View->render('components/side...', NULL, true)
#3 C:\xampp\htdocs\sipspp\app\Views\components\template_admin.php(66): CodeIgniter\View\View->include('components/side...')
#4 C:\xampp\htdocs\sipspp\vendor\codeigniter4\framework\system\View\View.php(246): include('C:\\xampp\\htdocs...')
#5 C:\xampp\htdocs\sipspp\vendor\codeigniter4\framework\system\View\View.php(257): CodeIgniter\View\View->render('components/temp...', Array, true)
#6 C:\xampp\htdocs\sipspp\vendor\codeigniter4\framework\system\Common.php(1119): CodeIgniter\View\View->render('datasiswa/view_...', Array, true)
#7 C:\xampp\htdocs\sipspp\app\Controllers\Siswacontroller.php(35): view('datasiswa/view_...', Array)
#8 C:\xampp\htdocs\sipspp\vendor\codeigniter4\framework\system\CodeIgniter.php(918): App\Controllers\Siswacontroller->index()
#9 C:\xampp\htdocs\sipspp\vendor\codeigniter4\framework\system\CodeIgniter.php(404): CodeIgniter\CodeIgniter->runController(Object(App\Controllers\Siswacontroller))
#10 C:\xampp\htdocs\sipspp\vendor\codeigniter4\framework\system\CodeIgniter.php(312): CodeIgniter\CodeIgniter->handleRequest(NULL, Object(Config\Cache), false)
#11 C:\xampp\htdocs\sipspp\index.php(45): CodeIgniter\CodeIgniter->run()
#12 {main}
CRITICAL - 2021-05-21 08:46:52 --> Undefined variable: submenu
#0 C:\xampp\htdocs\sipspp\app\Views\components\sidenav_admin.php(40): CodeIgniter\Debug\Exceptions->errorHandler(8, 'Undefined varia...', 'C:\\xampp\\htdocs...', 40, Array)
#1 C:\xampp\htdocs\sipspp\vendor\codeigniter4\framework\system\View\View.php(246): include('C:\\xampp\\htdocs...')
#2 C:\xampp\htdocs\sipspp\vendor\codeigniter4\framework\system\View\View.php(525): CodeIgniter\View\View->render('components/side...', NULL, true)
#3 C:\xampp\htdocs\sipspp\app\Views\components\template_admin.php(66): CodeIgniter\View\View->include('components/side...')
#4 C:\xampp\htdocs\sipspp\vendor\codeigniter4\framework\system\View\View.php(246): include('C:\\xampp\\htdocs...')
#5 C:\xampp\htdocs\sipspp\vendor\codeigniter4\framework\system\View\View.php(257): CodeIgniter\View\View->render('components/temp...', Array, true)
#6 C:\xampp\htdocs\sipspp\vendor\codeigniter4\framework\system\Common.php(1119): CodeIgniter\View\View->render('datalaporan/vie...', Array, true)
#7 C:\xampp\htdocs\sipspp\app\Controllers\Laporancontroller.php(37): view('datalaporan/vie...', Array)
#8 C:\xampp\htdocs\sipspp\vendor\codeigniter4\framework\system\CodeIgniter.php(918): App\Controllers\Laporancontroller->index()
#9 C:\xampp\htdocs\sipspp\vendor\codeigniter4\framework\system\CodeIgniter.php(404): CodeIgniter\CodeIgniter->runController(Object(App\Controllers\Laporancontroller))
#10 C:\xampp\htdocs\sipspp\vendor\codeigniter4\framework\system\CodeIgniter.php(312): CodeIgniter\CodeIgniter->handleRequest(NULL, Object(Config\Cache), false)
#11 C:\xampp\htdocs\sipspp\index.php(45): CodeIgniter\CodeIgniter->run()
#12 {main}
CRITICAL - 2021-05-21 08:55:44 --> Column 'nis' in order clause is ambiguous
#0 C:\xampp\htdocs\sipspp\vendor\codeigniter4\framework\system\Database\MySQLi\Connection.php(331): mysqli->query('SELECT *, `tb_s...')
#1 C:\xampp\htdocs\sipspp\vendor\codeigniter4\framework\system\Database\BaseConnection.php(741): CodeIgniter\Database\MySQLi\Connection->execute('SELECT *, `tb_s...')
#2 C:\xampp\htdocs\sipspp\vendor\codeigniter4\framework\system\Database\BaseConnection.php(669): CodeIgniter\Database\BaseConnection->simpleQuery('SELECT *, `tb_s...')
#3 C:\xampp\htdocs\sipspp\vendor\codeigniter4\framework\system\Database\BaseBuilder.php(1860): CodeIgniter\Database\BaseConnection->query('SELECT *, `tb_s...', Array, false)
#4 C:\xampp\htdocs\sipspp\app\Models\LaporanModel.php(86): CodeIgniter\Database\BaseBuilder->get()
#5 C:\xampp\htdocs\sipspp\app\Controllers\Laporancontroller.php(62): App\Models\LaporanModel->get_datatables()
#6 C:\xampp\htdocs\sipspp\vendor\codeigniter4\framework\system\CodeIgniter.php(918): App\Controllers\Laporancontroller->ajax_list()
#7 C:\xampp\htdocs\sipspp\vendor\codeigniter4\framework\system\CodeIgniter.php(404): CodeIgniter\CodeIgniter->runController(Object(App\Controllers\Laporancontroller))
#8 C:\xampp\htdocs\sipspp\vendor\codeigniter4\framework\system\CodeIgniter.php(312): CodeIgniter\CodeIgniter->handleRequest(NULL, Object(Config\Cache), false)
#9 C:\xampp\htdocs\sipspp\index.php(45): CodeIgniter\CodeIgniter->run()
#10 {main}
CRITICAL - 2021-05-21 08:58:05 --> Column 'nis' in order clause is ambiguous
#0 C:\xampp\htdocs\sipspp\vendor\codeigniter4\framework\system\Database\MySQLi\Connection.php(331): mysqli->query('SELECT *, `tb_s...')
#1 C:\xampp\htdocs\sipspp\vendor\codeigniter4\framework\system\Database\BaseConnection.php(741): CodeIgniter\Database\MySQLi\Connection->execute('SELECT *, `tb_s...')
#2 C:\xampp\htdocs\sipspp\vendor\codeigniter4\framework\system\Database\BaseConnection.php(669): CodeIgniter\Database\BaseConnection->simpleQuery('SELECT *, `tb_s...')
#3 C:\xampp\htdocs\sipspp\vendor\codeigniter4\framework\system\Database\BaseBuilder.php(1860): CodeIgniter\Database\BaseConnection->query('SELECT *, `tb_s...', Array, false)
#4 C:\xampp\htdocs\sipspp\app\Models\PembayaranModel.php(106): CodeIgniter\Database\BaseBuilder->get()
#5 C:\xampp\htdocs\sipspp\app\Controllers\Pembayarancontroller.php(46): App\Models\PembayaranModel->get_datatables()
#6 C:\xampp\htdocs\sipspp\vendor\codeigniter4\framework\system\CodeIgniter.php(918): App\Controllers\Pembayarancontroller->ajax_list()
#7 C:\xampp\htdocs\sipspp\vendor\codeigniter4\framework\system\CodeIgniter.php(404): CodeIgniter\CodeIgniter->runController(Object(App\Controllers\Pembayarancontroller))
#8 C:\xampp\htdocs\sipspp\vendor\codeigniter4\framework\system\CodeIgniter.php(312): CodeIgniter\CodeIgniter->handleRequest(NULL, Object(Config\Cache), false)
#9 C:\xampp\htdocs\sipspp\index.php(45): CodeIgniter\CodeIgniter->run()
#10 {main}
