CRITICAL - 2021-05-12 08:17:56 --> Unable to connect to the database.
#0 /Applications/MAMP/htdocs/sipspp/vendor/codeigniter4/framework/system/Database/BaseConnection.php(646): CodeIgniter\Database\BaseConnection->initialize()
#1 /Applications/MAMP/htdocs/sipspp/vendor/codeigniter4/framework/system/Database/BaseBuilder.php(1860): CodeIgniter\Database\BaseConnection->query('SELECT *\nFROM `...', Array, false)
#2 /Applications/MAMP/htdocs/sipspp/vendor/codeigniter4/framework/system/Model.php(404): CodeIgniter\Database\BaseBuilder->get()
#3 /Applications/MAMP/htdocs/sipspp/app/Models/LoginModel.php(11): CodeIgniter\Model->find()
#4 /Applications/MAMP/htdocs/sipspp/app/Controllers/Login.php(65): App\Models\LoginModel->login('solehfudin@trl....')
#5 /Applications/MAMP/htdocs/sipspp/vendor/codeigniter4/framework/system/CodeIgniter.php(918): App\Controllers\Login->auth()
#6 /Applications/MAMP/htdocs/sipspp/vendor/codeigniter4/framework/system/CodeIgniter.php(404): CodeIgniter\CodeIgniter->runController(Object(App\Controllers\Login))
#7 /Applications/MAMP/htdocs/sipspp/vendor/codeigniter4/framework/system/CodeIgniter.php(312): CodeIgniter\CodeIgniter->handleRequest(NULL, Object(Config\Cache), false)
#8 /Applications/MAMP/htdocs/sipspp/index.php(45): CodeIgniter\CodeIgniter->run()
#9 {main}
CRITICAL - 2021-05-12 08:27:41 --> Undefined variable: session
#0 /Applications/MAMP/htdocs/sipspp/app/Views/view_profile.php(42): CodeIgniter\Debug\Exceptions->errorHandler(8, 'Undefined varia...', '/Applications/M...', 42, Array)
#1 /Applications/MAMP/htdocs/sipspp/vendor/codeigniter4/framework/system/View/View.php(246): include('/Applications/M...')
#2 /Applications/MAMP/htdocs/sipspp/vendor/codeigniter4/framework/system/Common.php(1119): CodeIgniter\View\View->render('view_profile', Array, true)
#3 /Applications/MAMP/htdocs/sipspp/app/Controllers/Profilecontroller.php(30): view('view_profile', Array)
#4 /Applications/MAMP/htdocs/sipspp/vendor/codeigniter4/framework/system/CodeIgniter.php(918): App\Controllers\Profilecontroller->index()
#5 /Applications/MAMP/htdocs/sipspp/vendor/codeigniter4/framework/system/CodeIgniter.php(404): CodeIgniter\CodeIgniter->runController(Object(App\Controllers\Profilecontroller))
#6 /Applications/MAMP/htdocs/sipspp/vendor/codeigniter4/framework/system/CodeIgniter.php(312): CodeIgniter\CodeIgniter->handleRequest(NULL, Object(Config\Cache), false)
#7 /Applications/MAMP/htdocs/sipspp/index.php(45): CodeIgniter\CodeIgniter->run()
#8 {main}
CRITICAL - 2021-05-12 09:17:13 --> Class 'App\Controllers\LoginModel' not found
#0 /Applications/MAMP/htdocs/sipspp/vendor/codeigniter4/framework/system/CodeIgniter.php(918): App\Controllers\Profilecontroller->perbaruidata()
#1 /Applications/MAMP/htdocs/sipspp/vendor/codeigniter4/framework/system/CodeIgniter.php(404): CodeIgniter\CodeIgniter->runController(Object(App\Controllers\Profilecontroller))
#2 /Applications/MAMP/htdocs/sipspp/vendor/codeigniter4/framework/system/CodeIgniter.php(312): CodeIgniter\CodeIgniter->handleRequest(NULL, Object(Config\Cache), false)
#3 /Applications/MAMP/htdocs/sipspp/index.php(45): CodeIgniter\CodeIgniter->run()
#4 {main}
CRITICAL - 2021-05-12 09:18:03 --> Argument 1 passed to CodeIgniter\Model::__construct() must implement interface CodeIgniter\Database\ConnectionInterface or be null, object given, called in /Applications/MAMP/htdocs/sipspp/app/Controllers/Profilecontroller.php on line 126
#0 /Applications/MAMP/htdocs/sipspp/app/Controllers/Profilecontroller.php(126): CodeIgniter\Model->__construct(Object(CodeIgniter\HTTP\IncomingRequest))
#1 /Applications/MAMP/htdocs/sipspp/vendor/codeigniter4/framework/system/CodeIgniter.php(918): App\Controllers\Profilecontroller->perbaruidata()
#2 /Applications/MAMP/htdocs/sipspp/vendor/codeigniter4/framework/system/CodeIgniter.php(404): CodeIgniter\CodeIgniter->runController(Object(App\Controllers\Profilecontroller))
#3 /Applications/MAMP/htdocs/sipspp/vendor/codeigniter4/framework/system/CodeIgniter.php(312): CodeIgniter\CodeIgniter->handleRequest(NULL, Object(Config\Cache), false)
#4 /Applications/MAMP/htdocs/sipspp/index.php(45): CodeIgniter\CodeIgniter->run()
#5 {main}
CRITICAL - 2021-05-12 09:19:02 --> Undefined property: App\Controllers\Profilecontroller::$m_login
#0 /Applications/MAMP/htdocs/sipspp/app/Controllers/Profilecontroller.php(131): CodeIgniter\Debug\Exceptions->errorHandler(8, 'Undefined prope...', '/Applications/M...', 131, Array)
#1 /Applications/MAMP/htdocs/sipspp/vendor/codeigniter4/framework/system/CodeIgniter.php(918): App\Controllers\Profilecontroller->perbaruidata()
#2 /Applications/MAMP/htdocs/sipspp/vendor/codeigniter4/framework/system/CodeIgniter.php(404): CodeIgniter\CodeIgniter->runController(Object(App\Controllers\Profilecontroller))
#3 /Applications/MAMP/htdocs/sipspp/vendor/codeigniter4/framework/system/CodeIgniter.php(312): CodeIgniter\CodeIgniter->handleRequest(NULL, Object(Config\Cache), false)
#4 /Applications/MAMP/htdocs/sipspp/index.php(45): CodeIgniter\CodeIgniter->run()
#5 {main}
CRITICAL - 2021-05-12 09:48:51 --> Undefined variable: session
#0 /Applications/MAMP/htdocs/sipspp/app/Controllers/Dashboard.php(23): CodeIgniter\Debug\Exceptions->errorHandler(8, 'Undefined varia...', '/Applications/M...', 23, Array)
#1 /Applications/MAMP/htdocs/sipspp/vendor/codeigniter4/framework/system/CodeIgniter.php(918): App\Controllers\Dashboard->index()
#2 /Applications/MAMP/htdocs/sipspp/vendor/codeigniter4/framework/system/CodeIgniter.php(404): CodeIgniter\CodeIgniter->runController(Object(App\Controllers\Dashboard))
#3 /Applications/MAMP/htdocs/sipspp/vendor/codeigniter4/framework/system/CodeIgniter.php(312): CodeIgniter\CodeIgniter->handleRequest(NULL, Object(Config\Cache), false)
#4 /Applications/MAMP/htdocs/sipspp/index.php(45): CodeIgniter\CodeIgniter->run()
#5 {main}
CRITICAL - 2021-05-12 09:50:05 --> Unknown column 'master_menu.id_level' in 'on clause'
#0 /Applications/MAMP/htdocs/sipspp/vendor/codeigniter4/framework/system/Database/MySQLi/Connection.php(331): mysqli->query('SELECT *, `mast...')
#1 /Applications/MAMP/htdocs/sipspp/vendor/codeigniter4/framework/system/Database/BaseConnection.php(741): CodeIgniter\Database\MySQLi\Connection->execute('SELECT *, `mast...')
#2 /Applications/MAMP/htdocs/sipspp/vendor/codeigniter4/framework/system/Database/BaseConnection.php(669): CodeIgniter\Database\BaseConnection->simpleQuery('SELECT *, `mast...')
#3 /Applications/MAMP/htdocs/sipspp/vendor/codeigniter4/framework/system/Database/BaseBuilder.php(1860): CodeIgniter\Database\BaseConnection->query('SELECT *, `mast...', Array, false)
#4 /Applications/MAMP/htdocs/sipspp/app/Models/SettingModel.php(23): CodeIgniter\Database\BaseBuilder->get()
#5 /Applications/MAMP/htdocs/sipspp/app/Controllers/Dashboard.php(24): App\Models\SettingModel->getMenu('MLV01')
#6 /Applications/MAMP/htdocs/sipspp/vendor/codeigniter4/framework/system/CodeIgniter.php(918): App\Controllers\Dashboard->index()
#7 /Applications/MAMP/htdocs/sipspp/vendor/codeigniter4/framework/system/CodeIgniter.php(404): CodeIgniter\CodeIgniter->runController(Object(App\Controllers\Dashboard))
#8 /Applications/MAMP/htdocs/sipspp/vendor/codeigniter4/framework/system/CodeIgniter.php(312): CodeIgniter\CodeIgniter->handleRequest(NULL, Object(Config\Cache), false)
#9 /Applications/MAMP/htdocs/sipspp/index.php(45): CodeIgniter\CodeIgniter->run()
#10 {main}
CRITICAL - 2021-05-12 09:56:59 --> Undefined variable: custommenu
#0 /Applications/MAMP/htdocs/sipspp/app/Views/components/sidenav_admin.php(26): CodeIgniter\Debug\Exceptions->errorHandler(8, 'Undefined varia...', '/Applications/M...', 26, Array)
#1 /Applications/MAMP/htdocs/sipspp/vendor/codeigniter4/framework/system/View/View.php(246): include('/Applications/M...')
#2 /Applications/MAMP/htdocs/sipspp/vendor/codeigniter4/framework/system/View/View.php(525): CodeIgniter\View\View->render('components/side...', NULL, true)
#3 /Applications/MAMP/htdocs/sipspp/app/Views/components/template_admin.php(60): CodeIgniter\View\View->include('components/side...')
#4 /Applications/MAMP/htdocs/sipspp/vendor/codeigniter4/framework/system/View/View.php(246): include('/Applications/M...')
#5 /Applications/MAMP/htdocs/sipspp/vendor/codeigniter4/framework/system/View/View.php(257): CodeIgniter\View\View->render('components/temp...', Array, true)
#6 /Applications/MAMP/htdocs/sipspp/vendor/codeigniter4/framework/system/Common.php(1119): CodeIgniter\View\View->render('view_profile', Array, true)
#7 /Applications/MAMP/htdocs/sipspp/app/Controllers/Profilecontroller.php(36): view('view_profile', Array)
#8 /Applications/MAMP/htdocs/sipspp/vendor/codeigniter4/framework/system/CodeIgniter.php(918): App\Controllers\Profilecontroller->index()
#9 /Applications/MAMP/htdocs/sipspp/vendor/codeigniter4/framework/system/CodeIgniter.php(404): CodeIgniter\CodeIgniter->runController(Object(App\Controllers\Profilecontroller))
#10 /Applications/MAMP/htdocs/sipspp/vendor/codeigniter4/framework/system/CodeIgniter.php(312): CodeIgniter\CodeIgniter->handleRequest(NULL, Object(Config\Cache), false)
#11 /Applications/MAMP/htdocs/sipspp/index.php(45): CodeIgniter\CodeIgniter->run()
#12 {main}
CRITICAL - 2021-05-12 10:00:10 --> Undefined variable: custommenu
#0 /Applications/MAMP/htdocs/sipspp/app/Views/components/sidenav_admin.php(26): CodeIgniter\Debug\Exceptions->errorHandler(8, 'Undefined varia...', '/Applications/M...', 26, Array)
#1 /Applications/MAMP/htdocs/sipspp/vendor/codeigniter4/framework/system/View/View.php(246): include('/Applications/M...')
#2 /Applications/MAMP/htdocs/sipspp/vendor/codeigniter4/framework/system/View/View.php(525): CodeIgniter\View\View->render('components/side...', NULL, true)
#3 /Applications/MAMP/htdocs/sipspp/app/Views/components/template_admin.php(60): CodeIgniter\View\View->include('components/side...')
#4 /Applications/MAMP/htdocs/sipspp/vendor/codeigniter4/framework/system/View/View.php(246): include('/Applications/M...')
#5 /Applications/MAMP/htdocs/sipspp/vendor/codeigniter4/framework/system/View/View.php(257): CodeIgniter\View\View->render('components/temp...', Array, true)
#6 /Applications/MAMP/htdocs/sipspp/vendor/codeigniter4/framework/system/Common.php(1119): CodeIgniter\View\View->render('datasiswa/view_...', Array, true)
#7 /Applications/MAMP/htdocs/sipspp/app/Controllers/Siswacontroller.php(33): view('datasiswa/view_...', Array)
#8 /Applications/MAMP/htdocs/sipspp/vendor/codeigniter4/framework/system/CodeIgniter.php(918): App\Controllers\Siswacontroller->index()
#9 /Applications/MAMP/htdocs/sipspp/vendor/codeigniter4/framework/system/CodeIgniter.php(404): CodeIgniter\CodeIgniter->runController(Object(App\Controllers\Siswacontroller))
#10 /Applications/MAMP/htdocs/sipspp/vendor/codeigniter4/framework/system/CodeIgniter.php(312): CodeIgniter\CodeIgniter->handleRequest(NULL, Object(Config\Cache), false)
#11 /Applications/MAMP/htdocs/sipspp/index.php(45): CodeIgniter\CodeIgniter->run()
#12 {main}
CRITICAL - 2021-05-12 10:09:40 --> Undefined variable: submenu
#0 /Applications/MAMP/htdocs/sipspp/app/Views/components/sidenav_admin.php(40): CodeIgniter\Debug\Exceptions->errorHandler(8, 'Undefined varia...', '/Applications/M...', 40, Array)
#1 /Applications/MAMP/htdocs/sipspp/vendor/codeigniter4/framework/system/View/View.php(246): include('/Applications/M...')
#2 /Applications/MAMP/htdocs/sipspp/vendor/codeigniter4/framework/system/View/View.php(525): CodeIgniter\View\View->render('components/side...', NULL, true)
#3 /Applications/MAMP/htdocs/sipspp/app/Views/components/template_admin.php(60): CodeIgniter\View\View->include('components/side...')
#4 /Applications/MAMP/htdocs/sipspp/vendor/codeigniter4/framework/system/View/View.php(246): include('/Applications/M...')
#5 /Applications/MAMP/htdocs/sipspp/vendor/codeigniter4/framework/system/View/View.php(257): CodeIgniter\View\View->render('components/temp...', Array, true)
#6 /Applications/MAMP/htdocs/sipspp/vendor/codeigniter4/framework/system/Common.php(1119): CodeIgniter\View\View->render('view_dashboard', Array, true)
#7 /Applications/MAMP/htdocs/sipspp/app/Controllers/Dashboard.php(28): view('view_dashboard', Array)
#8 /Applications/MAMP/htdocs/sipspp/vendor/codeigniter4/framework/system/CodeIgniter.php(918): App\Controllers\Dashboard->index()
#9 /Applications/MAMP/htdocs/sipspp/vendor/codeigniter4/framework/system/CodeIgniter.php(404): CodeIgniter\CodeIgniter->runController(Object(App\Controllers\Dashboard))
#10 /Applications/MAMP/htdocs/sipspp/vendor/codeigniter4/framework/system/CodeIgniter.php(312): CodeIgniter\CodeIgniter->handleRequest(NULL, Object(Config\Cache), false)
#11 /Applications/MAMP/htdocs/sipspp/index.php(45): CodeIgniter\CodeIgniter->run()
#12 {main}
CRITICAL - 2021-05-12 10:10:15 --> Undefined variable: custommenu
#0 /Applications/MAMP/htdocs/sipspp/app/Views/components/sidenav_admin.php(26): CodeIgniter\Debug\Exceptions->errorHandler(8, 'Undefined varia...', '/Applications/M...', 26, Array)
#1 /Applications/MAMP/htdocs/sipspp/vendor/codeigniter4/framework/system/View/View.php(246): include('/Applications/M...')
#2 /Applications/MAMP/htdocs/sipspp/vendor/codeigniter4/framework/system/View/View.php(525): CodeIgniter\View\View->render('components/side...', NULL, true)
#3 /Applications/MAMP/htdocs/sipspp/app/Views/components/template_admin.php(60): CodeIgniter\View\View->include('components/side...')
#4 /Applications/MAMP/htdocs/sipspp/vendor/codeigniter4/framework/system/View/View.php(246): include('/Applications/M...')
#5 /Applications/MAMP/htdocs/sipspp/vendor/codeigniter4/framework/system/View/View.php(257): CodeIgniter\View\View->render('components/temp...', Array, true)
#6 /Applications/MAMP/htdocs/sipspp/vendor/codeigniter4/framework/system/Common.php(1119): CodeIgniter\View\View->render('menumaster/view...', Array, true)
#7 /Applications/MAMP/htdocs/sipspp/app/Controllers/Master/Agamacontroller.php(27): view('menumaster/view...', Array)
#8 /Applications/MAMP/htdocs/sipspp/vendor/codeigniter4/framework/system/CodeIgniter.php(918): App\Controllers\Master\Agamacontroller->index()
#9 /Applications/MAMP/htdocs/sipspp/vendor/codeigniter4/framework/system/CodeIgniter.php(404): CodeIgniter\CodeIgniter->runController(Object(App\Controllers\Master\Agamacontroller))
#10 /Applications/MAMP/htdocs/sipspp/vendor/codeigniter4/framework/system/CodeIgniter.php(312): CodeIgniter\CodeIgniter->handleRequest(NULL, Object(Config\Cache), false)
#11 /Applications/MAMP/htdocs/sipspp/index.php(45): CodeIgniter\CodeIgniter->run()
#12 {main}
CRITICAL - 2021-05-12 10:10:19 --> Undefined variable: submenu
#0 /Applications/MAMP/htdocs/sipspp/app/Views/components/sidenav_admin.php(40): CodeIgniter\Debug\Exceptions->errorHandler(8, 'Undefined varia...', '/Applications/M...', 40, Array)
#1 /Applications/MAMP/htdocs/sipspp/vendor/codeigniter4/framework/system/View/View.php(246): include('/Applications/M...')
#2 /Applications/MAMP/htdocs/sipspp/vendor/codeigniter4/framework/system/View/View.php(525): CodeIgniter\View\View->render('components/side...', NULL, true)
#3 /Applications/MAMP/htdocs/sipspp/app/Views/components/template_admin.php(60): CodeIgniter\View\View->include('components/side...')
#4 /Applications/MAMP/htdocs/sipspp/vendor/codeigniter4/framework/system/View/View.php(246): include('/Applications/M...')
#5 /Applications/MAMP/htdocs/sipspp/vendor/codeigniter4/framework/system/View/View.php(257): CodeIgniter\View\View->render('components/temp...', Array, true)
#6 /Applications/MAMP/htdocs/sipspp/vendor/codeigniter4/framework/system/Common.php(1119): CodeIgniter\View\View->render('datauser/view_u...', Array, true)
#7 /Applications/MAMP/htdocs/sipspp/app/Controllers/Usercontroller.php(37): view('datauser/view_u...', Array)
#8 /Applications/MAMP/htdocs/sipspp/vendor/codeigniter4/framework/system/CodeIgniter.php(918): App\Controllers\Usercontroller->index()
#9 /Applications/MAMP/htdocs/sipspp/vendor/codeigniter4/framework/system/CodeIgniter.php(404): CodeIgniter\CodeIgniter->runController(Object(App\Controllers\Usercontroller))
#10 /Applications/MAMP/htdocs/sipspp/vendor/codeigniter4/framework/system/CodeIgniter.php(312): CodeIgniter\CodeIgniter->handleRequest(NULL, Object(Config\Cache), false)
#11 /Applications/MAMP/htdocs/sipspp/index.php(45): CodeIgniter\CodeIgniter->run()
#12 {main}
CRITICAL - 2021-05-12 10:10:50 --> Undefined variable: submenu
#0 /Applications/MAMP/htdocs/sipspp/app/Views/components/sidenav_admin.php(40): CodeIgniter\Debug\Exceptions->errorHandler(8, 'Undefined varia...', '/Applications/M...', 40, Array)
#1 /Applications/MAMP/htdocs/sipspp/vendor/codeigniter4/framework/system/View/View.php(246): include('/Applications/M...')
#2 /Applications/MAMP/htdocs/sipspp/vendor/codeigniter4/framework/system/View/View.php(525): CodeIgniter\View\View->render('components/side...', NULL, true)
#3 /Applications/MAMP/htdocs/sipspp/app/Views/components/template_admin.php(60): CodeIgniter\View\View->include('components/side...')
#4 /Applications/MAMP/htdocs/sipspp/vendor/codeigniter4/framework/system/View/View.php(246): include('/Applications/M...')
#5 /Applications/MAMP/htdocs/sipspp/vendor/codeigniter4/framework/system/View/View.php(257): CodeIgniter\View\View->render('components/temp...', Array, true)
#6 /Applications/MAMP/htdocs/sipspp/vendor/codeigniter4/framework/system/Common.php(1119): CodeIgniter\View\View->render('view_profile', Array, true)
#7 /Applications/MAMP/htdocs/sipspp/app/Controllers/Profilecontroller.php(40): view('view_profile', Array)
#8 /Applications/MAMP/htdocs/sipspp/vendor/codeigniter4/framework/system/CodeIgniter.php(918): App\Controllers\Profilecontroller->index()
#9 /Applications/MAMP/htdocs/sipspp/vendor/codeigniter4/framework/system/CodeIgniter.php(404): CodeIgniter\CodeIgniter->runController(Object(App\Controllers\Profilecontroller))
#10 /Applications/MAMP/htdocs/sipspp/vendor/codeigniter4/framework/system/CodeIgniter.php(312): CodeIgniter\CodeIgniter->handleRequest(NULL, Object(Config\Cache), false)
#11 /Applications/MAMP/htdocs/sipspp/index.php(45): CodeIgniter\CodeIgniter->run()
#12 {main}
