CRITICAL - 2021-06-09 21:19:26 --> In aggregated query without GROUP BY, expression #1 of SELECT list contains nonaggregated column 'sip_spp.tb_pembayaran.inc_pembayaran'; this is incompatible with sql_mode=only_full_group_by
#0 /Applications/MAMP/htdocs/sipspp/vendor/codeigniter4/framework/system/Database/MySQLi/Connection.php(331): mysqli->query('SELECT *, `tb_s...')
#1 /Applications/MAMP/htdocs/sipspp/vendor/codeigniter4/framework/system/Database/BaseConnection.php(741): CodeIgniter\Database\MySQLi\Connection->execute('SELECT *, `tb_s...')
#2 /Applications/MAMP/htdocs/sipspp/vendor/codeigniter4/framework/system/Database/BaseConnection.php(669): CodeIgniter\Database\BaseConnection->simpleQuery('SELECT *, `tb_s...')
#3 /Applications/MAMP/htdocs/sipspp/vendor/codeigniter4/framework/system/Database/BaseBuilder.php(1860): CodeIgniter\Database\BaseConnection->query('SELECT *, `tb_s...', Array, false)
#4 /Applications/MAMP/htdocs/sipspp/app/Models/PembayaranModel.php(63): CodeIgniter\Database\BaseBuilder->get()
#5 /Applications/MAMP/htdocs/sipspp/app/Controllers/Dashboard.php(28): App\Models\PembayaranModel->sumPaymentTotal()
#6 /Applications/MAMP/htdocs/sipspp/vendor/codeigniter4/framework/system/CodeIgniter.php(918): App\Controllers\Dashboard->index()
#7 /Applications/MAMP/htdocs/sipspp/vendor/codeigniter4/framework/system/CodeIgniter.php(404): CodeIgniter\CodeIgniter->runController(Object(App\Controllers\Dashboard))
#8 /Applications/MAMP/htdocs/sipspp/vendor/codeigniter4/framework/system/CodeIgniter.php(312): CodeIgniter\CodeIgniter->handleRequest(NULL, Object(Config\Cache), false)
#9 /Applications/MAMP/htdocs/sipspp/index.php(45): CodeIgniter\CodeIgniter->run()
#10 {main}
CRITICAL - 2021-06-09 21:19:52 --> In aggregated query without GROUP BY, expression #1 of SELECT list contains nonaggregated column 'sip_spp.tb_pembayaran.inc_pembayaran'; this is incompatible with sql_mode=only_full_group_by
#0 /Applications/MAMP/htdocs/sipspp/vendor/codeigniter4/framework/system/Database/MySQLi/Connection.php(331): mysqli->query('SELECT *, `tb_s...')
#1 /Applications/MAMP/htdocs/sipspp/vendor/codeigniter4/framework/system/Database/BaseConnection.php(741): CodeIgniter\Database\MySQLi\Connection->execute('SELECT *, `tb_s...')
#2 /Applications/MAMP/htdocs/sipspp/vendor/codeigniter4/framework/system/Database/BaseConnection.php(669): CodeIgniter\Database\BaseConnection->simpleQuery('SELECT *, `tb_s...')
#3 /Applications/MAMP/htdocs/sipspp/vendor/codeigniter4/framework/system/Database/BaseBuilder.php(1860): CodeIgniter\Database\BaseConnection->query('SELECT *, `tb_s...', Array, false)
#4 /Applications/MAMP/htdocs/sipspp/app/Models/PembayaranModel.php(63): CodeIgniter\Database\BaseBuilder->get()
#5 /Applications/MAMP/htdocs/sipspp/app/Controllers/Dashboard.php(28): App\Models\PembayaranModel->sumPaymentTotal()
#6 /Applications/MAMP/htdocs/sipspp/vendor/codeigniter4/framework/system/CodeIgniter.php(918): App\Controllers\Dashboard->index()
#7 /Applications/MAMP/htdocs/sipspp/vendor/codeigniter4/framework/system/CodeIgniter.php(404): CodeIgniter\CodeIgniter->runController(Object(App\Controllers\Dashboard))
#8 /Applications/MAMP/htdocs/sipspp/vendor/codeigniter4/framework/system/CodeIgniter.php(312): CodeIgniter\CodeIgniter->handleRequest(NULL, Object(Config\Cache), false)
#9 /Applications/MAMP/htdocs/sipspp/index.php(45): CodeIgniter\CodeIgniter->run()
#10 {main}
CRITICAL - 2021-06-09 21:21:18 --> In aggregated query without GROUP BY, expression #1 of SELECT list contains nonaggregated column 'sip_spp.tb_pembayaran.inc_pembayaran'; this is incompatible with sql_mode=only_full_group_by
#0 /Applications/MAMP/htdocs/sipspp/vendor/codeigniter4/framework/system/Database/MySQLi/Connection.php(331): mysqli->query('SELECT *, `tb_s...')
#1 /Applications/MAMP/htdocs/sipspp/vendor/codeigniter4/framework/system/Database/BaseConnection.php(741): CodeIgniter\Database\MySQLi\Connection->execute('SELECT *, `tb_s...')
#2 /Applications/MAMP/htdocs/sipspp/vendor/codeigniter4/framework/system/Database/BaseConnection.php(669): CodeIgniter\Database\BaseConnection->simpleQuery('SELECT *, `tb_s...')
#3 /Applications/MAMP/htdocs/sipspp/vendor/codeigniter4/framework/system/Database/BaseBuilder.php(1860): CodeIgniter\Database\BaseConnection->query('SELECT *, `tb_s...', Array, false)
#4 /Applications/MAMP/htdocs/sipspp/app/Models/PembayaranModel.php(63): CodeIgniter\Database\BaseBuilder->get()
#5 /Applications/MAMP/htdocs/sipspp/app/Controllers/Dashboard.php(28): App\Models\PembayaranModel->sumPaymentTotal()
#6 /Applications/MAMP/htdocs/sipspp/vendor/codeigniter4/framework/system/CodeIgniter.php(918): App\Controllers\Dashboard->index()
#7 /Applications/MAMP/htdocs/sipspp/vendor/codeigniter4/framework/system/CodeIgniter.php(404): CodeIgniter\CodeIgniter->runController(Object(App\Controllers\Dashboard))
#8 /Applications/MAMP/htdocs/sipspp/vendor/codeigniter4/framework/system/CodeIgniter.php(312): CodeIgniter\CodeIgniter->handleRequest(NULL, Object(Config\Cache), false)
#9 /Applications/MAMP/htdocs/sipspp/index.php(45): CodeIgniter\CodeIgniter->run()
#10 {main}
CRITICAL - 2021-06-09 21:36:56 --> Trying to access array offset on value of type null
#0 /Applications/MAMP/htdocs/sipspp/app/Models/SmsModel.php(35): CodeIgniter\Debug\Exceptions->errorHandler(8, 'Trying to acces...', '/Applications/M...', 35, Array)
#1 /Applications/MAMP/htdocs/sipspp/app/Models/SmsModel.php(59): App\Models\SmsModel->_get_datatables_query()
#2 /Applications/MAMP/htdocs/sipspp/app/Controllers/Smscontroller.php(57): App\Models\SmsModel->get_datatables()
#3 /Applications/MAMP/htdocs/sipspp/vendor/codeigniter4/framework/system/CodeIgniter.php(918): App\Controllers\Smscontroller->ajax_list()
#4 /Applications/MAMP/htdocs/sipspp/vendor/codeigniter4/framework/system/CodeIgniter.php(404): CodeIgniter\CodeIgniter->runController(Object(App\Controllers\Smscontroller))
#5 /Applications/MAMP/htdocs/sipspp/vendor/codeigniter4/framework/system/CodeIgniter.php(312): CodeIgniter\CodeIgniter->handleRequest(NULL, Object(Config\Cache), false)
#6 /Applications/MAMP/htdocs/sipspp/index.php(45): CodeIgniter\CodeIgniter->run()
#7 {main}
CRITICAL - 2021-06-09 21:37:58 --> Trying to access array offset on value of type null
#0 /Applications/MAMP/htdocs/sipspp/app/Models/SmsModel.php(35): CodeIgniter\Debug\Exceptions->errorHandler(8, 'Trying to acces...', '/Applications/M...', 35, Array)
#1 /Applications/MAMP/htdocs/sipspp/app/Models/SmsModel.php(59): App\Models\SmsModel->_get_datatables_query()
#2 /Applications/MAMP/htdocs/sipspp/app/Controllers/Smscontroller.php(57): App\Models\SmsModel->get_datatables()
#3 /Applications/MAMP/htdocs/sipspp/vendor/codeigniter4/framework/system/CodeIgniter.php(918): App\Controllers\Smscontroller->ajax_list()
#4 /Applications/MAMP/htdocs/sipspp/vendor/codeigniter4/framework/system/CodeIgniter.php(404): CodeIgniter\CodeIgniter->runController(Object(App\Controllers\Smscontroller))
#5 /Applications/MAMP/htdocs/sipspp/vendor/codeigniter4/framework/system/CodeIgniter.php(312): CodeIgniter\CodeIgniter->handleRequest(NULL, Object(Config\Cache), false)
#6 /Applications/MAMP/htdocs/sipspp/index.php(45): CodeIgniter\CodeIgniter->run()
#7 {main}
CRITICAL - 2021-06-09 21:42:14 --> Trying to access array offset on value of type null
#0 /Applications/MAMP/htdocs/sipspp/app/Models/SmsModel.php(35): CodeIgniter\Debug\Exceptions->errorHandler(8, 'Trying to acces...', '/Applications/M...', 35, Array)
#1 /Applications/MAMP/htdocs/sipspp/app/Models/SmsModel.php(59): App\Models\SmsModel->_get_datatables_query()
#2 /Applications/MAMP/htdocs/sipspp/app/Controllers/Smscontroller.php(57): App\Models\SmsModel->get_datatables()
#3 /Applications/MAMP/htdocs/sipspp/vendor/codeigniter4/framework/system/CodeIgniter.php(918): App\Controllers\Smscontroller->ajax_list()
#4 /Applications/MAMP/htdocs/sipspp/vendor/codeigniter4/framework/system/CodeIgniter.php(404): CodeIgniter\CodeIgniter->runController(Object(App\Controllers\Smscontroller))
#5 /Applications/MAMP/htdocs/sipspp/vendor/codeigniter4/framework/system/CodeIgniter.php(312): CodeIgniter\CodeIgniter->handleRequest(NULL, Object(Config\Cache), false)
#6 /Applications/MAMP/htdocs/sipspp/index.php(45): CodeIgniter\CodeIgniter->run()
#7 {main}
CRITICAL - 2021-06-09 21:42:44 --> Trying to access array offset on value of type null
#0 /Applications/MAMP/htdocs/sipspp/app/Models/SmsModel.php(35): CodeIgniter\Debug\Exceptions->errorHandler(8, 'Trying to acces...', '/Applications/M...', 35, Array)
#1 /Applications/MAMP/htdocs/sipspp/app/Models/SmsModel.php(59): App\Models\SmsModel->_get_datatables_query()
#2 /Applications/MAMP/htdocs/sipspp/app/Controllers/Smscontroller.php(57): App\Models\SmsModel->get_datatables()
#3 /Applications/MAMP/htdocs/sipspp/vendor/codeigniter4/framework/system/CodeIgniter.php(918): App\Controllers\Smscontroller->ajax_list()
#4 /Applications/MAMP/htdocs/sipspp/vendor/codeigniter4/framework/system/CodeIgniter.php(404): CodeIgniter\CodeIgniter->runController(Object(App\Controllers\Smscontroller))
#5 /Applications/MAMP/htdocs/sipspp/vendor/codeigniter4/framework/system/CodeIgniter.php(312): CodeIgniter\CodeIgniter->handleRequest(NULL, Object(Config\Cache), false)
#6 /Applications/MAMP/htdocs/sipspp/index.php(45): CodeIgniter\CodeIgniter->run()
#7 {main}
CRITICAL - 2021-06-09 21:47:03 --> Trying to access array offset on value of type null
#0 /Applications/MAMP/htdocs/sipspp/app/Models/LaporanModel.php(59): CodeIgniter\Debug\Exceptions->errorHandler(8, 'Trying to acces...', '/Applications/M...', 59, Array)
#1 /Applications/MAMP/htdocs/sipspp/app/Models/LaporanModel.php(83): App\Models\LaporanModel->_get_datatables_query()
#2 /Applications/MAMP/htdocs/sipspp/app/Controllers/Laporancontroller.php(62): App\Models\LaporanModel->get_datatables()
#3 /Applications/MAMP/htdocs/sipspp/vendor/codeigniter4/framework/system/CodeIgniter.php(918): App\Controllers\Laporancontroller->ajax_list()
#4 /Applications/MAMP/htdocs/sipspp/vendor/codeigniter4/framework/system/CodeIgniter.php(404): CodeIgniter\CodeIgniter->runController(Object(App\Controllers\Laporancontroller))
#5 /Applications/MAMP/htdocs/sipspp/vendor/codeigniter4/framework/system/CodeIgniter.php(312): CodeIgniter\CodeIgniter->handleRequest(NULL, Object(Config\Cache), false)
#6 /Applications/MAMP/htdocs/sipspp/index.php(45): CodeIgniter\CodeIgniter->run()
#7 {main}
CRITICAL - 2021-06-09 22:25:38 --> Undefined index: tb_siswa.tlp_hp
#0 /Applications/MAMP/htdocs/sipspp/app/Controllers/Pembayarancontroller.php(314): CodeIgniter\Debug\Exceptions->errorHandler(8, 'Undefined index...', '/Applications/M...', 314, Array)
#1 /Applications/MAMP/htdocs/sipspp/vendor/codeigniter4/framework/system/CodeIgniter.php(918): App\Controllers\Pembayarancontroller->reviewsms()
#2 /Applications/MAMP/htdocs/sipspp/vendor/codeigniter4/framework/system/CodeIgniter.php(404): CodeIgniter\CodeIgniter->runController(Object(App\Controllers\Pembayarancontroller))
#3 /Applications/MAMP/htdocs/sipspp/vendor/codeigniter4/framework/system/CodeIgniter.php(312): CodeIgniter\CodeIgniter->handleRequest(NULL, Object(Config\Cache), false)
#4 /Applications/MAMP/htdocs/sipspp/index.php(45): CodeIgniter\CodeIgniter->run()
#5 {main}
CRITICAL - 2021-06-09 22:26:54 --> Undefined index: tlp_hp
#0 /Applications/MAMP/htdocs/sipspp/app/Controllers/Pembayarancontroller.php(314): CodeIgniter\Debug\Exceptions->errorHandler(8, 'Undefined index...', '/Applications/M...', 314, Array)
#1 /Applications/MAMP/htdocs/sipspp/vendor/codeigniter4/framework/system/CodeIgniter.php(918): App\Controllers\Pembayarancontroller->reviewsms()
#2 /Applications/MAMP/htdocs/sipspp/vendor/codeigniter4/framework/system/CodeIgniter.php(404): CodeIgniter\CodeIgniter->runController(Object(App\Controllers\Pembayarancontroller))
#3 /Applications/MAMP/htdocs/sipspp/vendor/codeigniter4/framework/system/CodeIgniter.php(312): CodeIgniter\CodeIgniter->handleRequest(NULL, Object(Config\Cache), false)
#4 /Applications/MAMP/htdocs/sipspp/index.php(45): CodeIgniter\CodeIgniter->run()
#5 {main}
CRITICAL - 2021-06-09 22:29:26 --> Cannot use object of type stdClass as array
#0 /Applications/MAMP/htdocs/sipspp/vendor/codeigniter4/framework/system/CodeIgniter.php(918): App\Controllers\Pembayarancontroller->reviewsms()
#1 /Applications/MAMP/htdocs/sipspp/vendor/codeigniter4/framework/system/CodeIgniter.php(404): CodeIgniter\CodeIgniter->runController(Object(App\Controllers\Pembayarancontroller))
#2 /Applications/MAMP/htdocs/sipspp/vendor/codeigniter4/framework/system/CodeIgniter.php(312): CodeIgniter\CodeIgniter->handleRequest(NULL, Object(Config\Cache), false)
#3 /Applications/MAMP/htdocs/sipspp/index.php(45): CodeIgniter\CodeIgniter->run()
#4 {main}
CRITICAL - 2021-06-09 10:36:59 --> syntax error, unexpected 'number_format' (T_STRING), expecting ']'
#0 /Applications/MAMP/htdocs/sipspp/vendor/codeigniter4/framework/system/Autoloader/Autoloader.php(296): CodeIgniter\Autoloader\Autoloader->requireFile('/Applications/M...')
#1 /Applications/MAMP/htdocs/sipspp/vendor/codeigniter4/framework/system/Autoloader/Autoloader.php(258): CodeIgniter\Autoloader\Autoloader->loadInNamespace('App\\Controllers...')
#2 [internal function]: CodeIgniter\Autoloader\Autoloader->loadClass('App\\Controllers...')
#3 [internal function]: spl_autoload_call('App\\Controllers...')
#4 /Applications/MAMP/htdocs/sipspp/vendor/codeigniter4/framework/system/CodeIgniter.php(869): class_exists('\\App\\Controller...', true)
#5 /Applications/MAMP/htdocs/sipspp/vendor/codeigniter4/framework/system/CodeIgniter.php(394): CodeIgniter\CodeIgniter->startController()
#6 /Applications/MAMP/htdocs/sipspp/vendor/codeigniter4/framework/system/CodeIgniter.php(312): CodeIgniter\CodeIgniter->handleRequest(NULL, Object(Config\Cache), false)
#7 /Applications/MAMP/htdocs/sipspp/index.php(45): CodeIgniter\CodeIgniter->run()
#8 {main}
