CRITICAL - 2020-12-18 10:08:44 --> Call to a member function view() on null
#0 /Users/muhamadsolehfuddin/Documents/panen saham/backend/vendor/codeigniter4/framework/system/View/View.php(246): include()
#1 /Users/muhamadsolehfuddin/Documents/panen saham/backend/vendor/codeigniter4/framework/system/Common.php(1119): CodeIgniter\View\View->render('view_login', Array, true)
#2 /Users/muhamadsolehfuddin/Documents/panen saham/backend/app/Controllers/Login.php(7): view('view_login')
#3 /Users/muhamadsolehfuddin/Documents/panen saham/backend/vendor/codeigniter4/framework/system/CodeIgniter.php(918): App\Controllers\Login->index()
#4 /Users/muhamadsolehfuddin/Documents/panen saham/backend/vendor/codeigniter4/framework/system/CodeIgniter.php(404): CodeIgniter\CodeIgniter->runController(Object(App\Controllers\Login))
#5 /Users/muhamadsolehfuddin/Documents/panen saham/backend/vendor/codeigniter4/framework/system/CodeIgniter.php(312): CodeIgniter\CodeIgniter->handleRequest(NULL, Object(Config\Cache), false)
#6 /Users/muhamadsolehfuddin/Documents/panen saham/backend/public/index.php(45): CodeIgniter\CodeIgniter->run()
#7 /Users/muhamadsolehfuddin/Documents/panen saham/backend/vendor/codeigniter4/framework/system/Commands/Server/rewrite.php(34): require_once('/Users/muhamads...')
#8 {main}
CRITICAL - 2020-12-18 10:08:48 --> Call to a member function view() on null
#0 /Users/muhamadsolehfuddin/Documents/panen saham/backend/vendor/codeigniter4/framework/system/View/View.php(246): include()
#1 /Users/muhamadsolehfuddin/Documents/panen saham/backend/vendor/codeigniter4/framework/system/Common.php(1119): CodeIgniter\View\View->render('view_login', Array, true)
#2 /Users/muhamadsolehfuddin/Documents/panen saham/backend/app/Controllers/Login.php(7): view('view_login')
#3 /Users/muhamadsolehfuddin/Documents/panen saham/backend/vendor/codeigniter4/framework/system/CodeIgniter.php(918): App\Controllers\Login->index()
#4 /Users/muhamadsolehfuddin/Documents/panen saham/backend/vendor/codeigniter4/framework/system/CodeIgniter.php(404): CodeIgniter\CodeIgniter->runController(Object(App\Controllers\Login))
#5 /Users/muhamadsolehfuddin/Documents/panen saham/backend/vendor/codeigniter4/framework/system/CodeIgniter.php(312): CodeIgniter\CodeIgniter->handleRequest(NULL, Object(Config\Cache), false)
#6 /Users/muhamadsolehfuddin/Documents/panen saham/backend/public/index.php(45): CodeIgniter\CodeIgniter->run()
#7 /Users/muhamadsolehfuddin/Documents/panen saham/backend/vendor/codeigniter4/framework/system/Commands/Server/rewrite.php(34): require_once('/Users/muhamads...')
#8 {main}
CRITICAL - 2020-12-18 10:12:12 --> Call to a member function view() on null
#0 /Users/muhamadsolehfuddin/Documents/panen saham/backend/vendor/codeigniter4/framework/system/View/View.php(246): include()
#1 /Users/muhamadsolehfuddin/Documents/panen saham/backend/vendor/codeigniter4/framework/system/Common.php(1119): CodeIgniter\View\View->render('view_login', Array, true)
#2 /Users/muhamadsolehfuddin/Documents/panen saham/backend/app/Controllers/Login.php(7): view('view_login')
#3 /Users/muhamadsolehfuddin/Documents/panen saham/backend/vendor/codeigniter4/framework/system/CodeIgniter.php(918): App\Controllers\Login->index()
#4 /Users/muhamadsolehfuddin/Documents/panen saham/backend/vendor/codeigniter4/framework/system/CodeIgniter.php(404): CodeIgniter\CodeIgniter->runController(Object(App\Controllers\Login))
#5 /Users/muhamadsolehfuddin/Documents/panen saham/backend/vendor/codeigniter4/framework/system/CodeIgniter.php(312): CodeIgniter\CodeIgniter->handleRequest(NULL, Object(Config\Cache), false)
#6 /Users/muhamadsolehfuddin/Documents/panen saham/backend/public/index.php(45): CodeIgniter\CodeIgniter->run()
#7 /Users/muhamadsolehfuddin/Documents/panen saham/backend/vendor/codeigniter4/framework/system/Commands/Server/rewrite.php(34): require_once('/Users/muhamads...')
#8 {main}
CRITICAL - 2020-12-18 10:12:30 --> Call to a member function view() on null
#0 /Users/muhamadsolehfuddin/Documents/panen saham/backend/vendor/codeigniter4/framework/system/View/View.php(246): include()
#1 /Users/muhamadsolehfuddin/Documents/panen saham/backend/vendor/codeigniter4/framework/system/Common.php(1119): CodeIgniter\View\View->render('view_login', Array, true)
#2 /Users/muhamadsolehfuddin/Documents/panen saham/backend/app/Controllers/Login.php(7): view('view_login')
#3 /Users/muhamadsolehfuddin/Documents/panen saham/backend/vendor/codeigniter4/framework/system/CodeIgniter.php(918): App\Controllers\Login->index()
#4 /Users/muhamadsolehfuddin/Documents/panen saham/backend/vendor/codeigniter4/framework/system/CodeIgniter.php(404): CodeIgniter\CodeIgniter->runController(Object(App\Controllers\Login))
#5 /Users/muhamadsolehfuddin/Documents/panen saham/backend/vendor/codeigniter4/framework/system/CodeIgniter.php(312): CodeIgniter\CodeIgniter->handleRequest(NULL, Object(Config\Cache), false)
#6 /Users/muhamadsolehfuddin/Documents/panen saham/backend/public/index.php(45): CodeIgniter\CodeIgniter->run()
#7 /Users/muhamadsolehfuddin/Documents/panen saham/backend/vendor/codeigniter4/framework/system/Commands/Server/rewrite.php(34): require_once('/Users/muhamads...')
#8 {main}
CRITICAL - 2020-12-18 10:17:38 --> Call to a member function view() on null
#0 /Users/muhamadsolehfuddin/Documents/panen saham/backend/vendor/codeigniter4/framework/system/View/View.php(246): include()
#1 /Users/muhamadsolehfuddin/Documents/panen saham/backend/vendor/codeigniter4/framework/system/Common.php(1119): CodeIgniter\View\View->render('view_login', Array, true)
#2 /Users/muhamadsolehfuddin/Documents/panen saham/backend/app/Controllers/Login.php(14): view('view_login')
#3 /Users/muhamadsolehfuddin/Documents/panen saham/backend/vendor/codeigniter4/framework/system/CodeIgniter.php(918): App\Controllers\Login->index()
#4 /Users/muhamadsolehfuddin/Documents/panen saham/backend/vendor/codeigniter4/framework/system/CodeIgniter.php(404): CodeIgniter\CodeIgniter->runController(Object(App\Controllers\Login))
#5 /Users/muhamadsolehfuddin/Documents/panen saham/backend/vendor/codeigniter4/framework/system/CodeIgniter.php(312): CodeIgniter\CodeIgniter->handleRequest(NULL, Object(Config\Cache), false)
#6 /Users/muhamadsolehfuddin/Documents/panen saham/backend/public/index.php(45): CodeIgniter\CodeIgniter->run()
#7 /Users/muhamadsolehfuddin/Documents/panen saham/backend/vendor/codeigniter4/framework/system/Commands/Server/rewrite.php(34): require_once('/Users/muhamads...')
#8 {main}
CRITICAL - 2020-12-18 10:18:12 --> Call to a member function view() on null
#0 /Users/muhamadsolehfuddin/Documents/panen saham/backend/vendor/codeigniter4/framework/system/View/View.php(246): include()
#1 /Users/muhamadsolehfuddin/Documents/panen saham/backend/vendor/codeigniter4/framework/system/Common.php(1119): CodeIgniter\View\View->render('view_login', Array, true)
#2 /Users/muhamadsolehfuddin/Documents/panen saham/backend/app/Controllers/Login.php(14): view('view_login')
#3 /Users/muhamadsolehfuddin/Documents/panen saham/backend/vendor/codeigniter4/framework/system/CodeIgniter.php(918): App\Controllers\Login->index()
#4 /Users/muhamadsolehfuddin/Documents/panen saham/backend/vendor/codeigniter4/framework/system/CodeIgniter.php(404): CodeIgniter\CodeIgniter->runController(Object(App\Controllers\Login))
#5 /Users/muhamadsolehfuddin/Documents/panen saham/backend/vendor/codeigniter4/framework/system/CodeIgniter.php(312): CodeIgniter\CodeIgniter->handleRequest(NULL, Object(Config\Cache), false)
#6 /Users/muhamadsolehfuddin/Documents/panen saham/backend/public/index.php(45): CodeIgniter\CodeIgniter->run()
#7 /Users/muhamadsolehfuddin/Documents/panen saham/backend/vendor/codeigniter4/framework/system/Commands/Server/rewrite.php(34): require_once('/Users/muhamads...')
#8 {main}
CRITICAL - 2020-12-18 10:37:10 --> syntax error, unexpected 'echo' (T_ECHO)
#0 /Users/muhamadsolehfuddin/Documents/panen saham/backend/vendor/codeigniter4/framework/system/View/View.php(525): CodeIgniter\View\View->render('comp_head', NULL, true)
#1 /Users/muhamadsolehfuddin/Documents/panen saham/backend/app/Views/view_login.php(1): CodeIgniter\View\View->include('comp_head')
#2 /Users/muhamadsolehfuddin/Documents/panen saham/backend/vendor/codeigniter4/framework/system/View/View.php(246): include('/Users/muhamads...')
#3 /Users/muhamadsolehfuddin/Documents/panen saham/backend/vendor/codeigniter4/framework/system/Common.php(1119): CodeIgniter\View\View->render('view_login', Array, true)
#4 /Users/muhamadsolehfuddin/Documents/panen saham/backend/app/Controllers/Login.php(8): view('view_login')
#5 /Users/muhamadsolehfuddin/Documents/panen saham/backend/vendor/codeigniter4/framework/system/CodeIgniter.php(918): App\Controllers\Login->index()
#6 /Users/muhamadsolehfuddin/Documents/panen saham/backend/vendor/codeigniter4/framework/system/CodeIgniter.php(404): CodeIgniter\CodeIgniter->runController(Object(App\Controllers\Login))
#7 /Users/muhamadsolehfuddin/Documents/panen saham/backend/vendor/codeigniter4/framework/system/CodeIgniter.php(312): CodeIgniter\CodeIgniter->handleRequest(NULL, Object(Config\Cache), false)
#8 /Users/muhamadsolehfuddin/Documents/panen saham/backend/public/index.php(45): CodeIgniter\CodeIgniter->run()
#9 /Users/muhamadsolehfuddin/Documents/panen saham/backend/vendor/codeigniter4/framework/system/Commands/Server/rewrite.php(34): require_once('/Users/muhamads...')
#10 {main}
CRITICAL - 2020-12-18 10:53:25 --> Invalid file: comp_navbar.php
#0 /Users/muhamadsolehfuddin/Documents/panen saham/backend/vendor/codeigniter4/framework/system/View/View.php(228): CodeIgniter\Exceptions\FrameworkException::forInvalidFile('comp_navbar.php')
#1 /Users/muhamadsolehfuddin/Documents/panen saham/backend/vendor/codeigniter4/framework/system/Common.php(1119): CodeIgniter\View\View->render('comp_navbar', Array, true)
#2 /Users/muhamadsolehfuddin/Documents/panen saham/backend/app/Views/view_login.php(57): view('comp_navbar')
#3 /Users/muhamadsolehfuddin/Documents/panen saham/backend/vendor/codeigniter4/framework/system/View/View.php(246): include('/Users/muhamads...')
#4 /Users/muhamadsolehfuddin/Documents/panen saham/backend/vendor/codeigniter4/framework/system/Common.php(1119): CodeIgniter\View\View->render('view_login', Array, true)
#5 /Users/muhamadsolehfuddin/Documents/panen saham/backend/app/Controllers/Login.php(8): view('view_login')
#6 /Users/muhamadsolehfuddin/Documents/panen saham/backend/vendor/codeigniter4/framework/system/CodeIgniter.php(918): App\Controllers\Login->index()
#7 /Users/muhamadsolehfuddin/Documents/panen saham/backend/vendor/codeigniter4/framework/system/CodeIgniter.php(404): CodeIgniter\CodeIgniter->runController(Object(App\Controllers\Login))
#8 /Users/muhamadsolehfuddin/Documents/panen saham/backend/vendor/codeigniter4/framework/system/CodeIgniter.php(312): CodeIgniter\CodeIgniter->handleRequest(NULL, Object(Config\Cache), false)
#9 /Users/muhamadsolehfuddin/Documents/panen saham/backend/public/index.php(45): CodeIgniter\CodeIgniter->run()
#10 /Users/muhamadsolehfuddin/Documents/panen saham/backend/vendor/codeigniter4/framework/system/Commands/Server/rewrite.php(34): require_once('/Users/muhamads...')
#11 {main}
