CRITICAL - 2021-05-09 09:36:33 --> Undefined variable: m_agama
#0 /Applications/MAMP/htdocs/sipspp/app/Controllers/Usercontroller.php(44): CodeIgniter\Debug\Exceptions->errorHandler(8, 'Undefined varia...', '/Applications/M...', 44, Array)
#1 /Applications/MAMP/htdocs/sipspp/vendor/codeigniter4/framework/system/CodeIgniter.php(918): App\Controllers\Usercontroller->ajax_list()
#2 /Applications/MAMP/htdocs/sipspp/vendor/codeigniter4/framework/system/CodeIgniter.php(404): CodeIgniter\CodeIgniter->runController(Object(App\Controllers\Usercontroller))
#3 /Applications/MAMP/htdocs/sipspp/vendor/codeigniter4/framework/system/CodeIgniter.php(312): CodeIgniter\CodeIgniter->handleRequest(NULL, Object(Config\Cache), false)
#4 /Applications/MAMP/htdocs/sipspp/index.php(45): CodeIgniter\CodeIgniter->run()
#5 {main}
CRITICAL - 2021-05-09 09:36:41 --> Undefined variable: m_agama
#0 /Applications/MAMP/htdocs/sipspp/app/Controllers/Usercontroller.php(44): CodeIgniter\Debug\Exceptions->errorHandler(8, 'Undefined varia...', '/Applications/M...', 44, Array)
#1 /Applications/MAMP/htdocs/sipspp/vendor/codeigniter4/framework/system/CodeIgniter.php(918): App\Controllers\Usercontroller->ajax_list()
#2 /Applications/MAMP/htdocs/sipspp/vendor/codeigniter4/framework/system/CodeIgniter.php(404): CodeIgniter\CodeIgniter->runController(Object(App\Controllers\Usercontroller))
#3 /Applications/MAMP/htdocs/sipspp/vendor/codeigniter4/framework/system/CodeIgniter.php(312): CodeIgniter\CodeIgniter->handleRequest(NULL, Object(Config\Cache), false)
#4 /Applications/MAMP/htdocs/sipspp/index.php(45): CodeIgniter\CodeIgniter->run()
#5 {main}
CRITICAL - 2021-05-09 09:42:05 --> Undefined variable: m_agama
#0 /Applications/MAMP/htdocs/sipspp/app/Controllers/Usercontroller.php(44): CodeIgniter\Debug\Exceptions->errorHandler(8, 'Undefined varia...', '/Applications/M...', 44, Array)
#1 /Applications/MAMP/htdocs/sipspp/vendor/codeigniter4/framework/system/CodeIgniter.php(918): App\Controllers\Usercontroller->ajax_list()
#2 /Applications/MAMP/htdocs/sipspp/vendor/codeigniter4/framework/system/CodeIgniter.php(404): CodeIgniter\CodeIgniter->runController(Object(App\Controllers\Usercontroller))
#3 /Applications/MAMP/htdocs/sipspp/vendor/codeigniter4/framework/system/CodeIgniter.php(312): CodeIgniter\CodeIgniter->handleRequest(NULL, Object(Config\Cache), false)
#4 /Applications/MAMP/htdocs/sipspp/index.php(45): CodeIgniter\CodeIgniter->run()
#5 {main}
CRITICAL - 2021-05-09 11:27:02 --> The original file is not a valid file.
#0 /Applications/MAMP/htdocs/sipspp/vendor/codeigniter4/framework/system/HTTP/Files/UploadedFile.php(172): CodeIgniter\HTTP\Exceptions\HTTPException::forInvalidFile()
#1 /Applications/MAMP/htdocs/sipspp/app/Controllers/Usercontroller.php(235): CodeIgniter\HTTP\Files\UploadedFile->move('public/assets/i...', 'USR002.')
#2 /Applications/MAMP/htdocs/sipspp/vendor/codeigniter4/framework/system/CodeIgniter.php(918): App\Controllers\Usercontroller->simpandata()
#3 /Applications/MAMP/htdocs/sipspp/vendor/codeigniter4/framework/system/CodeIgniter.php(404): CodeIgniter\CodeIgniter->runController(Object(App\Controllers\Usercontroller))
#4 /Applications/MAMP/htdocs/sipspp/vendor/codeigniter4/framework/system/CodeIgniter.php(312): CodeIgniter\CodeIgniter->handleRequest(NULL, Object(Config\Cache), false)
#5 /Applications/MAMP/htdocs/sipspp/index.php(45): CodeIgniter\CodeIgniter->run()
#6 {main}
CRITICAL - 2021-05-09 11:29:31 --> The original file is not a valid file.
#0 /Applications/MAMP/htdocs/sipspp/vendor/codeigniter4/framework/system/HTTP/Files/UploadedFile.php(172): CodeIgniter\HTTP\Exceptions\HTTPException::forInvalidFile()
#1 /Applications/MAMP/htdocs/sipspp/app/Controllers/Usercontroller.php(235): CodeIgniter\HTTP\Files\UploadedFile->move('public/assets/i...', 'USR002.')
#2 /Applications/MAMP/htdocs/sipspp/vendor/codeigniter4/framework/system/CodeIgniter.php(918): App\Controllers\Usercontroller->simpandata()
#3 /Applications/MAMP/htdocs/sipspp/vendor/codeigniter4/framework/system/CodeIgniter.php(404): CodeIgniter\CodeIgniter->runController(Object(App\Controllers\Usercontroller))
#4 /Applications/MAMP/htdocs/sipspp/vendor/codeigniter4/framework/system/CodeIgniter.php(312): CodeIgniter\CodeIgniter->handleRequest(NULL, Object(Config\Cache), false)
#5 /Applications/MAMP/htdocs/sipspp/index.php(45): CodeIgniter\CodeIgniter->run()
#6 {main}
CRITICAL - 2021-05-09 11:32:17 --> The original file is not a valid file.
#0 /Applications/MAMP/htdocs/sipspp/vendor/codeigniter4/framework/system/HTTP/Files/UploadedFile.php(172): CodeIgniter\HTTP\Exceptions\HTTPException::forInvalidFile()
#1 /Applications/MAMP/htdocs/sipspp/app/Controllers/Usercontroller.php(237): CodeIgniter\HTTP\Files\UploadedFile->move('public/assets/i...', 'USR002.')
#2 /Applications/MAMP/htdocs/sipspp/vendor/codeigniter4/framework/system/CodeIgniter.php(918): App\Controllers\Usercontroller->simpandata()
#3 /Applications/MAMP/htdocs/sipspp/vendor/codeigniter4/framework/system/CodeIgniter.php(404): CodeIgniter\CodeIgniter->runController(Object(App\Controllers\Usercontroller))
#4 /Applications/MAMP/htdocs/sipspp/vendor/codeigniter4/framework/system/CodeIgniter.php(312): CodeIgniter\CodeIgniter->handleRequest(NULL, Object(Config\Cache), false)
#5 /Applications/MAMP/htdocs/sipspp/index.php(45): CodeIgniter\CodeIgniter->run()
#6 {main}
