CRITICAL - 2020-12-22 08:22:49 --> Call to undefined function App\Models\InfotypeModel()
#0 /Users/muhamadsolehfuddin/Documents/panen saham/backend/vendor/codeigniter4/framework/system/CodeIgniter.php(891): App\Controllers\BaseController->initController(Object(CodeIgniter\HTTP\IncomingRequest), Object(CodeIgniter\HTTP\Response), Object(CodeIgniter\Log\Logger))
#1 /Users/muhamadsolehfuddin/Documents/panen saham/backend/vendor/codeigniter4/framework/system/CodeIgniter.php(399): CodeIgniter\CodeIgniter->createController()
#2 /Users/muhamadsolehfuddin/Documents/panen saham/backend/vendor/codeigniter4/framework/system/CodeIgniter.php(312): CodeIgniter\CodeIgniter->handleRequest(NULL, Object(Config\Cache), false)
#3 /Users/muhamadsolehfuddin/Documents/panen saham/backend/public/index.php(45): CodeIgniter\CodeIgniter->run()
#4 /Users/muhamadsolehfuddin/Documents/panen saham/backend/vendor/codeigniter4/framework/system/Commands/Server/rewrite.php(34): require_once('/Users/muhamads...')
#5 {main}
CRITICAL - 2020-12-22 08:22:56 --> Call to undefined function App\Models\InfotypeModel()
#0 /Users/muhamadsolehfuddin/Documents/panen saham/backend/vendor/codeigniter4/framework/system/CodeIgniter.php(891): App\Controllers\BaseController->initController(Object(CodeIgniter\HTTP\IncomingRequest), Object(CodeIgniter\HTTP\Response), Object(CodeIgniter\Log\Logger))
#1 /Users/muhamadsolehfuddin/Documents/panen saham/backend/vendor/codeigniter4/framework/system/CodeIgniter.php(399): CodeIgniter\CodeIgniter->createController()
#2 /Users/muhamadsolehfuddin/Documents/panen saham/backend/vendor/codeigniter4/framework/system/CodeIgniter.php(312): CodeIgniter\CodeIgniter->handleRequest(NULL, Object(Config\Cache), false)
#3 /Users/muhamadsolehfuddin/Documents/panen saham/backend/public/index.php(45): CodeIgniter\CodeIgniter->run()
#4 /Users/muhamadsolehfuddin/Documents/panen saham/backend/vendor/codeigniter4/framework/system/Commands/Server/rewrite.php(34): require_once('/Users/muhamads...')
#5 {main}
CRITICAL - 2020-12-22 08:23:46 --> Undefined constant 'app\Models\InfotypeModel'
#0 /Users/muhamadsolehfuddin/Documents/panen saham/backend/vendor/codeigniter4/framework/system/CodeIgniter.php(891): App\Controllers\BaseController->initController(Object(CodeIgniter\HTTP\IncomingRequest), Object(CodeIgniter\HTTP\Response), Object(CodeIgniter\Log\Logger))
#1 /Users/muhamadsolehfuddin/Documents/panen saham/backend/vendor/codeigniter4/framework/system/CodeIgniter.php(399): CodeIgniter\CodeIgniter->createController()
#2 /Users/muhamadsolehfuddin/Documents/panen saham/backend/vendor/codeigniter4/framework/system/CodeIgniter.php(312): CodeIgniter\CodeIgniter->handleRequest(NULL, Object(Config\Cache), false)
#3 /Users/muhamadsolehfuddin/Documents/panen saham/backend/public/index.php(45): CodeIgniter\CodeIgniter->run()
#4 /Users/muhamadsolehfuddin/Documents/panen saham/backend/vendor/codeigniter4/framework/system/Commands/Server/rewrite.php(34): require_once('/Users/muhamads...')
#5 {main}
CRITICAL - 2020-12-22 08:31:00 --> Undefined variable: data
#0 /Users/muhamadsolehfuddin/Documents/panen saham/backend/app/Views/menuinformation/view_infotype.php(63): CodeIgniter\Debug\Exceptions->errorHandler(8, 'Undefined varia...', '/Users/muhamads...', 63, Array)
#1 /Users/muhamadsolehfuddin/Documents/panen saham/backend/vendor/codeigniter4/framework/system/View/View.php(246): include('/Users/muhamads...')
#2 /Users/muhamadsolehfuddin/Documents/panen saham/backend/vendor/codeigniter4/framework/system/Common.php(1119): CodeIgniter\View\View->render('menuinformation...', Array, true)
#3 /Users/muhamadsolehfuddin/Documents/panen saham/backend/app/Controllers/InfoType.php(9): view('menuinformation...', Array)
#4 /Users/muhamadsolehfuddin/Documents/panen saham/backend/vendor/codeigniter4/framework/system/CodeIgniter.php(918): App\Controllers\InfoType->index()
#5 /Users/muhamadsolehfuddin/Documents/panen saham/backend/vendor/codeigniter4/framework/system/CodeIgniter.php(404): CodeIgniter\CodeIgniter->runController(Object(App\Controllers\InfoType))
#6 /Users/muhamadsolehfuddin/Documents/panen saham/backend/vendor/codeigniter4/framework/system/CodeIgniter.php(312): CodeIgniter\CodeIgniter->handleRequest(NULL, Object(Config\Cache), false)
#7 /Users/muhamadsolehfuddin/Documents/panen saham/backend/public/index.php(45): CodeIgniter\CodeIgniter->run()
#8 /Users/muhamadsolehfuddin/Documents/panen saham/backend/vendor/codeigniter4/framework/system/Commands/Server/rewrite.php(34): require_once('/Users/muhamads...')
#9 {main}
CRITICAL - 2020-12-22 09:38:03 --> Undefined property: App\Controllers\Dashboard::$session
#0 /Users/muhamadsolehfuddin/Documents/panen saham/backend/app/Controllers/DashBoard.php(7): CodeIgniter\Debug\Exceptions->errorHandler(8, 'Undefined prope...', '/Users/muhamads...', 7, Array)
#1 /Users/muhamadsolehfuddin/Documents/panen saham/backend/vendor/codeigniter4/framework/system/CodeIgniter.php(890): App\Controllers\Dashboard->__construct()
#2 /Users/muhamadsolehfuddin/Documents/panen saham/backend/vendor/codeigniter4/framework/system/CodeIgniter.php(399): CodeIgniter\CodeIgniter->createController()
#3 /Users/muhamadsolehfuddin/Documents/panen saham/backend/vendor/codeigniter4/framework/system/CodeIgniter.php(312): CodeIgniter\CodeIgniter->handleRequest(NULL, Object(Config\Cache), false)
#4 /Users/muhamadsolehfuddin/Documents/panen saham/backend/public/index.php(45): CodeIgniter\CodeIgniter->run()
#5 /Users/muhamadsolehfuddin/Documents/panen saham/backend/vendor/codeigniter4/framework/system/Commands/Server/rewrite.php(34): require_once('/Users/muhamads...')
#6 {main}
CRITICAL - 2020-12-22 09:39:38 --> Undefined property: App\Controllers\Dashboard::$session
#0 /Users/muhamadsolehfuddin/Documents/panen saham/backend/app/Controllers/DashBoard.php(9): CodeIgniter\Debug\Exceptions->errorHandler(8, 'Undefined prope...', '/Users/muhamads...', 9, Array)
#1 /Users/muhamadsolehfuddin/Documents/panen saham/backend/vendor/codeigniter4/framework/system/CodeIgniter.php(890): App\Controllers\Dashboard->__construct()
#2 /Users/muhamadsolehfuddin/Documents/panen saham/backend/vendor/codeigniter4/framework/system/CodeIgniter.php(399): CodeIgniter\CodeIgniter->createController()
#3 /Users/muhamadsolehfuddin/Documents/panen saham/backend/vendor/codeigniter4/framework/system/CodeIgniter.php(312): CodeIgniter\CodeIgniter->handleRequest(NULL, Object(Config\Cache), false)
#4 /Users/muhamadsolehfuddin/Documents/panen saham/backend/public/index.php(45): CodeIgniter\CodeIgniter->run()
#5 /Users/muhamadsolehfuddin/Documents/panen saham/backend/vendor/codeigniter4/framework/system/Commands/Server/rewrite.php(34): require_once('/Users/muhamads...')
#6 {main}
CRITICAL - 2020-12-22 09:40:00 --> Undefined variable: session
#0 /Users/muhamadsolehfuddin/Documents/panen saham/backend/app/Controllers/DashBoard.php(9): CodeIgniter\Debug\Exceptions->errorHandler(8, 'Undefined varia...', '/Users/muhamads...', 9, Array)
#1 /Users/muhamadsolehfuddin/Documents/panen saham/backend/vendor/codeigniter4/framework/system/CodeIgniter.php(890): App\Controllers\Dashboard->__construct()
#2 /Users/muhamadsolehfuddin/Documents/panen saham/backend/vendor/codeigniter4/framework/system/CodeIgniter.php(399): CodeIgniter\CodeIgniter->createController()
#3 /Users/muhamadsolehfuddin/Documents/panen saham/backend/vendor/codeigniter4/framework/system/CodeIgniter.php(312): CodeIgniter\CodeIgniter->handleRequest(NULL, Object(Config\Cache), false)
#4 /Users/muhamadsolehfuddin/Documents/panen saham/backend/public/index.php(45): CodeIgniter\CodeIgniter->run()
#5 /Users/muhamadsolehfuddin/Documents/panen saham/backend/vendor/codeigniter4/framework/system/Commands/Server/rewrite.php(34): require_once('/Users/muhamads...')
#6 {main}
CRITICAL - 2020-12-22 09:41:18 --> Invalid file: /.php
#0 /Users/muhamadsolehfuddin/Documents/panen saham/backend/vendor/codeigniter4/framework/system/View/View.php(228): CodeIgniter\Exceptions\FrameworkException::forInvalidFile('/.php')
#1 /Users/muhamadsolehfuddin/Documents/panen saham/backend/vendor/codeigniter4/framework/system/Common.php(1119): CodeIgniter\View\View->render('/', Array, true)
#2 /Users/muhamadsolehfuddin/Documents/panen saham/backend/app/Controllers/DashBoard.php(19): view('/')
#3 /Users/muhamadsolehfuddin/Documents/panen saham/backend/vendor/codeigniter4/framework/system/CodeIgniter.php(918): App\Controllers\Dashboard->index()
#4 /Users/muhamadsolehfuddin/Documents/panen saham/backend/vendor/codeigniter4/framework/system/CodeIgniter.php(404): CodeIgniter\CodeIgniter->runController(Object(App\Controllers\Dashboard))
#5 /Users/muhamadsolehfuddin/Documents/panen saham/backend/vendor/codeigniter4/framework/system/CodeIgniter.php(312): CodeIgniter\CodeIgniter->handleRequest(NULL, Object(Config\Cache), false)
#6 /Users/muhamadsolehfuddin/Documents/panen saham/backend/public/index.php(45): CodeIgniter\CodeIgniter->run()
#7 /Users/muhamadsolehfuddin/Documents/panen saham/backend/vendor/codeigniter4/framework/system/Commands/Server/rewrite.php(34): require_once('/Users/muhamads...')
#8 {main}
CRITICAL - 2020-12-22 09:41:49 --> Undefined property: App\Controllers\Dashboard::$session
#0 /Users/muhamadsolehfuddin/Documents/panen saham/backend/app/Controllers/DashBoard.php(9): CodeIgniter\Debug\Exceptions->errorHandler(8, 'Undefined prope...', '/Users/muhamads...', 9, Array)
#1 /Users/muhamadsolehfuddin/Documents/panen saham/backend/vendor/codeigniter4/framework/system/CodeIgniter.php(890): App\Controllers\Dashboard->__construct()
#2 /Users/muhamadsolehfuddin/Documents/panen saham/backend/vendor/codeigniter4/framework/system/CodeIgniter.php(399): CodeIgniter\CodeIgniter->createController()
#3 /Users/muhamadsolehfuddin/Documents/panen saham/backend/vendor/codeigniter4/framework/system/CodeIgniter.php(312): CodeIgniter\CodeIgniter->handleRequest(NULL, Object(Config\Cache), false)
#4 /Users/muhamadsolehfuddin/Documents/panen saham/backend/public/index.php(45): CodeIgniter\CodeIgniter->run()
#5 /Users/muhamadsolehfuddin/Documents/panen saham/backend/vendor/codeigniter4/framework/system/Commands/Server/rewrite.php(34): require_once('/Users/muhamads...')
#6 {main}
CRITICAL - 2020-12-22 09:42:21 --> Undefined property: App\Controllers\Dashboard::$session
#0 /Users/muhamadsolehfuddin/Documents/panen saham/backend/app/Controllers/DashBoard.php(9): CodeIgniter\Debug\Exceptions->errorHandler(8, 'Undefined prope...', '/Users/muhamads...', 9, Array)
#1 /Users/muhamadsolehfuddin/Documents/panen saham/backend/vendor/codeigniter4/framework/system/CodeIgniter.php(890): App\Controllers\Dashboard->__construct()
#2 /Users/muhamadsolehfuddin/Documents/panen saham/backend/vendor/codeigniter4/framework/system/CodeIgniter.php(399): CodeIgniter\CodeIgniter->createController()
#3 /Users/muhamadsolehfuddin/Documents/panen saham/backend/vendor/codeigniter4/framework/system/CodeIgniter.php(312): CodeIgniter\CodeIgniter->handleRequest(NULL, Object(Config\Cache), false)
#4 /Users/muhamadsolehfuddin/Documents/panen saham/backend/public/index.php(45): CodeIgniter\CodeIgniter->run()
#5 /Users/muhamadsolehfuddin/Documents/panen saham/backend/vendor/codeigniter4/framework/system/Commands/Server/rewrite.php(34): require_once('/Users/muhamads...')
#6 {main}
CRITICAL - 2020-12-22 09:42:30 --> Call to undefined method App\Controllers\Dashboard::session()
#0 /Users/muhamadsolehfuddin/Documents/panen saham/backend/vendor/codeigniter4/framework/system/CodeIgniter.php(890): App\Controllers\Dashboard->__construct()
#1 /Users/muhamadsolehfuddin/Documents/panen saham/backend/vendor/codeigniter4/framework/system/CodeIgniter.php(399): CodeIgniter\CodeIgniter->createController()
#2 /Users/muhamadsolehfuddin/Documents/panen saham/backend/vendor/codeigniter4/framework/system/CodeIgniter.php(312): CodeIgniter\CodeIgniter->handleRequest(NULL, Object(Config\Cache), false)
#3 /Users/muhamadsolehfuddin/Documents/panen saham/backend/public/index.php(45): CodeIgniter\CodeIgniter->run()
#4 /Users/muhamadsolehfuddin/Documents/panen saham/backend/vendor/codeigniter4/framework/system/Commands/Server/rewrite.php(34): require_once('/Users/muhamads...')
#5 {main}
CRITICAL - 2020-12-22 09:43:41 --> Call to undefined method App\Controllers\Dashboard::session()
#0 /Users/muhamadsolehfuddin/Documents/panen saham/backend/vendor/codeigniter4/framework/system/CodeIgniter.php(918): App\Controllers\Dashboard->index()
#1 /Users/muhamadsolehfuddin/Documents/panen saham/backend/vendor/codeigniter4/framework/system/CodeIgniter.php(404): CodeIgniter\CodeIgniter->runController(Object(App\Controllers\Dashboard))
#2 /Users/muhamadsolehfuddin/Documents/panen saham/backend/vendor/codeigniter4/framework/system/CodeIgniter.php(312): CodeIgniter\CodeIgniter->handleRequest(NULL, Object(Config\Cache), false)
#3 /Users/muhamadsolehfuddin/Documents/panen saham/backend/public/index.php(45): CodeIgniter\CodeIgniter->run()
#4 /Users/muhamadsolehfuddin/Documents/panen saham/backend/vendor/codeigniter4/framework/system/Commands/Server/rewrite.php(34): require_once('/Users/muhamads...')
#5 {main}
CRITICAL - 2020-12-22 09:43:51 --> Invalid file: /.php
#0 /Users/muhamadsolehfuddin/Documents/panen saham/backend/vendor/codeigniter4/framework/system/View/View.php(228): CodeIgniter\Exceptions\FrameworkException::forInvalidFile('/.php')
#1 /Users/muhamadsolehfuddin/Documents/panen saham/backend/vendor/codeigniter4/framework/system/Common.php(1119): CodeIgniter\View\View->render('/', Array, true)
#2 /Users/muhamadsolehfuddin/Documents/panen saham/backend/app/Controllers/DashBoard.php(19): view('/')
#3 /Users/muhamadsolehfuddin/Documents/panen saham/backend/vendor/codeigniter4/framework/system/CodeIgniter.php(918): App\Controllers\Dashboard->index()
#4 /Users/muhamadsolehfuddin/Documents/panen saham/backend/vendor/codeigniter4/framework/system/CodeIgniter.php(404): CodeIgniter\CodeIgniter->runController(Object(App\Controllers\Dashboard))
#5 /Users/muhamadsolehfuddin/Documents/panen saham/backend/vendor/codeigniter4/framework/system/CodeIgniter.php(312): CodeIgniter\CodeIgniter->handleRequest(NULL, Object(Config\Cache), false)
#6 /Users/muhamadsolehfuddin/Documents/panen saham/backend/public/index.php(45): CodeIgniter\CodeIgniter->run()
#7 /Users/muhamadsolehfuddin/Documents/panen saham/backend/vendor/codeigniter4/framework/system/Commands/Server/rewrite.php(34): require_once('/Users/muhamads...')
#8 {main}
CRITICAL - 2020-12-22 09:44:35 --> Invalid file: /.php
#0 /Users/muhamadsolehfuddin/Documents/panen saham/backend/vendor/codeigniter4/framework/system/View/View.php(228): CodeIgniter\Exceptions\FrameworkException::forInvalidFile('/.php')
#1 /Users/muhamadsolehfuddin/Documents/panen saham/backend/vendor/codeigniter4/framework/system/Common.php(1119): CodeIgniter\View\View->render('/', Array, true)
#2 /Users/muhamadsolehfuddin/Documents/panen saham/backend/app/Controllers/DashBoard.php(16): view('/')
#3 /Users/muhamadsolehfuddin/Documents/panen saham/backend/vendor/codeigniter4/framework/system/CodeIgniter.php(918): App\Controllers\Dashboard->index()
#4 /Users/muhamadsolehfuddin/Documents/panen saham/backend/vendor/codeigniter4/framework/system/CodeIgniter.php(404): CodeIgniter\CodeIgniter->runController(Object(App\Controllers\Dashboard))
#5 /Users/muhamadsolehfuddin/Documents/panen saham/backend/vendor/codeigniter4/framework/system/CodeIgniter.php(312): CodeIgniter\CodeIgniter->handleRequest(NULL, Object(Config\Cache), false)
#6 /Users/muhamadsolehfuddin/Documents/panen saham/backend/public/index.php(45): CodeIgniter\CodeIgniter->run()
#7 /Users/muhamadsolehfuddin/Documents/panen saham/backend/vendor/codeigniter4/framework/system/Commands/Server/rewrite.php(34): require_once('/Users/muhamads...')
#8 {main}
CRITICAL - 2020-12-22 09:46:31 --> Undefined property: App\Controllers\Dashboard::$session
#0 /Users/muhamadsolehfuddin/Documents/panen saham/backend/app/Controllers/Dashboard.php(9): CodeIgniter\Debug\Exceptions->errorHandler(8, 'Undefined prope...', '/Users/muhamads...', 9, Array)
#1 /Users/muhamadsolehfuddin/Documents/panen saham/backend/vendor/codeigniter4/framework/system/CodeIgniter.php(890): App\Controllers\Dashboard->__construct()
#2 /Users/muhamadsolehfuddin/Documents/panen saham/backend/vendor/codeigniter4/framework/system/CodeIgniter.php(399): CodeIgniter\CodeIgniter->createController()
#3 /Users/muhamadsolehfuddin/Documents/panen saham/backend/vendor/codeigniter4/framework/system/CodeIgniter.php(312): CodeIgniter\CodeIgniter->handleRequest(NULL, Object(Config\Cache), false)
#4 /Users/muhamadsolehfuddin/Documents/panen saham/backend/public/index.php(45): CodeIgniter\CodeIgniter->run()
#5 /Users/muhamadsolehfuddin/Documents/panen saham/backend/vendor/codeigniter4/framework/system/Commands/Server/rewrite.php(34): require_once('/Users/muhamads...')
#6 {main}
CRITICAL - 2020-12-22 09:46:34 --> Undefined property: App\Controllers\Dashboard::$session
#0 /Users/muhamadsolehfuddin/Documents/panen saham/backend/app/Controllers/Dashboard.php(9): CodeIgniter\Debug\Exceptions->errorHandler(8, 'Undefined prope...', '/Users/muhamads...', 9, Array)
#1 /Users/muhamadsolehfuddin/Documents/panen saham/backend/vendor/codeigniter4/framework/system/CodeIgniter.php(890): App\Controllers\Dashboard->__construct()
#2 /Users/muhamadsolehfuddin/Documents/panen saham/backend/vendor/codeigniter4/framework/system/CodeIgniter.php(399): CodeIgniter\CodeIgniter->createController()
#3 /Users/muhamadsolehfuddin/Documents/panen saham/backend/vendor/codeigniter4/framework/system/CodeIgniter.php(312): CodeIgniter\CodeIgniter->handleRequest(NULL, Object(Config\Cache), false)
#4 /Users/muhamadsolehfuddin/Documents/panen saham/backend/public/index.php(45): CodeIgniter\CodeIgniter->run()
#5 /Users/muhamadsolehfuddin/Documents/panen saham/backend/vendor/codeigniter4/framework/system/Commands/Server/rewrite.php(34): require_once('/Users/muhamads...')
#6 {main}
CRITICAL - 2020-12-22 09:54:37 --> Class 'App\Models\Menuinformation\InfotypeModel' not found
#0 /Users/muhamadsolehfuddin/Documents/panen saham/backend/vendor/codeigniter4/framework/system/CodeIgniter.php(891): App\Controllers\BaseController->initController(Object(CodeIgniter\HTTP\IncomingRequest), Object(CodeIgniter\HTTP\Response), Object(CodeIgniter\Log\Logger))
#1 /Users/muhamadsolehfuddin/Documents/panen saham/backend/vendor/codeigniter4/framework/system/CodeIgniter.php(399): CodeIgniter\CodeIgniter->createController()
#2 /Users/muhamadsolehfuddin/Documents/panen saham/backend/vendor/codeigniter4/framework/system/CodeIgniter.php(312): CodeIgniter\CodeIgniter->handleRequest(NULL, Object(Config\Cache), false)
#3 /Users/muhamadsolehfuddin/Documents/panen saham/backend/public/index.php(45): CodeIgniter\CodeIgniter->run()
#4 /Users/muhamadsolehfuddin/Documents/panen saham/backend/vendor/codeigniter4/framework/system/Commands/Server/rewrite.php(34): require_once('/Users/muhamads...')
#5 {main}
CRITICAL - 2020-12-22 09:55:12 --> Class 'App\Models\Menuinformation\InfotypeModel' not found
#0 /Users/muhamadsolehfuddin/Documents/panen saham/backend/vendor/codeigniter4/framework/system/CodeIgniter.php(891): App\Controllers\BaseController->initController(Object(CodeIgniter\HTTP\IncomingRequest), Object(CodeIgniter\HTTP\Response), Object(CodeIgniter\Log\Logger))
#1 /Users/muhamadsolehfuddin/Documents/panen saham/backend/vendor/codeigniter4/framework/system/CodeIgniter.php(399): CodeIgniter\CodeIgniter->createController()
#2 /Users/muhamadsolehfuddin/Documents/panen saham/backend/vendor/codeigniter4/framework/system/CodeIgniter.php(312): CodeIgniter\CodeIgniter->handleRequest(NULL, Object(Config\Cache), false)
#3 /Users/muhamadsolehfuddin/Documents/panen saham/backend/public/index.php(45): CodeIgniter\CodeIgniter->run()
#4 /Users/muhamadsolehfuddin/Documents/panen saham/backend/vendor/codeigniter4/framework/system/Commands/Server/rewrite.php(34): require_once('/Users/muhamads...')
#5 {main}
CRITICAL - 2020-12-22 09:55:52 --> Class 'App\Models\Information\InfotypeModel' not found
#0 /Users/muhamadsolehfuddin/Documents/panen saham/backend/vendor/codeigniter4/framework/system/CodeIgniter.php(891): App\Controllers\BaseController->initController(Object(CodeIgniter\HTTP\IncomingRequest), Object(CodeIgniter\HTTP\Response), Object(CodeIgniter\Log\Logger))
#1 /Users/muhamadsolehfuddin/Documents/panen saham/backend/vendor/codeigniter4/framework/system/CodeIgniter.php(399): CodeIgniter\CodeIgniter->createController()
#2 /Users/muhamadsolehfuddin/Documents/panen saham/backend/vendor/codeigniter4/framework/system/CodeIgniter.php(312): CodeIgniter\CodeIgniter->handleRequest(NULL, Object(Config\Cache), false)
#3 /Users/muhamadsolehfuddin/Documents/panen saham/backend/public/index.php(45): CodeIgniter\CodeIgniter->run()
#4 /Users/muhamadsolehfuddin/Documents/panen saham/backend/vendor/codeigniter4/framework/system/Commands/Server/rewrite.php(34): require_once('/Users/muhamads...')
#5 {main}
CRITICAL - 2020-12-22 09:57:55 --> Call to undefined function App\Models\InfotypeModel()
#0 /Users/muhamadsolehfuddin/Documents/panen saham/backend/vendor/codeigniter4/framework/system/CodeIgniter.php(891): App\Controllers\BaseController->initController(Object(CodeIgniter\HTTP\IncomingRequest), Object(CodeIgniter\HTTP\Response), Object(CodeIgniter\Log\Logger))
#1 /Users/muhamadsolehfuddin/Documents/panen saham/backend/vendor/codeigniter4/framework/system/CodeIgniter.php(399): CodeIgniter\CodeIgniter->createController()
#2 /Users/muhamadsolehfuddin/Documents/panen saham/backend/vendor/codeigniter4/framework/system/CodeIgniter.php(312): CodeIgniter\CodeIgniter->handleRequest(NULL, Object(Config\Cache), false)
#3 /Users/muhamadsolehfuddin/Documents/panen saham/backend/public/index.php(45): CodeIgniter\CodeIgniter->run()
#4 /Users/muhamadsolehfuddin/Documents/panen saham/backend/vendor/codeigniter4/framework/system/Commands/Server/rewrite.php(34): require_once('/Users/muhamads...')
#5 {main}
CRITICAL - 2020-12-22 10:13:20 --> Class 'App\Controllers\Information\BaseController' not found
#0 /Users/muhamadsolehfuddin/Documents/panen saham/backend/vendor/codeigniter4/framework/system/Autoloader/Autoloader.php(365): require_once()
#1 /Users/muhamadsolehfuddin/Documents/panen saham/backend/vendor/codeigniter4/framework/system/Autoloader/Autoloader.php(296): CodeIgniter\Autoloader\Autoloader->requireFile('/Users/muhamads...')
#2 /Users/muhamadsolehfuddin/Documents/panen saham/backend/vendor/codeigniter4/framework/system/Autoloader/Autoloader.php(258): CodeIgniter\Autoloader\Autoloader->loadInNamespace('App\\Controllers...')
#3 [internal function]: CodeIgniter\Autoloader\Autoloader->loadClass('App\\Controllers...')
#4 [internal function]: spl_autoload_call('App\\Controllers...')
#5 /Users/muhamadsolehfuddin/Documents/panen saham/backend/vendor/codeigniter4/framework/system/CodeIgniter.php(869): class_exists('\\App\\Controller...', true)
#6 /Users/muhamadsolehfuddin/Documents/panen saham/backend/vendor/codeigniter4/framework/system/CodeIgniter.php(394): CodeIgniter\CodeIgniter->startController()
#7 /Users/muhamadsolehfuddin/Documents/panen saham/backend/vendor/codeigniter4/framework/system/CodeIgniter.php(312): CodeIgniter\CodeIgniter->handleRequest(NULL, Object(Config\Cache), false)
#8 /Users/muhamadsolehfuddin/Documents/panen saham/backend/public/index.php(45): CodeIgniter\CodeIgniter->run()
#9 /Users/muhamadsolehfuddin/Documents/panen saham/backend/vendor/codeigniter4/framework/system/Commands/Server/rewrite.php(34): require_once('/Users/muhamads...')
#10 {main}
CRITICAL - 2020-12-22 10:13:54 --> Class 'App\Controllers\Information\BaseController' not found
#0 /Users/muhamadsolehfuddin/Documents/panen saham/backend/vendor/codeigniter4/framework/system/Autoloader/Autoloader.php(365): require_once()
#1 /Users/muhamadsolehfuddin/Documents/panen saham/backend/vendor/codeigniter4/framework/system/Autoloader/Autoloader.php(296): CodeIgniter\Autoloader\Autoloader->requireFile('/Users/muhamads...')
#2 /Users/muhamadsolehfuddin/Documents/panen saham/backend/vendor/codeigniter4/framework/system/Autoloader/Autoloader.php(258): CodeIgniter\Autoloader\Autoloader->loadInNamespace('App\\Controllers...')
#3 [internal function]: CodeIgniter\Autoloader\Autoloader->loadClass('App\\Controllers...')
#4 [internal function]: spl_autoload_call('App\\Controllers...')
#5 /Users/muhamadsolehfuddin/Documents/panen saham/backend/vendor/codeigniter4/framework/system/CodeIgniter.php(869): class_exists('\\App\\Controller...', true)
#6 /Users/muhamadsolehfuddin/Documents/panen saham/backend/vendor/codeigniter4/framework/system/CodeIgniter.php(394): CodeIgniter\CodeIgniter->startController()
#7 /Users/muhamadsolehfuddin/Documents/panen saham/backend/vendor/codeigniter4/framework/system/CodeIgniter.php(312): CodeIgniter\CodeIgniter->handleRequest(NULL, Object(Config\Cache), false)
#8 /Users/muhamadsolehfuddin/Documents/panen saham/backend/public/index.php(45): CodeIgniter\CodeIgniter->run()
#9 /Users/muhamadsolehfuddin/Documents/panen saham/backend/vendor/codeigniter4/framework/system/Commands/Server/rewrite.php(34): require_once('/Users/muhamads...')
#10 {main}
CRITICAL - 2020-12-22 10:14:55 --> Class 'App\Controllers\Information\BaseController' not found
#0 /Users/muhamadsolehfuddin/Documents/panen saham/backend/vendor/codeigniter4/framework/system/Autoloader/Autoloader.php(365): require_once()
#1 /Users/muhamadsolehfuddin/Documents/panen saham/backend/vendor/codeigniter4/framework/system/Autoloader/Autoloader.php(296): CodeIgniter\Autoloader\Autoloader->requireFile('/Users/muhamads...')
#2 /Users/muhamadsolehfuddin/Documents/panen saham/backend/vendor/codeigniter4/framework/system/Autoloader/Autoloader.php(258): CodeIgniter\Autoloader\Autoloader->loadInNamespace('App\\Controllers...')
#3 [internal function]: CodeIgniter\Autoloader\Autoloader->loadClass('App\\Controllers...')
#4 [internal function]: spl_autoload_call('App\\Controllers...')
#5 /Users/muhamadsolehfuddin/Documents/panen saham/backend/vendor/codeigniter4/framework/system/CodeIgniter.php(869): class_exists('\\App\\Controller...', true)
#6 /Users/muhamadsolehfuddin/Documents/panen saham/backend/vendor/codeigniter4/framework/system/CodeIgniter.php(394): CodeIgniter\CodeIgniter->startController()
#7 /Users/muhamadsolehfuddin/Documents/panen saham/backend/vendor/codeigniter4/framework/system/CodeIgniter.php(312): CodeIgniter\CodeIgniter->handleRequest(NULL, Object(Config\Cache), false)
#8 /Users/muhamadsolehfuddin/Documents/panen saham/backend/public/index.php(45): CodeIgniter\CodeIgniter->run()
#9 /Users/muhamadsolehfuddin/Documents/panen saham/backend/vendor/codeigniter4/framework/system/Commands/Server/rewrite.php(34): require_once('/Users/muhamads...')
#10 {main}
CRITICAL - 2020-12-22 10:15:18 --> Class 'App\Controllers\Information\BaseController' not found
#0 /Users/muhamadsolehfuddin/Documents/panen saham/backend/vendor/codeigniter4/framework/system/Autoloader/Autoloader.php(365): require_once()
#1 /Users/muhamadsolehfuddin/Documents/panen saham/backend/vendor/codeigniter4/framework/system/Autoloader/Autoloader.php(296): CodeIgniter\Autoloader\Autoloader->requireFile('/Users/muhamads...')
#2 /Users/muhamadsolehfuddin/Documents/panen saham/backend/vendor/codeigniter4/framework/system/Autoloader/Autoloader.php(258): CodeIgniter\Autoloader\Autoloader->loadInNamespace('App\\Controllers...')
#3 [internal function]: CodeIgniter\Autoloader\Autoloader->loadClass('App\\Controllers...')
#4 [internal function]: spl_autoload_call('App\\Controllers...')
#5 /Users/muhamadsolehfuddin/Documents/panen saham/backend/vendor/codeigniter4/framework/system/CodeIgniter.php(869): class_exists('\\App\\Controller...', true)
#6 /Users/muhamadsolehfuddin/Documents/panen saham/backend/vendor/codeigniter4/framework/system/CodeIgniter.php(394): CodeIgniter\CodeIgniter->startController()
#7 /Users/muhamadsolehfuddin/Documents/panen saham/backend/vendor/codeigniter4/framework/system/CodeIgniter.php(312): CodeIgniter\CodeIgniter->handleRequest(NULL, Object(Config\Cache), false)
#8 /Users/muhamadsolehfuddin/Documents/panen saham/backend/public/index.php(45): CodeIgniter\CodeIgniter->run()
#9 /Users/muhamadsolehfuddin/Documents/panen saham/backend/vendor/codeigniter4/framework/system/Commands/Server/rewrite.php(34): require_once('/Users/muhamads...')
#10 {main}
CRITICAL - 2020-12-22 10:16:06 --> Class 'App\Controllers\Information\BaseController' not found
#0 /Users/muhamadsolehfuddin/Documents/panen saham/backend/vendor/codeigniter4/framework/system/Autoloader/Autoloader.php(365): require_once()
#1 /Users/muhamadsolehfuddin/Documents/panen saham/backend/vendor/codeigniter4/framework/system/Autoloader/Autoloader.php(296): CodeIgniter\Autoloader\Autoloader->requireFile('/Users/muhamads...')
#2 /Users/muhamadsolehfuddin/Documents/panen saham/backend/vendor/codeigniter4/framework/system/Autoloader/Autoloader.php(258): CodeIgniter\Autoloader\Autoloader->loadInNamespace('App\\Controllers...')
#3 [internal function]: CodeIgniter\Autoloader\Autoloader->loadClass('App\\Controllers...')
#4 [internal function]: spl_autoload_call('App\\Controllers...')
#5 /Users/muhamadsolehfuddin/Documents/panen saham/backend/vendor/codeigniter4/framework/system/CodeIgniter.php(869): class_exists('\\App\\Controller...', true)
#6 /Users/muhamadsolehfuddin/Documents/panen saham/backend/vendor/codeigniter4/framework/system/CodeIgniter.php(394): CodeIgniter\CodeIgniter->startController()
#7 /Users/muhamadsolehfuddin/Documents/panen saham/backend/vendor/codeigniter4/framework/system/CodeIgniter.php(312): CodeIgniter\CodeIgniter->handleRequest(NULL, Object(Config\Cache), false)
#8 /Users/muhamadsolehfuddin/Documents/panen saham/backend/public/index.php(45): CodeIgniter\CodeIgniter->run()
#9 /Users/muhamadsolehfuddin/Documents/panen saham/backend/vendor/codeigniter4/framework/system/Commands/Server/rewrite.php(34): require_once('/Users/muhamads...')
#10 {main}
CRITICAL - 2020-12-22 10:16:16 --> Class 'App\Controllers\Information\BaseController' not found
#0 /Users/muhamadsolehfuddin/Documents/panen saham/backend/vendor/codeigniter4/framework/system/Autoloader/Autoloader.php(365): require_once()
#1 /Users/muhamadsolehfuddin/Documents/panen saham/backend/vendor/codeigniter4/framework/system/Autoloader/Autoloader.php(296): CodeIgniter\Autoloader\Autoloader->requireFile('/Users/muhamads...')
#2 /Users/muhamadsolehfuddin/Documents/panen saham/backend/vendor/codeigniter4/framework/system/Autoloader/Autoloader.php(258): CodeIgniter\Autoloader\Autoloader->loadInNamespace('App\\Controllers...')
#3 [internal function]: CodeIgniter\Autoloader\Autoloader->loadClass('App\\Controllers...')
#4 [internal function]: spl_autoload_call('App\\Controllers...')
#5 /Users/muhamadsolehfuddin/Documents/panen saham/backend/vendor/codeigniter4/framework/system/CodeIgniter.php(869): class_exists('\\App\\Controller...', true)
#6 /Users/muhamadsolehfuddin/Documents/panen saham/backend/vendor/codeigniter4/framework/system/CodeIgniter.php(394): CodeIgniter\CodeIgniter->startController()
#7 /Users/muhamadsolehfuddin/Documents/panen saham/backend/vendor/codeigniter4/framework/system/CodeIgniter.php(312): CodeIgniter\CodeIgniter->handleRequest(NULL, Object(Config\Cache), false)
#8 /Users/muhamadsolehfuddin/Documents/panen saham/backend/public/index.php(45): CodeIgniter\CodeIgniter->run()
#9 /Users/muhamadsolehfuddin/Documents/panen saham/backend/vendor/codeigniter4/framework/system/Commands/Server/rewrite.php(34): require_once('/Users/muhamads...')
#10 {main}
CRITICAL - 2020-12-22 10:17:42 --> Class 'App\Controllers\Information\BaseController' not found
#0 /Users/muhamadsolehfuddin/Documents/panen saham/backend/vendor/codeigniter4/framework/system/Autoloader/Autoloader.php(365): require_once()
#1 /Users/muhamadsolehfuddin/Documents/panen saham/backend/vendor/codeigniter4/framework/system/Autoloader/Autoloader.php(296): CodeIgniter\Autoloader\Autoloader->requireFile('/Users/muhamads...')
#2 /Users/muhamadsolehfuddin/Documents/panen saham/backend/vendor/codeigniter4/framework/system/Autoloader/Autoloader.php(258): CodeIgniter\Autoloader\Autoloader->loadInNamespace('App\\Controllers...')
#3 [internal function]: CodeIgniter\Autoloader\Autoloader->loadClass('App\\Controllers...')
#4 [internal function]: spl_autoload_call('App\\Controllers...')
#5 /Users/muhamadsolehfuddin/Documents/panen saham/backend/vendor/codeigniter4/framework/system/CodeIgniter.php(869): class_exists('\\App\\Controller...', true)
#6 /Users/muhamadsolehfuddin/Documents/panen saham/backend/vendor/codeigniter4/framework/system/CodeIgniter.php(394): CodeIgniter\CodeIgniter->startController()
#7 /Users/muhamadsolehfuddin/Documents/panen saham/backend/vendor/codeigniter4/framework/system/CodeIgniter.php(312): CodeIgniter\CodeIgniter->handleRequest(NULL, Object(Config\Cache), false)
#8 /Users/muhamadsolehfuddin/Documents/panen saham/backend/public/index.php(45): CodeIgniter\CodeIgniter->run()
#9 /Users/muhamadsolehfuddin/Documents/panen saham/backend/vendor/codeigniter4/framework/system/Commands/Server/rewrite.php(34): require_once('/Users/muhamads...')
#10 {main}
CRITICAL - 2020-12-22 10:17:56 --> Class 'App\Controllers\Information\BaseController' not found
#0 /Users/muhamadsolehfuddin/Documents/panen saham/backend/vendor/codeigniter4/framework/system/Autoloader/Autoloader.php(365): require_once()
#1 /Users/muhamadsolehfuddin/Documents/panen saham/backend/vendor/codeigniter4/framework/system/Autoloader/Autoloader.php(296): CodeIgniter\Autoloader\Autoloader->requireFile('/Users/muhamads...')
#2 /Users/muhamadsolehfuddin/Documents/panen saham/backend/vendor/codeigniter4/framework/system/Autoloader/Autoloader.php(258): CodeIgniter\Autoloader\Autoloader->loadInNamespace('App\\Controllers...')
#3 [internal function]: CodeIgniter\Autoloader\Autoloader->loadClass('App\\Controllers...')
#4 [internal function]: spl_autoload_call('App\\Controllers...')
#5 /Users/muhamadsolehfuddin/Documents/panen saham/backend/vendor/codeigniter4/framework/system/CodeIgniter.php(869): class_exists('\\App\\Controller...', true)
#6 /Users/muhamadsolehfuddin/Documents/panen saham/backend/vendor/codeigniter4/framework/system/CodeIgniter.php(394): CodeIgniter\CodeIgniter->startController()
#7 /Users/muhamadsolehfuddin/Documents/panen saham/backend/vendor/codeigniter4/framework/system/CodeIgniter.php(312): CodeIgniter\CodeIgniter->handleRequest(NULL, Object(Config\Cache), false)
#8 /Users/muhamadsolehfuddin/Documents/panen saham/backend/public/index.php(45): CodeIgniter\CodeIgniter->run()
#9 /Users/muhamadsolehfuddin/Documents/panen saham/backend/vendor/codeigniter4/framework/system/Commands/Server/rewrite.php(34): require_once('/Users/muhamads...')
#10 {main}
CRITICAL - 2020-12-22 10:18:02 --> Class 'App\Controllers\Information\BaseController' not found
#0 /Users/muhamadsolehfuddin/Documents/panen saham/backend/vendor/codeigniter4/framework/system/Autoloader/Autoloader.php(365): require_once()
#1 /Users/muhamadsolehfuddin/Documents/panen saham/backend/vendor/codeigniter4/framework/system/Autoloader/Autoloader.php(296): CodeIgniter\Autoloader\Autoloader->requireFile('/Users/muhamads...')
#2 /Users/muhamadsolehfuddin/Documents/panen saham/backend/vendor/codeigniter4/framework/system/Autoloader/Autoloader.php(258): CodeIgniter\Autoloader\Autoloader->loadInNamespace('App\\Controllers...')
#3 [internal function]: CodeIgniter\Autoloader\Autoloader->loadClass('App\\Controllers...')
#4 [internal function]: spl_autoload_call('App\\Controllers...')
#5 /Users/muhamadsolehfuddin/Documents/panen saham/backend/vendor/codeigniter4/framework/system/CodeIgniter.php(869): class_exists('\\App\\Controller...', true)
#6 /Users/muhamadsolehfuddin/Documents/panen saham/backend/vendor/codeigniter4/framework/system/CodeIgniter.php(394): CodeIgniter\CodeIgniter->startController()
#7 /Users/muhamadsolehfuddin/Documents/panen saham/backend/vendor/codeigniter4/framework/system/CodeIgniter.php(312): CodeIgniter\CodeIgniter->handleRequest(NULL, Object(Config\Cache), false)
#8 /Users/muhamadsolehfuddin/Documents/panen saham/backend/public/index.php(45): CodeIgniter\CodeIgniter->run()
#9 /Users/muhamadsolehfuddin/Documents/panen saham/backend/vendor/codeigniter4/framework/system/Commands/Server/rewrite.php(34): require_once('/Users/muhamads...')
#10 {main}
CRITICAL - 2020-12-22 10:19:56 --> Class 'App\Controllers\Information\BaseController' not found
#0 /Users/muhamadsolehfuddin/Documents/panen saham/backend/vendor/codeigniter4/framework/system/Autoloader/Autoloader.php(365): require_once()
#1 /Users/muhamadsolehfuddin/Documents/panen saham/backend/vendor/codeigniter4/framework/system/Autoloader/Autoloader.php(296): CodeIgniter\Autoloader\Autoloader->requireFile('/Users/muhamads...')
#2 /Users/muhamadsolehfuddin/Documents/panen saham/backend/vendor/codeigniter4/framework/system/Autoloader/Autoloader.php(258): CodeIgniter\Autoloader\Autoloader->loadInNamespace('App\\Controllers...')
#3 [internal function]: CodeIgniter\Autoloader\Autoloader->loadClass('App\\Controllers...')
#4 [internal function]: spl_autoload_call('App\\Controllers...')
#5 /Users/muhamadsolehfuddin/Documents/panen saham/backend/vendor/codeigniter4/framework/system/CodeIgniter.php(869): class_exists('\\App\\Controller...', true)
#6 /Users/muhamadsolehfuddin/Documents/panen saham/backend/vendor/codeigniter4/framework/system/CodeIgniter.php(394): CodeIgniter\CodeIgniter->startController()
#7 /Users/muhamadsolehfuddin/Documents/panen saham/backend/vendor/codeigniter4/framework/system/CodeIgniter.php(312): CodeIgniter\CodeIgniter->handleRequest(NULL, Object(Config\Cache), false)
#8 /Users/muhamadsolehfuddin/Documents/panen saham/backend/public/index.php(45): CodeIgniter\CodeIgniter->run()
#9 /Users/muhamadsolehfuddin/Documents/panen saham/backend/vendor/codeigniter4/framework/system/Commands/Server/rewrite.php(34): require_once('/Users/muhamads...')
#10 {main}
CRITICAL - 2020-12-22 10:21:01 --> Class 'App\Controllers\Codeigniter\BaseController' not found
#0 /Users/muhamadsolehfuddin/Documents/panen saham/backend/vendor/codeigniter4/framework/system/Autoloader/Autoloader.php(365): require_once()
#1 /Users/muhamadsolehfuddin/Documents/panen saham/backend/vendor/codeigniter4/framework/system/Autoloader/Autoloader.php(296): CodeIgniter\Autoloader\Autoloader->requireFile('/Users/muhamads...')
#2 /Users/muhamadsolehfuddin/Documents/panen saham/backend/vendor/codeigniter4/framework/system/Autoloader/Autoloader.php(258): CodeIgniter\Autoloader\Autoloader->loadInNamespace('App\\Controllers...')
#3 [internal function]: CodeIgniter\Autoloader\Autoloader->loadClass('App\\Controllers...')
#4 [internal function]: spl_autoload_call('App\\Controllers...')
#5 /Users/muhamadsolehfuddin/Documents/panen saham/backend/vendor/codeigniter4/framework/system/CodeIgniter.php(869): class_exists('\\App\\Controller...', true)
#6 /Users/muhamadsolehfuddin/Documents/panen saham/backend/vendor/codeigniter4/framework/system/CodeIgniter.php(394): CodeIgniter\CodeIgniter->startController()
#7 /Users/muhamadsolehfuddin/Documents/panen saham/backend/vendor/codeigniter4/framework/system/CodeIgniter.php(312): CodeIgniter\CodeIgniter->handleRequest(NULL, Object(Config\Cache), false)
#8 /Users/muhamadsolehfuddin/Documents/panen saham/backend/public/index.php(45): CodeIgniter\CodeIgniter->run()
#9 /Users/muhamadsolehfuddin/Documents/panen saham/backend/vendor/codeigniter4/framework/system/Commands/Server/rewrite.php(34): require_once('/Users/muhamads...')
#10 {main}
CRITICAL - 2020-12-22 10:21:47 --> Class 'App\Controllers\Information\BaseController' not found
#0 /Users/muhamadsolehfuddin/Documents/panen saham/backend/vendor/codeigniter4/framework/system/Autoloader/Autoloader.php(365): require_once()
#1 /Users/muhamadsolehfuddin/Documents/panen saham/backend/vendor/codeigniter4/framework/system/Autoloader/Autoloader.php(296): CodeIgniter\Autoloader\Autoloader->requireFile('/Users/muhamads...')
#2 /Users/muhamadsolehfuddin/Documents/panen saham/backend/vendor/codeigniter4/framework/system/Autoloader/Autoloader.php(258): CodeIgniter\Autoloader\Autoloader->loadInNamespace('App\\Controllers...')
#3 [internal function]: CodeIgniter\Autoloader\Autoloader->loadClass('App\\Controllers...')
#4 [internal function]: spl_autoload_call('App\\Controllers...')
#5 /Users/muhamadsolehfuddin/Documents/panen saham/backend/vendor/codeigniter4/framework/system/CodeIgniter.php(869): class_exists('\\App\\Controller...', true)
#6 /Users/muhamadsolehfuddin/Documents/panen saham/backend/vendor/codeigniter4/framework/system/CodeIgniter.php(394): CodeIgniter\CodeIgniter->startController()
#7 /Users/muhamadsolehfuddin/Documents/panen saham/backend/vendor/codeigniter4/framework/system/CodeIgniter.php(312): CodeIgniter\CodeIgniter->handleRequest(NULL, Object(Config\Cache), false)
#8 /Users/muhamadsolehfuddin/Documents/panen saham/backend/public/index.php(45): CodeIgniter\CodeIgniter->run()
#9 /Users/muhamadsolehfuddin/Documents/panen saham/backend/vendor/codeigniter4/framework/system/Commands/Server/rewrite.php(34): require_once('/Users/muhamads...')
#10 {main}
CRITICAL - 2020-12-22 10:26:06 --> Class 'App\Controllers\Information\BaseController' not found
#0 /Users/muhamadsolehfuddin/Documents/panen saham/backend/vendor/codeigniter4/framework/system/Autoloader/Autoloader.php(365): require_once()
#1 /Users/muhamadsolehfuddin/Documents/panen saham/backend/vendor/codeigniter4/framework/system/Autoloader/Autoloader.php(296): CodeIgniter\Autoloader\Autoloader->requireFile('/Users/muhamads...')
#2 /Users/muhamadsolehfuddin/Documents/panen saham/backend/vendor/codeigniter4/framework/system/Autoloader/Autoloader.php(258): CodeIgniter\Autoloader\Autoloader->loadInNamespace('App\\Controllers...')
#3 [internal function]: CodeIgniter\Autoloader\Autoloader->loadClass('App\\Controllers...')
#4 [internal function]: spl_autoload_call('App\\Controllers...')
#5 /Users/muhamadsolehfuddin/Documents/panen saham/backend/vendor/codeigniter4/framework/system/CodeIgniter.php(869): class_exists('\\App\\Controller...', true)
#6 /Users/muhamadsolehfuddin/Documents/panen saham/backend/vendor/codeigniter4/framework/system/CodeIgniter.php(394): CodeIgniter\CodeIgniter->startController()
#7 /Users/muhamadsolehfuddin/Documents/panen saham/backend/vendor/codeigniter4/framework/system/CodeIgniter.php(312): CodeIgniter\CodeIgniter->handleRequest(NULL, Object(Config\Cache), false)
#8 /Users/muhamadsolehfuddin/Documents/panen saham/backend/public/index.php(45): CodeIgniter\CodeIgniter->run()
#9 /Users/muhamadsolehfuddin/Documents/panen saham/backend/vendor/codeigniter4/framework/system/Commands/Server/rewrite.php(34): require_once('/Users/muhamads...')
#10 {main}
CRITICAL - 2020-12-22 10:26:29 --> Class 'App\Controllers\Information\BaseController' not found
#0 /Users/muhamadsolehfuddin/Documents/panen saham/backend/vendor/codeigniter4/framework/system/Autoloader/Autoloader.php(365): require_once()
#1 /Users/muhamadsolehfuddin/Documents/panen saham/backend/vendor/codeigniter4/framework/system/Autoloader/Autoloader.php(296): CodeIgniter\Autoloader\Autoloader->requireFile('/Users/muhamads...')
#2 /Users/muhamadsolehfuddin/Documents/panen saham/backend/vendor/codeigniter4/framework/system/Autoloader/Autoloader.php(258): CodeIgniter\Autoloader\Autoloader->loadInNamespace('App\\Controllers...')
#3 [internal function]: CodeIgniter\Autoloader\Autoloader->loadClass('App\\Controllers...')
#4 [internal function]: spl_autoload_call('App\\Controllers...')
#5 /Users/muhamadsolehfuddin/Documents/panen saham/backend/vendor/codeigniter4/framework/system/CodeIgniter.php(869): class_exists('\\App\\Controller...', true)
#6 /Users/muhamadsolehfuddin/Documents/panen saham/backend/vendor/codeigniter4/framework/system/CodeIgniter.php(394): CodeIgniter\CodeIgniter->startController()
#7 /Users/muhamadsolehfuddin/Documents/panen saham/backend/vendor/codeigniter4/framework/system/CodeIgniter.php(312): CodeIgniter\CodeIgniter->handleRequest(NULL, Object(Config\Cache), false)
#8 /Users/muhamadsolehfuddin/Documents/panen saham/backend/public/index.php(45): CodeIgniter\CodeIgniter->run()
#9 /Users/muhamadsolehfuddin/Documents/panen saham/backend/vendor/codeigniter4/framework/system/Commands/Server/rewrite.php(34): require_once('/Users/muhamads...')
#10 {main}
CRITICAL - 2020-12-22 10:28:07 --> Class 'CodeIgniter\Controllers\BaseController' not found
#0 /Users/muhamadsolehfuddin/Documents/panen saham/backend/vendor/codeigniter4/framework/system/Autoloader/Autoloader.php(365): require_once()
#1 /Users/muhamadsolehfuddin/Documents/panen saham/backend/vendor/codeigniter4/framework/system/Autoloader/Autoloader.php(296): CodeIgniter\Autoloader\Autoloader->requireFile('/Users/muhamads...')
#2 /Users/muhamadsolehfuddin/Documents/panen saham/backend/vendor/codeigniter4/framework/system/Autoloader/Autoloader.php(258): CodeIgniter\Autoloader\Autoloader->loadInNamespace('App\\Controllers...')
#3 [internal function]: CodeIgniter\Autoloader\Autoloader->loadClass('App\\Controllers...')
#4 [internal function]: spl_autoload_call('App\\Controllers...')
#5 /Users/muhamadsolehfuddin/Documents/panen saham/backend/vendor/codeigniter4/framework/system/CodeIgniter.php(869): class_exists('\\App\\Controller...', true)
#6 /Users/muhamadsolehfuddin/Documents/panen saham/backend/vendor/codeigniter4/framework/system/CodeIgniter.php(394): CodeIgniter\CodeIgniter->startController()
#7 /Users/muhamadsolehfuddin/Documents/panen saham/backend/vendor/codeigniter4/framework/system/CodeIgniter.php(312): CodeIgniter\CodeIgniter->handleRequest(NULL, Object(Config\Cache), false)
#8 /Users/muhamadsolehfuddin/Documents/panen saham/backend/public/index.php(45): CodeIgniter\CodeIgniter->run()
#9 /Users/muhamadsolehfuddin/Documents/panen saham/backend/vendor/codeigniter4/framework/system/Commands/Server/rewrite.php(34): require_once('/Users/muhamads...')
#10 {main}
CRITICAL - 2020-12-22 10:28:27 --> Class 'CodeIgniter\Controllers\BaseController' not found
#0 /Users/muhamadsolehfuddin/Documents/panen saham/backend/vendor/codeigniter4/framework/system/Autoloader/Autoloader.php(365): require_once()
#1 /Users/muhamadsolehfuddin/Documents/panen saham/backend/vendor/codeigniter4/framework/system/Autoloader/Autoloader.php(296): CodeIgniter\Autoloader\Autoloader->requireFile('/Users/muhamads...')
#2 /Users/muhamadsolehfuddin/Documents/panen saham/backend/vendor/codeigniter4/framework/system/Autoloader/Autoloader.php(258): CodeIgniter\Autoloader\Autoloader->loadInNamespace('App\\Controllers...')
#3 [internal function]: CodeIgniter\Autoloader\Autoloader->loadClass('App\\Controllers...')
#4 [internal function]: spl_autoload_call('App\\Controllers...')
#5 /Users/muhamadsolehfuddin/Documents/panen saham/backend/vendor/codeigniter4/framework/system/CodeIgniter.php(869): class_exists('\\App\\Controller...', true)
#6 /Users/muhamadsolehfuddin/Documents/panen saham/backend/vendor/codeigniter4/framework/system/CodeIgniter.php(394): CodeIgniter\CodeIgniter->startController()
#7 /Users/muhamadsolehfuddin/Documents/panen saham/backend/vendor/codeigniter4/framework/system/CodeIgniter.php(312): CodeIgniter\CodeIgniter->handleRequest(NULL, Object(Config\Cache), false)
#8 /Users/muhamadsolehfuddin/Documents/panen saham/backend/public/index.php(45): CodeIgniter\CodeIgniter->run()
#9 /Users/muhamadsolehfuddin/Documents/panen saham/backend/vendor/codeigniter4/framework/system/Commands/Server/rewrite.php(34): require_once('/Users/muhamads...')
#10 {main}
