CRITICAL - 2020-12-20 01:25:13 --> Invalid file: sidenav_admin.php
#0 /Users/muhamadsolehfuddin/Documents/panen saham/backend/vendor/codeigniter4/framework/system/View/View.php(228): CodeIgniter\Exceptions\FrameworkException::forInvalidFile('sidenav_admin.p...')
#1 /Users/muhamadsolehfuddin/Documents/panen saham/backend/vendor/codeigniter4/framework/system/View/View.php(525): CodeIgniter\View\View->render('sidenav_admin', NULL, true)
#2 /Users/muhamadsolehfuddin/Documents/panen saham/backend/app/Views/components/template_admin.php(55): CodeIgniter\View\View->include('sidenav_admin')
#3 /Users/muhamadsolehfuddin/Documents/panen saham/backend/vendor/codeigniter4/framework/system/View/View.php(246): include('/Users/muhamads...')
#4 /Users/muhamadsolehfuddin/Documents/panen saham/backend/vendor/codeigniter4/framework/system/View/View.php(257): CodeIgniter\View\View->render('components/temp...', Array, true)
#5 /Users/muhamadsolehfuddin/Documents/panen saham/backend/vendor/codeigniter4/framework/system/Common.php(1119): CodeIgniter\View\View->render('view_dashboard', Array, true)
#6 /Users/muhamadsolehfuddin/Documents/panen saham/backend/app/Controllers/Dashboard.php(8): view('view_dashboard')
#7 /Users/muhamadsolehfuddin/Documents/panen saham/backend/vendor/codeigniter4/framework/system/CodeIgniter.php(918): App\Controllers\Dashboard->index()
#8 /Users/muhamadsolehfuddin/Documents/panen saham/backend/vendor/codeigniter4/framework/system/CodeIgniter.php(404): CodeIgniter\CodeIgniter->runController(Object(App\Controllers\Dashboard))
#9 /Users/muhamadsolehfuddin/Documents/panen saham/backend/vendor/codeigniter4/framework/system/CodeIgniter.php(312): CodeIgniter\CodeIgniter->handleRequest(NULL, Object(Config\Cache), false)
#10 /Users/muhamadsolehfuddin/Documents/panen saham/backend/public/index.php(45): CodeIgniter\CodeIgniter->run()
#11 /Users/muhamadsolehfuddin/Documents/panen saham/backend/vendor/codeigniter4/framework/system/Commands/Server/rewrite.php(34): require_once('/Users/muhamads...')
#12 {main}
CRITICAL - 2020-12-20 01:40:47 --> Call to undefined function form_open()
#0 /Users/muhamadsolehfuddin/Documents/panen saham/backend/vendor/codeigniter4/framework/system/View/View.php(246): include()
#1 /Users/muhamadsolehfuddin/Documents/panen saham/backend/vendor/codeigniter4/framework/system/Common.php(1119): CodeIgniter\View\View->render('view_login', Array, true)
#2 /Users/muhamadsolehfuddin/Documents/panen saham/backend/app/Controllers/Login.php(8): view('view_login')
#3 /Users/muhamadsolehfuddin/Documents/panen saham/backend/vendor/codeigniter4/framework/system/CodeIgniter.php(918): App\Controllers\Login->index()
#4 /Users/muhamadsolehfuddin/Documents/panen saham/backend/vendor/codeigniter4/framework/system/CodeIgniter.php(404): CodeIgniter\CodeIgniter->runController(Object(App\Controllers\Login))
#5 /Users/muhamadsolehfuddin/Documents/panen saham/backend/vendor/codeigniter4/framework/system/CodeIgniter.php(312): CodeIgniter\CodeIgniter->handleRequest(NULL, Object(Config\Cache), false)
#6 /Users/muhamadsolehfuddin/Documents/panen saham/backend/public/index.php(45): CodeIgniter\CodeIgniter->run()
#7 /Users/muhamadsolehfuddin/Documents/panen saham/backend/vendor/codeigniter4/framework/system/Commands/Server/rewrite.php(34): require_once('/Users/muhamads...')
#8 {main}
CRITICAL - 2020-12-20 01:41:22 --> Call to undefined function form_open()
#0 /Users/muhamadsolehfuddin/Documents/panen saham/backend/vendor/codeigniter4/framework/system/View/View.php(246): include()
#1 /Users/muhamadsolehfuddin/Documents/panen saham/backend/vendor/codeigniter4/framework/system/Common.php(1119): CodeIgniter\View\View->render('view_login', Array, true)
#2 /Users/muhamadsolehfuddin/Documents/panen saham/backend/app/Controllers/Login.php(8): view('view_login')
#3 /Users/muhamadsolehfuddin/Documents/panen saham/backend/vendor/codeigniter4/framework/system/CodeIgniter.php(918): App\Controllers\Login->index()
#4 /Users/muhamadsolehfuddin/Documents/panen saham/backend/vendor/codeigniter4/framework/system/CodeIgniter.php(404): CodeIgniter\CodeIgniter->runController(Object(App\Controllers\Login))
#5 /Users/muhamadsolehfuddin/Documents/panen saham/backend/vendor/codeigniter4/framework/system/CodeIgniter.php(312): CodeIgniter\CodeIgniter->handleRequest(NULL, Object(Config\Cache), false)
#6 /Users/muhamadsolehfuddin/Documents/panen saham/backend/public/index.php(45): CodeIgniter\CodeIgniter->run()
#7 /Users/muhamadsolehfuddin/Documents/panen saham/backend/vendor/codeigniter4/framework/system/Commands/Server/rewrite.php(34): require_once('/Users/muhamads...')
#8 {main}
CRITICAL - 2020-12-20 01:58:08 --> Call to undefined function form_open()
#0 /Users/muhamadsolehfuddin/Documents/panen saham/backend/vendor/codeigniter4/framework/system/View/View.php(246): include()
#1 /Users/muhamadsolehfuddin/Documents/panen saham/backend/vendor/codeigniter4/framework/system/Common.php(1119): CodeIgniter\View\View->render('view_login', Array, true)
#2 /Users/muhamadsolehfuddin/Documents/panen saham/backend/app/Controllers/Login.php(8): view('view_login')
#3 /Users/muhamadsolehfuddin/Documents/panen saham/backend/vendor/codeigniter4/framework/system/CodeIgniter.php(918): App\Controllers\Login->index()
#4 /Users/muhamadsolehfuddin/Documents/panen saham/backend/vendor/codeigniter4/framework/system/CodeIgniter.php(404): CodeIgniter\CodeIgniter->runController(Object(App\Controllers\Login))
#5 /Users/muhamadsolehfuddin/Documents/panen saham/backend/vendor/codeigniter4/framework/system/CodeIgniter.php(312): CodeIgniter\CodeIgniter->handleRequest(NULL, Object(Config\Cache), false)
#6 /Users/muhamadsolehfuddin/Documents/panen saham/backend/public/index.php(45): CodeIgniter\CodeIgniter->run()
#7 /Users/muhamadsolehfuddin/Documents/panen saham/backend/vendor/codeigniter4/framework/system/Commands/Server/rewrite.php(34): require_once('/Users/muhamads...')
#8 {main}
CRITICAL - 2020-12-20 02:05:46 --> Call to undefined function form_open()
#0 /Users/muhamadsolehfuddin/Documents/panen saham/backend/vendor/codeigniter4/framework/system/View/View.php(246): include()
#1 /Users/muhamadsolehfuddin/Documents/panen saham/backend/vendor/codeigniter4/framework/system/Common.php(1119): CodeIgniter\View\View->render('view_login', Array, true)
#2 /Users/muhamadsolehfuddin/Documents/panen saham/backend/app/Controllers/Login.php(8): view('view_login')
#3 /Users/muhamadsolehfuddin/Documents/panen saham/backend/vendor/codeigniter4/framework/system/CodeIgniter.php(918): App\Controllers\Login->index()
#4 /Users/muhamadsolehfuddin/Documents/panen saham/backend/vendor/codeigniter4/framework/system/CodeIgniter.php(404): CodeIgniter\CodeIgniter->runController(Object(App\Controllers\Login))
#5 /Users/muhamadsolehfuddin/Documents/panen saham/backend/vendor/codeigniter4/framework/system/CodeIgniter.php(312): CodeIgniter\CodeIgniter->handleRequest(NULL, Object(Config\Cache), false)
#6 /Users/muhamadsolehfuddin/Documents/panen saham/backend/public/index.php(45): CodeIgniter\CodeIgniter->run()
#7 /Users/muhamadsolehfuddin/Documents/panen saham/backend/vendor/codeigniter4/framework/system/Commands/Server/rewrite.php(34): require_once('/Users/muhamads...')
#8 {main}
CRITICAL - 2020-12-20 02:05:48 --> Call to undefined function form_open()
#0 /Users/muhamadsolehfuddin/Documents/panen saham/backend/vendor/codeigniter4/framework/system/View/View.php(246): include()
#1 /Users/muhamadsolehfuddin/Documents/panen saham/backend/vendor/codeigniter4/framework/system/Common.php(1119): CodeIgniter\View\View->render('view_login', Array, true)
#2 /Users/muhamadsolehfuddin/Documents/panen saham/backend/app/Controllers/Login.php(8): view('view_login')
#3 /Users/muhamadsolehfuddin/Documents/panen saham/backend/vendor/codeigniter4/framework/system/CodeIgniter.php(918): App\Controllers\Login->index()
#4 /Users/muhamadsolehfuddin/Documents/panen saham/backend/vendor/codeigniter4/framework/system/CodeIgniter.php(404): CodeIgniter\CodeIgniter->runController(Object(App\Controllers\Login))
#5 /Users/muhamadsolehfuddin/Documents/panen saham/backend/vendor/codeigniter4/framework/system/CodeIgniter.php(312): CodeIgniter\CodeIgniter->handleRequest(NULL, Object(Config\Cache), false)
#6 /Users/muhamadsolehfuddin/Documents/panen saham/backend/public/index.php(45): CodeIgniter\CodeIgniter->run()
#7 /Users/muhamadsolehfuddin/Documents/panen saham/backend/vendor/codeigniter4/framework/system/Commands/Server/rewrite.php(34): require_once('/Users/muhamads...')
#8 {main}
CRITICAL - 2020-12-20 02:53:08 --> Undefined property: App\Controllers\Login::$requstt
#0 /Users/muhamadsolehfuddin/Documents/panen saham/backend/app/Controllers/Login.php(15): CodeIgniter\Debug\Exceptions->errorHandler(8, 'Undefined prope...', '/Users/muhamads...', 15, Array)
#1 /Users/muhamadsolehfuddin/Documents/panen saham/backend/vendor/codeigniter4/framework/system/CodeIgniter.php(918): App\Controllers\Login->auth()
#2 /Users/muhamadsolehfuddin/Documents/panen saham/backend/vendor/codeigniter4/framework/system/CodeIgniter.php(404): CodeIgniter\CodeIgniter->runController(Object(App\Controllers\Login))
#3 /Users/muhamadsolehfuddin/Documents/panen saham/backend/vendor/codeigniter4/framework/system/CodeIgniter.php(312): CodeIgniter\CodeIgniter->handleRequest(NULL, Object(Config\Cache), false)
#4 /Users/muhamadsolehfuddin/Documents/panen saham/backend/public/index.php(45): CodeIgniter\CodeIgniter->run()
#5 /Users/muhamadsolehfuddin/Documents/panen saham/backend/vendor/codeigniter4/framework/system/Commands/Server/rewrite.php(34): require_once('/Users/muhamads...')
#6 {main}
CRITICAL - 2020-12-20 02:53:38 --> Undefined variable: validation
#0 /Users/muhamadsolehfuddin/Documents/panen saham/backend/app/Controllers/Login.php(42): CodeIgniter\Debug\Exceptions->errorHandler(8, 'Undefined varia...', '/Users/muhamads...', 42, Array)
#1 /Users/muhamadsolehfuddin/Documents/panen saham/backend/vendor/codeigniter4/framework/system/CodeIgniter.php(918): App\Controllers\Login->auth()
#2 /Users/muhamadsolehfuddin/Documents/panen saham/backend/vendor/codeigniter4/framework/system/CodeIgniter.php(404): CodeIgniter\CodeIgniter->runController(Object(App\Controllers\Login))
#3 /Users/muhamadsolehfuddin/Documents/panen saham/backend/vendor/codeigniter4/framework/system/CodeIgniter.php(312): CodeIgniter\CodeIgniter->handleRequest(NULL, Object(Config\Cache), false)
#4 /Users/muhamadsolehfuddin/Documents/panen saham/backend/public/index.php(45): CodeIgniter\CodeIgniter->run()
#5 /Users/muhamadsolehfuddin/Documents/panen saham/backend/vendor/codeigniter4/framework/system/Commands/Server/rewrite.php(34): require_once('/Users/muhamads...')
#6 {main}
CRITICAL - 2020-12-20 03:27:10 --> Undefined variable: msg
#0 /Users/muhamadsolehfuddin/Documents/panen saham/backend/app/Controllers/Login.php(52): CodeIgniter\Debug\Exceptions->errorHandler(8, 'Undefined varia...', '/Users/muhamads...', 52, Array)
#1 /Users/muhamadsolehfuddin/Documents/panen saham/backend/vendor/codeigniter4/framework/system/CodeIgniter.php(918): App\Controllers\Login->auth()
#2 /Users/muhamadsolehfuddin/Documents/panen saham/backend/vendor/codeigniter4/framework/system/CodeIgniter.php(404): CodeIgniter\CodeIgniter->runController(Object(App\Controllers\Login))
#3 /Users/muhamadsolehfuddin/Documents/panen saham/backend/vendor/codeigniter4/framework/system/CodeIgniter.php(312): CodeIgniter\CodeIgniter->handleRequest(NULL, Object(Config\Cache), false)
#4 /Users/muhamadsolehfuddin/Documents/panen saham/backend/public/index.php(45): CodeIgniter\CodeIgniter->run()
#5 /Users/muhamadsolehfuddin/Documents/panen saham/backend/vendor/codeigniter4/framework/system/Commands/Server/rewrite.php(34): require_once('/Users/muhamads...')
#6 {main}
CRITICAL - 2020-12-20 03:38:03 --> Undefined variable: msg
#0 /Users/muhamadsolehfuddin/Documents/panen saham/backend/app/Controllers/Login.php(50): CodeIgniter\Debug\Exceptions->errorHandler(8, 'Undefined varia...', '/Users/muhamads...', 50, Array)
#1 /Users/muhamadsolehfuddin/Documents/panen saham/backend/vendor/codeigniter4/framework/system/CodeIgniter.php(918): App\Controllers\Login->auth()
#2 /Users/muhamadsolehfuddin/Documents/panen saham/backend/vendor/codeigniter4/framework/system/CodeIgniter.php(404): CodeIgniter\CodeIgniter->runController(Object(App\Controllers\Login))
#3 /Users/muhamadsolehfuddin/Documents/panen saham/backend/vendor/codeigniter4/framework/system/CodeIgniter.php(312): CodeIgniter\CodeIgniter->handleRequest(NULL, Object(Config\Cache), false)
#4 /Users/muhamadsolehfuddin/Documents/panen saham/backend/public/index.php(45): CodeIgniter\CodeIgniter->run()
#5 /Users/muhamadsolehfuddin/Documents/panen saham/backend/vendor/codeigniter4/framework/system/Commands/Server/rewrite.php(34): require_once('/Users/muhamads...')
#6 {main}
CRITICAL - 2020-12-20 03:43:25 --> Undefined variable: msg
#0 /Users/muhamadsolehfuddin/Documents/panen saham/backend/app/Controllers/Login.php(52): CodeIgniter\Debug\Exceptions->errorHandler(8, 'Undefined varia...', '/Users/muhamads...', 52, Array)
#1 /Users/muhamadsolehfuddin/Documents/panen saham/backend/vendor/codeigniter4/framework/system/CodeIgniter.php(918): App\Controllers\Login->auth()
#2 /Users/muhamadsolehfuddin/Documents/panen saham/backend/vendor/codeigniter4/framework/system/CodeIgniter.php(404): CodeIgniter\CodeIgniter->runController(Object(App\Controllers\Login))
#3 /Users/muhamadsolehfuddin/Documents/panen saham/backend/vendor/codeigniter4/framework/system/CodeIgniter.php(312): CodeIgniter\CodeIgniter->handleRequest(NULL, Object(Config\Cache), false)
#4 /Users/muhamadsolehfuddin/Documents/panen saham/backend/public/index.php(45): CodeIgniter\CodeIgniter->run()
#5 /Users/muhamadsolehfuddin/Documents/panen saham/backend/vendor/codeigniter4/framework/system/Commands/Server/rewrite.php(34): require_once('/Users/muhamads...')
#6 {main}
CRITICAL - 2020-12-20 03:43:30 --> Undefined variable: msg
#0 /Users/muhamadsolehfuddin/Documents/panen saham/backend/app/Controllers/Login.php(52): CodeIgniter\Debug\Exceptions->errorHandler(8, 'Undefined varia...', '/Users/muhamads...', 52, Array)
#1 /Users/muhamadsolehfuddin/Documents/panen saham/backend/vendor/codeigniter4/framework/system/CodeIgniter.php(918): App\Controllers\Login->auth()
#2 /Users/muhamadsolehfuddin/Documents/panen saham/backend/vendor/codeigniter4/framework/system/CodeIgniter.php(404): CodeIgniter\CodeIgniter->runController(Object(App\Controllers\Login))
#3 /Users/muhamadsolehfuddin/Documents/panen saham/backend/vendor/codeigniter4/framework/system/CodeIgniter.php(312): CodeIgniter\CodeIgniter->handleRequest(NULL, Object(Config\Cache), false)
#4 /Users/muhamadsolehfuddin/Documents/panen saham/backend/public/index.php(45): CodeIgniter\CodeIgniter->run()
#5 /Users/muhamadsolehfuddin/Documents/panen saham/backend/vendor/codeigniter4/framework/system/Commands/Server/rewrite.php(34): require_once('/Users/muhamads...')
#6 {main}
CRITICAL - 2020-12-20 07:56:48 --> Undefined variable: table
#0 /Users/muhamadsolehfuddin/Documents/panen saham/backend/app/Models/LoginModel.php(8): CodeIgniter\Debug\Exceptions->errorHandler(8, 'Undefined varia...', '/Users/muhamads...', 8, Array)
#1 /Users/muhamadsolehfuddin/Documents/panen saham/backend/app/Controllers/Login.php(21): App\Models\LoginModel->login('udin@trl.co')
#2 /Users/muhamadsolehfuddin/Documents/panen saham/backend/vendor/codeigniter4/framework/system/CodeIgniter.php(918): App\Controllers\Login->test()
#3 /Users/muhamadsolehfuddin/Documents/panen saham/backend/vendor/codeigniter4/framework/system/CodeIgniter.php(404): CodeIgniter\CodeIgniter->runController(Object(App\Controllers\Login))
#4 /Users/muhamadsolehfuddin/Documents/panen saham/backend/vendor/codeigniter4/framework/system/CodeIgniter.php(312): CodeIgniter\CodeIgniter->handleRequest(NULL, Object(Config\Cache), false)
#5 /Users/muhamadsolehfuddin/Documents/panen saham/backend/public/index.php(45): CodeIgniter\CodeIgniter->run()
#6 /Users/muhamadsolehfuddin/Documents/panen saham/backend/vendor/codeigniter4/framework/system/Commands/Server/rewrite.php(34): require_once('/Users/muhamads...')
#7 {main}
CRITICAL - 2020-12-20 07:57:07 --> Undefined variable: table
#0 /Users/muhamadsolehfuddin/Documents/panen saham/backend/app/Models/LoginModel.php(8): CodeIgniter\Debug\Exceptions->errorHandler(8, 'Undefined varia...', '/Users/muhamads...', 8, Array)
#1 /Users/muhamadsolehfuddin/Documents/panen saham/backend/app/Controllers/Login.php(21): App\Models\LoginModel->login('udin@trl.co')
#2 /Users/muhamadsolehfuddin/Documents/panen saham/backend/vendor/codeigniter4/framework/system/CodeIgniter.php(918): App\Controllers\Login->test()
#3 /Users/muhamadsolehfuddin/Documents/panen saham/backend/vendor/codeigniter4/framework/system/CodeIgniter.php(404): CodeIgniter\CodeIgniter->runController(Object(App\Controllers\Login))
#4 /Users/muhamadsolehfuddin/Documents/panen saham/backend/vendor/codeigniter4/framework/system/CodeIgniter.php(312): CodeIgniter\CodeIgniter->handleRequest(NULL, Object(Config\Cache), false)
#5 /Users/muhamadsolehfuddin/Documents/panen saham/backend/public/index.php(45): CodeIgniter\CodeIgniter->run()
#6 /Users/muhamadsolehfuddin/Documents/panen saham/backend/vendor/codeigniter4/framework/system/Commands/Server/rewrite.php(34): require_once('/Users/muhamads...')
#7 {main}
CRITICAL - 2020-12-20 07:57:24 --> Unable to connect to the database.
#0 /Users/muhamadsolehfuddin/Documents/panen saham/backend/vendor/codeigniter4/framework/system/Database/BaseConnection.php(646): CodeIgniter\Database\BaseConnection->initialize()
#1 /Users/muhamadsolehfuddin/Documents/panen saham/backend/vendor/codeigniter4/framework/system/Database/BaseBuilder.php(1860): CodeIgniter\Database\BaseConnection->query('SELECT `t_user`...', Array, false)
#2 /Users/muhamadsolehfuddin/Documents/panen saham/backend/vendor/codeigniter4/framework/system/Model.php(1818): CodeIgniter\Database\BaseBuilder->get()
#3 /Users/muhamadsolehfuddin/Documents/panen saham/backend/app/Models/LoginModel.php(14): CodeIgniter\Model->__call('get', Array)
#4 /Users/muhamadsolehfuddin/Documents/panen saham/backend/app/Controllers/Login.php(21): App\Models\LoginModel->login('udin@trl.co')
#5 /Users/muhamadsolehfuddin/Documents/panen saham/backend/vendor/codeigniter4/framework/system/CodeIgniter.php(918): App\Controllers\Login->test()
#6 /Users/muhamadsolehfuddin/Documents/panen saham/backend/vendor/codeigniter4/framework/system/CodeIgniter.php(404): CodeIgniter\CodeIgniter->runController(Object(App\Controllers\Login))
#7 /Users/muhamadsolehfuddin/Documents/panen saham/backend/vendor/codeigniter4/framework/system/CodeIgniter.php(312): CodeIgniter\CodeIgniter->handleRequest(NULL, Object(Config\Cache), false)
#8 /Users/muhamadsolehfuddin/Documents/panen saham/backend/public/index.php(45): CodeIgniter\CodeIgniter->run()
#9 /Users/muhamadsolehfuddin/Documents/panen saham/backend/vendor/codeigniter4/framework/system/Commands/Server/rewrite.php(34): require_once('/Users/muhamads...')
#10 {main}
CRITICAL - 2020-12-20 07:58:41 --> Undefined variable: db
#0 /Users/muhamadsolehfuddin/Documents/panen saham/backend/app/Models/LoginModel.php(8): CodeIgniter\Debug\Exceptions->errorHandler(8, 'Undefined varia...', '/Users/muhamads...', 8, Array)
#1 /Users/muhamadsolehfuddin/Documents/panen saham/backend/app/Controllers/Login.php(21): App\Models\LoginModel->login('udin@trl.co')
#2 /Users/muhamadsolehfuddin/Documents/panen saham/backend/vendor/codeigniter4/framework/system/CodeIgniter.php(918): App\Controllers\Login->test()
#3 /Users/muhamadsolehfuddin/Documents/panen saham/backend/vendor/codeigniter4/framework/system/CodeIgniter.php(404): CodeIgniter\CodeIgniter->runController(Object(App\Controllers\Login))
#4 /Users/muhamadsolehfuddin/Documents/panen saham/backend/vendor/codeigniter4/framework/system/CodeIgniter.php(312): CodeIgniter\CodeIgniter->handleRequest(NULL, Object(Config\Cache), false)
#5 /Users/muhamadsolehfuddin/Documents/panen saham/backend/public/index.php(45): CodeIgniter\CodeIgniter->run()
#6 /Users/muhamadsolehfuddin/Documents/panen saham/backend/vendor/codeigniter4/framework/system/Commands/Server/rewrite.php(34): require_once('/Users/muhamads...')
#7 {main}
CRITICAL - 2020-12-20 08:00:52 --> Call to undefined method CodeIgniter\Database\MySQLi\Connection::select()
#0 /Users/muhamadsolehfuddin/Documents/panen saham/backend/app/Controllers/Login.php(21): App\Models\LoginModel->login('udin@trl.co')
#1 /Users/muhamadsolehfuddin/Documents/panen saham/backend/vendor/codeigniter4/framework/system/CodeIgniter.php(918): App\Controllers\Login->test()
#2 /Users/muhamadsolehfuddin/Documents/panen saham/backend/vendor/codeigniter4/framework/system/CodeIgniter.php(404): CodeIgniter\CodeIgniter->runController(Object(App\Controllers\Login))
#3 /Users/muhamadsolehfuddin/Documents/panen saham/backend/vendor/codeigniter4/framework/system/CodeIgniter.php(312): CodeIgniter\CodeIgniter->handleRequest(NULL, Object(Config\Cache), false)
#4 /Users/muhamadsolehfuddin/Documents/panen saham/backend/public/index.php(45): CodeIgniter\CodeIgniter->run()
#5 /Users/muhamadsolehfuddin/Documents/panen saham/backend/vendor/codeigniter4/framework/system/Commands/Server/rewrite.php(34): require_once('/Users/muhamads...')
#6 {main}
CRITICAL - 2020-12-20 08:03:09 --> Undefined variable: builder
#0 /Users/muhamadsolehfuddin/Documents/panen saham/backend/app/Models/LoginModel.php(14): CodeIgniter\Debug\Exceptions->errorHandler(8, 'Undefined varia...', '/Users/muhamads...', 14, Array)
#1 /Users/muhamadsolehfuddin/Documents/panen saham/backend/app/Controllers/Login.php(21): App\Models\LoginModel->login('udin@trl.co')
#2 /Users/muhamadsolehfuddin/Documents/panen saham/backend/vendor/codeigniter4/framework/system/CodeIgniter.php(918): App\Controllers\Login->test()
#3 /Users/muhamadsolehfuddin/Documents/panen saham/backend/vendor/codeigniter4/framework/system/CodeIgniter.php(404): CodeIgniter\CodeIgniter->runController(Object(App\Controllers\Login))
#4 /Users/muhamadsolehfuddin/Documents/panen saham/backend/vendor/codeigniter4/framework/system/CodeIgniter.php(312): CodeIgniter\CodeIgniter->handleRequest(NULL, Object(Config\Cache), false)
#5 /Users/muhamadsolehfuddin/Documents/panen saham/backend/public/index.php(45): CodeIgniter\CodeIgniter->run()
#6 /Users/muhamadsolehfuddin/Documents/panen saham/backend/vendor/codeigniter4/framework/system/Commands/Server/rewrite.php(34): require_once('/Users/muhamads...')
#7 {main}
CRITICAL - 2020-12-20 08:07:43 --> Undefined variable: builder
#0 /Users/muhamadsolehfuddin/Documents/panen saham/backend/app/Models/LoginModel.php(10): CodeIgniter\Debug\Exceptions->errorHandler(8, 'Undefined varia...', '/Users/muhamads...', 10, Array)
#1 /Users/muhamadsolehfuddin/Documents/panen saham/backend/app/Controllers/Login.php(11): App\Models\LoginModel->__construct()
#2 /Users/muhamadsolehfuddin/Documents/panen saham/backend/vendor/codeigniter4/framework/system/CodeIgniter.php(890): App\Controllers\Login->__construct()
#3 /Users/muhamadsolehfuddin/Documents/panen saham/backend/vendor/codeigniter4/framework/system/CodeIgniter.php(399): CodeIgniter\CodeIgniter->createController()
#4 /Users/muhamadsolehfuddin/Documents/panen saham/backend/vendor/codeigniter4/framework/system/CodeIgniter.php(312): CodeIgniter\CodeIgniter->handleRequest(NULL, Object(Config\Cache), false)
#5 /Users/muhamadsolehfuddin/Documents/panen saham/backend/public/index.php(45): CodeIgniter\CodeIgniter->run()
#6 /Users/muhamadsolehfuddin/Documents/panen saham/backend/vendor/codeigniter4/framework/system/Commands/Server/rewrite.php(34): require_once('/Users/muhamads...')
#7 {main}
CRITICAL - 2020-12-20 08:08:10 --> Undefined variable: db
#0 /Users/muhamadsolehfuddin/Documents/panen saham/backend/app/Models/LoginModel.php(10): CodeIgniter\Debug\Exceptions->errorHandler(8, 'Undefined varia...', '/Users/muhamads...', 10, Array)
#1 /Users/muhamadsolehfuddin/Documents/panen saham/backend/app/Controllers/Login.php(11): App\Models\LoginModel->__construct()
#2 /Users/muhamadsolehfuddin/Documents/panen saham/backend/vendor/codeigniter4/framework/system/CodeIgniter.php(890): App\Controllers\Login->__construct()
#3 /Users/muhamadsolehfuddin/Documents/panen saham/backend/vendor/codeigniter4/framework/system/CodeIgniter.php(399): CodeIgniter\CodeIgniter->createController()
#4 /Users/muhamadsolehfuddin/Documents/panen saham/backend/vendor/codeigniter4/framework/system/CodeIgniter.php(312): CodeIgniter\CodeIgniter->handleRequest(NULL, Object(Config\Cache), false)
#5 /Users/muhamadsolehfuddin/Documents/panen saham/backend/public/index.php(45): CodeIgniter\CodeIgniter->run()
#6 /Users/muhamadsolehfuddin/Documents/panen saham/backend/vendor/codeigniter4/framework/system/Commands/Server/rewrite.php(34): require_once('/Users/muhamads...')
#7 {main}
CRITICAL - 2020-12-20 08:10:10 --> Unable to connect to the database.
#0 /Users/muhamadsolehfuddin/Documents/panen saham/backend/vendor/codeigniter4/framework/system/Database/BaseConnection.php(646): CodeIgniter\Database\BaseConnection->initialize()
#1 /Users/muhamadsolehfuddin/Documents/panen saham/backend/vendor/codeigniter4/framework/system/Database/BaseBuilder.php(1860): CodeIgniter\Database\BaseConnection->query('SELECT *\nFROM `...', Array, false)
#2 /Users/muhamadsolehfuddin/Documents/panen saham/backend/app/Models/LoginModel.php(20): CodeIgniter\Database\BaseBuilder->get()
#3 /Users/muhamadsolehfuddin/Documents/panen saham/backend/app/Controllers/Login.php(21): App\Models\LoginModel->login('udin@trl.co')
#4 /Users/muhamadsolehfuddin/Documents/panen saham/backend/vendor/codeigniter4/framework/system/CodeIgniter.php(918): App\Controllers\Login->test()
#5 /Users/muhamadsolehfuddin/Documents/panen saham/backend/vendor/codeigniter4/framework/system/CodeIgniter.php(404): CodeIgniter\CodeIgniter->runController(Object(App\Controllers\Login))
#6 /Users/muhamadsolehfuddin/Documents/panen saham/backend/vendor/codeigniter4/framework/system/CodeIgniter.php(312): CodeIgniter\CodeIgniter->handleRequest(NULL, Object(Config\Cache), false)
#7 /Users/muhamadsolehfuddin/Documents/panen saham/backend/public/index.php(45): CodeIgniter\CodeIgniter->run()
#8 /Users/muhamadsolehfuddin/Documents/panen saham/backend/vendor/codeigniter4/framework/system/Commands/Server/rewrite.php(34): require_once('/Users/muhamads...')
#9 {main}
CRITICAL - 2020-12-20 08:10:27 --> Unable to connect to the database.
#0 /Users/muhamadsolehfuddin/Documents/panen saham/backend/vendor/codeigniter4/framework/system/Database/BaseConnection.php(646): CodeIgniter\Database\BaseConnection->initialize()
#1 /Users/muhamadsolehfuddin/Documents/panen saham/backend/vendor/codeigniter4/framework/system/Database/BaseBuilder.php(1860): CodeIgniter\Database\BaseConnection->query('SELECT *\nFROM `...', Array, false)
#2 /Users/muhamadsolehfuddin/Documents/panen saham/backend/app/Models/LoginModel.php(20): CodeIgniter\Database\BaseBuilder->get()
#3 /Users/muhamadsolehfuddin/Documents/panen saham/backend/app/Controllers/Login.php(21): App\Models\LoginModel->login('udin@trl.co')
#4 /Users/muhamadsolehfuddin/Documents/panen saham/backend/vendor/codeigniter4/framework/system/CodeIgniter.php(918): App\Controllers\Login->test()
#5 /Users/muhamadsolehfuddin/Documents/panen saham/backend/vendor/codeigniter4/framework/system/CodeIgniter.php(404): CodeIgniter\CodeIgniter->runController(Object(App\Controllers\Login))
#6 /Users/muhamadsolehfuddin/Documents/panen saham/backend/vendor/codeigniter4/framework/system/CodeIgniter.php(312): CodeIgniter\CodeIgniter->handleRequest(NULL, Object(Config\Cache), false)
#7 /Users/muhamadsolehfuddin/Documents/panen saham/backend/public/index.php(45): CodeIgniter\CodeIgniter->run()
#8 /Users/muhamadsolehfuddin/Documents/panen saham/backend/vendor/codeigniter4/framework/system/Commands/Server/rewrite.php(34): require_once('/Users/muhamads...')
#9 {main}
CRITICAL - 2020-12-20 08:11:38 --> Call to undefined method CodeIgniter\Database\MySQLi\Result::result()
#0 /Users/muhamadsolehfuddin/Documents/panen saham/backend/app/Controllers/Login.php(21): App\Models\LoginModel->login('udin@trl.co')
#1 /Users/muhamadsolehfuddin/Documents/panen saham/backend/vendor/codeigniter4/framework/system/CodeIgniter.php(918): App\Controllers\Login->test()
#2 /Users/muhamadsolehfuddin/Documents/panen saham/backend/vendor/codeigniter4/framework/system/CodeIgniter.php(404): CodeIgniter\CodeIgniter->runController(Object(App\Controllers\Login))
#3 /Users/muhamadsolehfuddin/Documents/panen saham/backend/vendor/codeigniter4/framework/system/CodeIgniter.php(312): CodeIgniter\CodeIgniter->handleRequest(NULL, Object(Config\Cache), false)
#4 /Users/muhamadsolehfuddin/Documents/panen saham/backend/public/index.php(45): CodeIgniter\CodeIgniter->run()
#5 /Users/muhamadsolehfuddin/Documents/panen saham/backend/vendor/codeigniter4/framework/system/Commands/Server/rewrite.php(34): require_once('/Users/muhamads...')
#6 {main}
CRITICAL - 2020-12-20 08:29:20 --> Call to a member function getResult() on null
#0 /Users/muhamadsolehfuddin/Documents/panen saham/backend/vendor/codeigniter4/framework/system/CodeIgniter.php(918): App\Controllers\Login->auth()
#1 /Users/muhamadsolehfuddin/Documents/panen saham/backend/vendor/codeigniter4/framework/system/CodeIgniter.php(404): CodeIgniter\CodeIgniter->runController(Object(App\Controllers\Login))
#2 /Users/muhamadsolehfuddin/Documents/panen saham/backend/vendor/codeigniter4/framework/system/CodeIgniter.php(312): CodeIgniter\CodeIgniter->handleRequest(NULL, Object(Config\Cache), false)
#3 /Users/muhamadsolehfuddin/Documents/panen saham/backend/public/index.php(45): CodeIgniter\CodeIgniter->run()
#4 /Users/muhamadsolehfuddin/Documents/panen saham/backend/vendor/codeigniter4/framework/system/Commands/Server/rewrite.php(34): require_once('/Users/muhamads...')
#5 {main}
CRITICAL - 2020-12-20 08:30:01 --> count(): Parameter must be an array or an object that implements Countable
#0 [internal function]: CodeIgniter\Debug\Exceptions->errorHandler(2, 'count(): Parame...', '/Users/muhamads...', 67, Array)
#1 /Users/muhamadsolehfuddin/Documents/panen saham/backend/app/Controllers/Login.php(67): count(NULL)
#2 /Users/muhamadsolehfuddin/Documents/panen saham/backend/vendor/codeigniter4/framework/system/CodeIgniter.php(918): App\Controllers\Login->auth()
#3 /Users/muhamadsolehfuddin/Documents/panen saham/backend/vendor/codeigniter4/framework/system/CodeIgniter.php(404): CodeIgniter\CodeIgniter->runController(Object(App\Controllers\Login))
#4 /Users/muhamadsolehfuddin/Documents/panen saham/backend/vendor/codeigniter4/framework/system/CodeIgniter.php(312): CodeIgniter\CodeIgniter->handleRequest(NULL, Object(Config\Cache), false)
#5 /Users/muhamadsolehfuddin/Documents/panen saham/backend/public/index.php(45): CodeIgniter\CodeIgniter->run()
#6 /Users/muhamadsolehfuddin/Documents/panen saham/backend/vendor/codeigniter4/framework/system/Commands/Server/rewrite.php(34): require_once('/Users/muhamads...')
#7 {main}
CRITICAL - 2020-12-20 08:30:38 --> Call to a member function getResult() on array
#0 /Users/muhamadsolehfuddin/Documents/panen saham/backend/app/Controllers/Login.php(21): App\Models\LoginModel->login('udin@trl.co')
#1 /Users/muhamadsolehfuddin/Documents/panen saham/backend/vendor/codeigniter4/framework/system/CodeIgniter.php(918): App\Controllers\Login->test()
#2 /Users/muhamadsolehfuddin/Documents/panen saham/backend/vendor/codeigniter4/framework/system/CodeIgniter.php(404): CodeIgniter\CodeIgniter->runController(Object(App\Controllers\Login))
#3 /Users/muhamadsolehfuddin/Documents/panen saham/backend/vendor/codeigniter4/framework/system/CodeIgniter.php(312): CodeIgniter\CodeIgniter->handleRequest(NULL, Object(Config\Cache), false)
#4 /Users/muhamadsolehfuddin/Documents/panen saham/backend/public/index.php(45): CodeIgniter\CodeIgniter->run()
#5 /Users/muhamadsolehfuddin/Documents/panen saham/backend/vendor/codeigniter4/framework/system/Commands/Server/rewrite.php(34): require_once('/Users/muhamads...')
#6 {main}
CRITICAL - 2020-12-20 08:30:49 --> Call to a member function get() on array
#0 /Users/muhamadsolehfuddin/Documents/panen saham/backend/app/Controllers/Login.php(21): App\Models\LoginModel->login('udin@trl.co')
#1 /Users/muhamadsolehfuddin/Documents/panen saham/backend/vendor/codeigniter4/framework/system/CodeIgniter.php(918): App\Controllers\Login->test()
#2 /Users/muhamadsolehfuddin/Documents/panen saham/backend/vendor/codeigniter4/framework/system/CodeIgniter.php(404): CodeIgniter\CodeIgniter->runController(Object(App\Controllers\Login))
#3 /Users/muhamadsolehfuddin/Documents/panen saham/backend/vendor/codeigniter4/framework/system/CodeIgniter.php(312): CodeIgniter\CodeIgniter->handleRequest(NULL, Object(Config\Cache), false)
#4 /Users/muhamadsolehfuddin/Documents/panen saham/backend/public/index.php(45): CodeIgniter\CodeIgniter->run()
#5 /Users/muhamadsolehfuddin/Documents/panen saham/backend/vendor/codeigniter4/framework/system/Commands/Server/rewrite.php(34): require_once('/Users/muhamads...')
#6 {main}
CRITICAL - 2020-12-20 08:41:43 --> Trying to get property 'password' of non-object
#0 /Users/muhamadsolehfuddin/Documents/panen saham/backend/app/Controllers/Login.php(71): CodeIgniter\Debug\Exceptions->errorHandler(8, 'Trying to get p...', '/Users/muhamads...', 71, Array)
#1 /Users/muhamadsolehfuddin/Documents/panen saham/backend/vendor/codeigniter4/framework/system/CodeIgniter.php(918): App\Controllers\Login->auth()
#2 /Users/muhamadsolehfuddin/Documents/panen saham/backend/vendor/codeigniter4/framework/system/CodeIgniter.php(404): CodeIgniter\CodeIgniter->runController(Object(App\Controllers\Login))
#3 /Users/muhamadsolehfuddin/Documents/panen saham/backend/vendor/codeigniter4/framework/system/CodeIgniter.php(312): CodeIgniter\CodeIgniter->handleRequest(NULL, Object(Config\Cache), false)
#4 /Users/muhamadsolehfuddin/Documents/panen saham/backend/public/index.php(45): CodeIgniter\CodeIgniter->run()
#5 /Users/muhamadsolehfuddin/Documents/panen saham/backend/vendor/codeigniter4/framework/system/Commands/Server/rewrite.php(34): require_once('/Users/muhamads...')
#6 {main}
CRITICAL - 2020-12-20 08:42:39 --> Undefined index: password
#0 /Users/muhamadsolehfuddin/Documents/panen saham/backend/app/Controllers/Login.php(71): CodeIgniter\Debug\Exceptions->errorHandler(8, 'Undefined index...', '/Users/muhamads...', 71, Array)
#1 /Users/muhamadsolehfuddin/Documents/panen saham/backend/vendor/codeigniter4/framework/system/CodeIgniter.php(918): App\Controllers\Login->auth()
#2 /Users/muhamadsolehfuddin/Documents/panen saham/backend/vendor/codeigniter4/framework/system/CodeIgniter.php(404): CodeIgniter\CodeIgniter->runController(Object(App\Controllers\Login))
#3 /Users/muhamadsolehfuddin/Documents/panen saham/backend/vendor/codeigniter4/framework/system/CodeIgniter.php(312): CodeIgniter\CodeIgniter->handleRequest(NULL, Object(Config\Cache), false)
#4 /Users/muhamadsolehfuddin/Documents/panen saham/backend/public/index.php(45): CodeIgniter\CodeIgniter->run()
#5 /Users/muhamadsolehfuddin/Documents/panen saham/backend/vendor/codeigniter4/framework/system/Commands/Server/rewrite.php(34): require_once('/Users/muhamads...')
#6 {main}
CRITICAL - 2020-12-20 08:43:43 --> Undefined variable: msg
#0 /Users/muhamadsolehfuddin/Documents/panen saham/backend/app/Controllers/Login.php(94): CodeIgniter\Debug\Exceptions->errorHandler(8, 'Undefined varia...', '/Users/muhamads...', 94, Array)
#1 /Users/muhamadsolehfuddin/Documents/panen saham/backend/vendor/codeigniter4/framework/system/CodeIgniter.php(918): App\Controllers\Login->auth()
#2 /Users/muhamadsolehfuddin/Documents/panen saham/backend/vendor/codeigniter4/framework/system/CodeIgniter.php(404): CodeIgniter\CodeIgniter->runController(Object(App\Controllers\Login))
#3 /Users/muhamadsolehfuddin/Documents/panen saham/backend/vendor/codeigniter4/framework/system/CodeIgniter.php(312): CodeIgniter\CodeIgniter->handleRequest(NULL, Object(Config\Cache), false)
#4 /Users/muhamadsolehfuddin/Documents/panen saham/backend/public/index.php(45): CodeIgniter\CodeIgniter->run()
#5 /Users/muhamadsolehfuddin/Documents/panen saham/backend/vendor/codeigniter4/framework/system/Commands/Server/rewrite.php(34): require_once('/Users/muhamads...')
#6 {main}
CRITICAL - 2020-12-20 08:43:53 --> Undefined variable: msg
#0 /Users/muhamadsolehfuddin/Documents/panen saham/backend/app/Controllers/Login.php(94): CodeIgniter\Debug\Exceptions->errorHandler(8, 'Undefined varia...', '/Users/muhamads...', 94, Array)
#1 /Users/muhamadsolehfuddin/Documents/panen saham/backend/vendor/codeigniter4/framework/system/CodeIgniter.php(918): App\Controllers\Login->auth()
#2 /Users/muhamadsolehfuddin/Documents/panen saham/backend/vendor/codeigniter4/framework/system/CodeIgniter.php(404): CodeIgniter\CodeIgniter->runController(Object(App\Controllers\Login))
#3 /Users/muhamadsolehfuddin/Documents/panen saham/backend/vendor/codeigniter4/framework/system/CodeIgniter.php(312): CodeIgniter\CodeIgniter->handleRequest(NULL, Object(Config\Cache), false)
#4 /Users/muhamadsolehfuddin/Documents/panen saham/backend/public/index.php(45): CodeIgniter\CodeIgniter->run()
#5 /Users/muhamadsolehfuddin/Documents/panen saham/backend/vendor/codeigniter4/framework/system/Commands/Server/rewrite.php(34): require_once('/Users/muhamads...')
#6 {main}
CRITICAL - 2020-12-20 09:03:07 -->  route cannot be found while reverse-routing.
#0 /Users/muhamadsolehfuddin/Documents/panen saham/backend/vendor/codeigniter4/framework/system/HTTP/RedirectResponse.php(92): CodeIgniter\HTTP\Exceptions\HTTPException::forInvalidRedirectRoute('')
#1 /Users/muhamadsolehfuddin/Documents/panen saham/backend/vendor/codeigniter4/framework/system/Common.php(845): CodeIgniter\HTTP\RedirectResponse->route(false)
#2 /Users/muhamadsolehfuddin/Documents/panen saham/backend/app/Controllers/Login.php(116): redirect('login')
#3 /Users/muhamadsolehfuddin/Documents/panen saham/backend/vendor/codeigniter4/framework/system/CodeIgniter.php(918): App\Controllers\Login->out()
#4 /Users/muhamadsolehfuddin/Documents/panen saham/backend/vendor/codeigniter4/framework/system/CodeIgniter.php(404): CodeIgniter\CodeIgniter->runController(Object(App\Controllers\Login))
#5 /Users/muhamadsolehfuddin/Documents/panen saham/backend/vendor/codeigniter4/framework/system/CodeIgniter.php(312): CodeIgniter\CodeIgniter->handleRequest(NULL, Object(Config\Cache), false)
#6 /Users/muhamadsolehfuddin/Documents/panen saham/backend/public/index.php(45): CodeIgniter\CodeIgniter->run()
#7 /Users/muhamadsolehfuddin/Documents/panen saham/backend/vendor/codeigniter4/framework/system/Commands/Server/rewrite.php(34): require_once('/Users/muhamads...')
#8 {main}
CRITICAL - 2020-12-20 09:13:18 --> Class 'CodeIgniter\Filters\LoginFilter' not found
#0 /Users/muhamadsolehfuddin/Documents/panen saham/backend/vendor/codeigniter4/framework/system/CodeIgniter.php(382): CodeIgniter\Filters\Filters->run('dashboard', 'before')
#1 /Users/muhamadsolehfuddin/Documents/panen saham/backend/vendor/codeigniter4/framework/system/CodeIgniter.php(312): CodeIgniter\CodeIgniter->handleRequest(NULL, Object(Config\Cache), false)
#2 /Users/muhamadsolehfuddin/Documents/panen saham/backend/public/index.php(45): CodeIgniter\CodeIgniter->run()
#3 /Users/muhamadsolehfuddin/Documents/panen saham/backend/vendor/codeigniter4/framework/system/Commands/Server/rewrite.php(34): require_once('/Users/muhamads...')
#4 {main}
CRITICAL - 2020-12-20 09:14:06 --> Class 'CodeIgniter\Filters\LoginFilter' not found
#0 /Users/muhamadsolehfuddin/Documents/panen saham/backend/vendor/codeigniter4/framework/system/CodeIgniter.php(382): CodeIgniter\Filters\Filters->run('dashboard', 'before')
#1 /Users/muhamadsolehfuddin/Documents/panen saham/backend/vendor/codeigniter4/framework/system/CodeIgniter.php(312): CodeIgniter\CodeIgniter->handleRequest(NULL, Object(Config\Cache), false)
#2 /Users/muhamadsolehfuddin/Documents/panen saham/backend/public/index.php(45): CodeIgniter\CodeIgniter->run()
#3 /Users/muhamadsolehfuddin/Documents/panen saham/backend/vendor/codeigniter4/framework/system/Commands/Server/rewrite.php(34): require_once('/Users/muhamads...')
#4 {main}
CRITICAL - 2020-12-20 09:14:35 --> Class 'CodeIgniter\Filters\LoginFilter' not found
#0 /Users/muhamadsolehfuddin/Documents/panen saham/backend/vendor/codeigniter4/framework/system/CodeIgniter.php(382): CodeIgniter\Filters\Filters->run('dashboard', 'before')
#1 /Users/muhamadsolehfuddin/Documents/panen saham/backend/vendor/codeigniter4/framework/system/CodeIgniter.php(312): CodeIgniter\CodeIgniter->handleRequest(NULL, Object(Config\Cache), false)
#2 /Users/muhamadsolehfuddin/Documents/panen saham/backend/public/index.php(45): CodeIgniter\CodeIgniter->run()
#3 /Users/muhamadsolehfuddin/Documents/panen saham/backend/vendor/codeigniter4/framework/system/Commands/Server/rewrite.php(34): require_once('/Users/muhamads...')
#4 {main}
CRITICAL - 2020-12-20 09:15:48 --> Class 'CodeIgniter\Filters\Loginfilter' not found
#0 /Users/muhamadsolehfuddin/Documents/panen saham/backend/vendor/codeigniter4/framework/system/CodeIgniter.php(382): CodeIgniter\Filters\Filters->run('dashboard', 'before')
#1 /Users/muhamadsolehfuddin/Documents/panen saham/backend/vendor/codeigniter4/framework/system/CodeIgniter.php(312): CodeIgniter\CodeIgniter->handleRequest(NULL, Object(Config\Cache), false)
#2 /Users/muhamadsolehfuddin/Documents/panen saham/backend/public/index.php(45): CodeIgniter\CodeIgniter->run()
#3 /Users/muhamadsolehfuddin/Documents/panen saham/backend/vendor/codeigniter4/framework/system/Commands/Server/rewrite.php(34): require_once('/Users/muhamads...')
#4 {main}
CRITICAL - 2020-12-20 09:29:35 --> Undefined variable: session
#0 /Users/muhamadsolehfuddin/Documents/panen saham/backend/app/Filters/Loginfilter.php(13): CodeIgniter\Debug\Exceptions->errorHandler(8, 'Undefined varia...', '/Users/muhamads...', 13, Array)
#1 /Users/muhamadsolehfuddin/Documents/panen saham/backend/vendor/codeigniter4/framework/system/Filters/Filters.php(173): App\Filters\LoginFilter->before(Object(CodeIgniter\HTTP\IncomingRequest), NULL)
#2 /Users/muhamadsolehfuddin/Documents/panen saham/backend/vendor/codeigniter4/framework/system/CodeIgniter.php(382): CodeIgniter\Filters\Filters->run('dashboard', 'before')
#3 /Users/muhamadsolehfuddin/Documents/panen saham/backend/vendor/codeigniter4/framework/system/CodeIgniter.php(312): CodeIgniter\CodeIgniter->handleRequest(NULL, Object(Config\Cache), false)
#4 /Users/muhamadsolehfuddin/Documents/panen saham/backend/public/index.php(45): CodeIgniter\CodeIgniter->run()
#5 /Users/muhamadsolehfuddin/Documents/panen saham/backend/vendor/codeigniter4/framework/system/Commands/Server/rewrite.php(34): require_once('/Users/muhamads...')
#6 {main}
CRITICAL - 2020-12-20 09:29:52 --> Undefined variable: session
#0 /Users/muhamadsolehfuddin/Documents/panen saham/backend/app/Filters/Loginfilter.php(13): CodeIgniter\Debug\Exceptions->errorHandler(8, 'Undefined varia...', '/Users/muhamads...', 13, Array)
#1 /Users/muhamadsolehfuddin/Documents/panen saham/backend/vendor/codeigniter4/framework/system/Filters/Filters.php(173): App\Filters\LoginFilter->before(Object(CodeIgniter\HTTP\IncomingRequest), NULL)
#2 /Users/muhamadsolehfuddin/Documents/panen saham/backend/vendor/codeigniter4/framework/system/CodeIgniter.php(382): CodeIgniter\Filters\Filters->run('dashboard', 'before')
#3 /Users/muhamadsolehfuddin/Documents/panen saham/backend/vendor/codeigniter4/framework/system/CodeIgniter.php(312): CodeIgniter\CodeIgniter->handleRequest(NULL, Object(Config\Cache), false)
#4 /Users/muhamadsolehfuddin/Documents/panen saham/backend/public/index.php(45): CodeIgniter\CodeIgniter->run()
#5 /Users/muhamadsolehfuddin/Documents/panen saham/backend/vendor/codeigniter4/framework/system/Commands/Server/rewrite.php(34): require_once('/Users/muhamads...')
#6 {main}
