CRITICAL - 2021-06-22 08:36:40 --> syntax error, unexpected '?>'
#0 C:\xampp\htdocs\sipspp\vendor\codeigniter4\framework\system\Common.php(1119): CodeIgniter\View\View->render('datapembayaran/...', Array, true)
#1 C:\xampp\htdocs\sipspp\app\Controllers\Pembayarancontroller.php(31): view('datapembayaran/...', Array)
#2 C:\xampp\htdocs\sipspp\vendor\codeigniter4\framework\system\CodeIgniter.php(918): App\Controllers\Pembayarancontroller->index()
#3 C:\xampp\htdocs\sipspp\vendor\codeigniter4\framework\system\CodeIgniter.php(404): CodeIgniter\CodeIgniter->runController(Object(App\Controllers\Pembayarancontroller))
#4 C:\xampp\htdocs\sipspp\vendor\codeigniter4\framework\system\CodeIgniter.php(312): CodeIgniter\CodeIgniter->handleRequest(NULL, Object(Config\Cache), false)
#5 C:\xampp\htdocs\sipspp\index.php(45): CodeIgniter\CodeIgniter->run()
#6 {main}
CRITICAL - 2021-06-22 09:10:17 --> syntax error, unexpected 'Belum' (T_STRING), expecting ')'
#0 C:\xampp\htdocs\sipspp\vendor\codeigniter4\framework\system\Autoloader\Autoloader.php(296): CodeIgniter\Autoloader\Autoloader->requireFile('C:\\xampp\\htdocs...')
#1 C:\xampp\htdocs\sipspp\vendor\codeigniter4\framework\system\Autoloader\Autoloader.php(258): CodeIgniter\Autoloader\Autoloader->loadInNamespace('App\\Models\\Tung...')
#2 [internal function]: CodeIgniter\Autoloader\Autoloader->loadClass('App\\Models\\Tung...')
#3 C:\xampp\htdocs\sipspp\app\Controllers\Tunggakancontroller.php(41): spl_autoload_call('App\\Models\\Tung...')
#4 C:\xampp\htdocs\sipspp\vendor\codeigniter4\framework\system\CodeIgniter.php(918): App\Controllers\Tunggakancontroller->showData()
#5 C:\xampp\htdocs\sipspp\vendor\codeigniter4\framework\system\CodeIgniter.php(404): CodeIgniter\CodeIgniter->runController(Object(App\Controllers\Tunggakancontroller))
#6 C:\xampp\htdocs\sipspp\vendor\codeigniter4\framework\system\CodeIgniter.php(312): CodeIgniter\CodeIgniter->handleRequest(NULL, Object(Config\Cache), false)
#7 C:\xampp\htdocs\sipspp\index.php(45): CodeIgniter\CodeIgniter->run()
#8 {main}
CRITICAL - 2021-06-22 09:11:37 --> Class 'App\Models\TunggakanModel' not found
#0 C:\xampp\htdocs\sipspp\vendor\codeigniter4\framework\system\CodeIgniter.php(918): App\Controllers\Tunggakancontroller->showData()
#1 C:\xampp\htdocs\sipspp\vendor\codeigniter4\framework\system\CodeIgniter.php(404): CodeIgniter\CodeIgniter->runController(Object(App\Controllers\Tunggakancontroller))
#2 C:\xampp\htdocs\sipspp\vendor\codeigniter4\framework\system\CodeIgniter.php(312): CodeIgniter\CodeIgniter->handleRequest(NULL, Object(Config\Cache), false)
#3 C:\xampp\htdocs\sipspp\index.php(45): CodeIgniter\CodeIgniter->run()
#4 {main}
CRITICAL - 2021-06-22 09:12:15 --> Undefined variable: db
#0 C:\xampp\htdocs\sipspp\app\Models\TunggakanModel.php(25): CodeIgniter\Debug\Exceptions->errorHandler(8, 'Undefined varia...', 'C:\\xampp\\htdocs...', 25, Array)
#1 C:\xampp\htdocs\sipspp\app\Controllers\Tunggakancontroller.php(42): App\Models\TunggakanModel->getData()
#2 C:\xampp\htdocs\sipspp\vendor\codeigniter4\framework\system\CodeIgniter.php(918): App\Controllers\Tunggakancontroller->showData()
#3 C:\xampp\htdocs\sipspp\vendor\codeigniter4\framework\system\CodeIgniter.php(404): CodeIgniter\CodeIgniter->runController(Object(App\Controllers\Tunggakancontroller))
#4 C:\xampp\htdocs\sipspp\vendor\codeigniter4\framework\system\CodeIgniter.php(312): CodeIgniter\CodeIgniter->handleRequest(NULL, Object(Config\Cache), false)
#5 C:\xampp\htdocs\sipspp\index.php(45): CodeIgniter\CodeIgniter->run()
#6 {main}
CRITICAL - 2021-06-22 09:12:50 --> Undefined variable: table
#0 C:\xampp\htdocs\sipspp\app\Models\TunggakanModel.php(26): CodeIgniter\Debug\Exceptions->errorHandler(8, 'Undefined varia...', 'C:\\xampp\\htdocs...', 26, Array)
#1 C:\xampp\htdocs\sipspp\app\Controllers\Tunggakancontroller.php(42): App\Models\TunggakanModel->getData()
#2 C:\xampp\htdocs\sipspp\vendor\codeigniter4\framework\system\CodeIgniter.php(918): App\Controllers\Tunggakancontroller->showData()
#3 C:\xampp\htdocs\sipspp\vendor\codeigniter4\framework\system\CodeIgniter.php(404): CodeIgniter\CodeIgniter->runController(Object(App\Controllers\Tunggakancontroller))
#4 C:\xampp\htdocs\sipspp\vendor\codeigniter4\framework\system\CodeIgniter.php(312): CodeIgniter\CodeIgniter->handleRequest(NULL, Object(Config\Cache), false)
#5 C:\xampp\htdocs\sipspp\index.php(45): CodeIgniter\CodeIgniter->run()
#6 {main}
CRITICAL - 2021-06-22 09:12:59 --> Use of undefined constant table - assumed 'table' (this will throw an Error in a future version of PHP)
#0 C:\xampp\htdocs\sipspp\app\Models\TunggakanModel.php(26): CodeIgniter\Debug\Exceptions->errorHandler(2, 'Use of undefine...', 'C:\\xampp\\htdocs...', 26, Array)
#1 C:\xampp\htdocs\sipspp\app\Controllers\Tunggakancontroller.php(42): App\Models\TunggakanModel->getData()
#2 C:\xampp\htdocs\sipspp\vendor\codeigniter4\framework\system\CodeIgniter.php(918): App\Controllers\Tunggakancontroller->showData()
#3 C:\xampp\htdocs\sipspp\vendor\codeigniter4\framework\system\CodeIgniter.php(404): CodeIgniter\CodeIgniter->runController(Object(App\Controllers\Tunggakancontroller))
#4 C:\xampp\htdocs\sipspp\vendor\codeigniter4\framework\system\CodeIgniter.php(312): CodeIgniter\CodeIgniter->handleRequest(NULL, Object(Config\Cache), false)
#5 C:\xampp\htdocs\sipspp\index.php(45): CodeIgniter\CodeIgniter->run()
#6 {main}
CRITICAL - 2021-06-22 09:13:29 --> You have an error in your SQL syntax; check the manual that corresponds to your MariaDB server version for the right syntax to use near 'SELECT b.`nama_bulan`, b.`kode_tahun`, c.`nis`, c.`nama_sisw`a, k.`nama_kelas`, ' at line 1
#0 C:\xampp\htdocs\sipspp\vendor\codeigniter4\framework\system\Database\MySQLi\Connection.php(331): mysqli->query('SELECT SELECT b...')
#1 C:\xampp\htdocs\sipspp\vendor\codeigniter4\framework\system\Database\BaseConnection.php(741): CodeIgniter\Database\MySQLi\Connection->execute('SELECT SELECT b...')
#2 C:\xampp\htdocs\sipspp\vendor\codeigniter4\framework\system\Database\BaseConnection.php(669): CodeIgniter\Database\BaseConnection->simpleQuery('SELECT SELECT b...')
#3 C:\xampp\htdocs\sipspp\vendor\codeigniter4\framework\system\Database\BaseBuilder.php(1860): CodeIgniter\Database\BaseConnection->query('SELECT SELECT b...', Array, false)
#4 C:\xampp\htdocs\sipspp\app\Models\TunggakanModel.php(32): CodeIgniter\Database\BaseBuilder->get()
#5 C:\xampp\htdocs\sipspp\app\Controllers\Tunggakancontroller.php(42): App\Models\TunggakanModel->getData()
#6 C:\xampp\htdocs\sipspp\vendor\codeigniter4\framework\system\CodeIgniter.php(918): App\Controllers\Tunggakancontroller->showData()
#7 C:\xampp\htdocs\sipspp\vendor\codeigniter4\framework\system\CodeIgniter.php(404): CodeIgniter\CodeIgniter->runController(Object(App\Controllers\Tunggakancontroller))
#8 C:\xampp\htdocs\sipspp\vendor\codeigniter4\framework\system\CodeIgniter.php(312): CodeIgniter\CodeIgniter->handleRequest(NULL, Object(Config\Cache), false)
#9 C:\xampp\htdocs\sipspp\index.php(45): CodeIgniter\CodeIgniter->run()
#10 {main}
CRITICAL - 2021-06-22 09:14:40 --> You have an error in your SQL syntax; check the manual that corresponds to your MariaDB server version for the right syntax to use near 'SELECT b.`nama_bulan`, b.`kode_tahun`, c.`nis`, c.`nama_siswa`, k.`nama_kelas`, ' at line 1
#0 C:\xampp\htdocs\sipspp\vendor\codeigniter4\framework\system\Database\MySQLi\Connection.php(331): mysqli->query('SELECT SELECT b...')
#1 C:\xampp\htdocs\sipspp\vendor\codeigniter4\framework\system\Database\BaseConnection.php(741): CodeIgniter\Database\MySQLi\Connection->execute('SELECT SELECT b...')
#2 C:\xampp\htdocs\sipspp\vendor\codeigniter4\framework\system\Database\BaseConnection.php(669): CodeIgniter\Database\BaseConnection->simpleQuery('SELECT SELECT b...')
#3 C:\xampp\htdocs\sipspp\vendor\codeigniter4\framework\system\Database\BaseBuilder.php(1860): CodeIgniter\Database\BaseConnection->query('SELECT SELECT b...', Array, false)
#4 C:\xampp\htdocs\sipspp\app\Models\TunggakanModel.php(32): CodeIgniter\Database\BaseBuilder->get()
#5 C:\xampp\htdocs\sipspp\app\Controllers\Tunggakancontroller.php(42): App\Models\TunggakanModel->getData()
#6 C:\xampp\htdocs\sipspp\vendor\codeigniter4\framework\system\CodeIgniter.php(918): App\Controllers\Tunggakancontroller->showData()
#7 C:\xampp\htdocs\sipspp\vendor\codeigniter4\framework\system\CodeIgniter.php(404): CodeIgniter\CodeIgniter->runController(Object(App\Controllers\Tunggakancontroller))
#8 C:\xampp\htdocs\sipspp\vendor\codeigniter4\framework\system\CodeIgniter.php(312): CodeIgniter\CodeIgniter->handleRequest(NULL, Object(Config\Cache), false)
#9 C:\xampp\htdocs\sipspp\index.php(45): CodeIgniter\CodeIgniter->run()
#10 {main}
CRITICAL - 2021-06-22 09:14:52 --> You have an error in your SQL syntax; check the manual that corresponds to your MariaDB server version for the right syntax to use near 'SELECT b.`nama_bulan`, b.`kode_tahun`, c.`nis`, c.`nama_siswa`, k.`nama_kelas`, ' at line 1
#0 C:\xampp\htdocs\sipspp\vendor\codeigniter4\framework\system\Database\MySQLi\Connection.php(331): mysqli->query('SELECT SELECT b...')
#1 C:\xampp\htdocs\sipspp\vendor\codeigniter4\framework\system\Database\BaseConnection.php(741): CodeIgniter\Database\MySQLi\Connection->execute('SELECT SELECT b...')
#2 C:\xampp\htdocs\sipspp\vendor\codeigniter4\framework\system\Database\BaseConnection.php(669): CodeIgniter\Database\BaseConnection->simpleQuery('SELECT SELECT b...')
#3 C:\xampp\htdocs\sipspp\vendor\codeigniter4\framework\system\Database\BaseBuilder.php(1860): CodeIgniter\Database\BaseConnection->query('SELECT SELECT b...', Array, false)
#4 C:\xampp\htdocs\sipspp\app\Models\TunggakanModel.php(32): CodeIgniter\Database\BaseBuilder->get()
#5 C:\xampp\htdocs\sipspp\app\Controllers\Tunggakancontroller.php(42): App\Models\TunggakanModel->getData()
#6 C:\xampp\htdocs\sipspp\vendor\codeigniter4\framework\system\CodeIgniter.php(918): App\Controllers\Tunggakancontroller->showData()
#7 C:\xampp\htdocs\sipspp\vendor\codeigniter4\framework\system\CodeIgniter.php(404): CodeIgniter\CodeIgniter->runController(Object(App\Controllers\Tunggakancontroller))
#8 C:\xampp\htdocs\sipspp\vendor\codeigniter4\framework\system\CodeIgniter.php(312): CodeIgniter\CodeIgniter->handleRequest(NULL, Object(Config\Cache), false)
#9 C:\xampp\htdocs\sipspp\index.php(45): CodeIgniter\CodeIgniter->run()
#10 {main}
CRITICAL - 2021-06-22 09:16:55 --> You have an error in your SQL syntax; check the manual that corresponds to your MariaDB server version for the right syntax to use near '.`nama_bulan`, `b`.`kode_tahun`, `c`.`nis`, `c`.`nama_siswa`` FROM tb_siswa c CR' at line 1
#0 C:\xampp\htdocs\sipspp\vendor\codeigniter4\framework\system\Database\MySQLi\Connection.php(331): mysqli->query('SELECT `SELECT`...')
#1 C:\xampp\htdocs\sipspp\vendor\codeigniter4\framework\system\Database\BaseConnection.php(741): CodeIgniter\Database\MySQLi\Connection->execute('SELECT `SELECT`...')
#2 C:\xampp\htdocs\sipspp\vendor\codeigniter4\framework\system\Database\BaseConnection.php(669): CodeIgniter\Database\BaseConnection->simpleQuery('SELECT `SELECT`...')
#3 C:\xampp\htdocs\sipspp\vendor\codeigniter4\framework\system\Database\BaseBuilder.php(1860): CodeIgniter\Database\BaseConnection->query('SELECT `SELECT`...', Array, false)
#4 C:\xampp\htdocs\sipspp\app\Models\TunggakanModel.php(35): CodeIgniter\Database\BaseBuilder->get()
#5 C:\xampp\htdocs\sipspp\app\Controllers\Tunggakancontroller.php(42): App\Models\TunggakanModel->getData()
#6 C:\xampp\htdocs\sipspp\vendor\codeigniter4\framework\system\CodeIgniter.php(918): App\Controllers\Tunggakancontroller->showData()
#7 C:\xampp\htdocs\sipspp\vendor\codeigniter4\framework\system\CodeIgniter.php(404): CodeIgniter\CodeIgniter->runController(Object(App\Controllers\Tunggakancontroller))
#8 C:\xampp\htdocs\sipspp\vendor\codeigniter4\framework\system\CodeIgniter.php(312): CodeIgniter\CodeIgniter->handleRequest(NULL, Object(Config\Cache), false)
#9 C:\xampp\htdocs\sipspp\index.php(45): CodeIgniter\CodeIgniter->run()
#10 {main}
CRITICAL - 2021-06-22 09:18:37 --> syntax error, unexpected ')'
#0 C:\xampp\htdocs\sipspp\vendor\codeigniter4\framework\system\Autoloader\Autoloader.php(296): CodeIgniter\Autoloader\Autoloader->requireFile('C:\\xampp\\htdocs...')
#1 C:\xampp\htdocs\sipspp\vendor\codeigniter4\framework\system\Autoloader\Autoloader.php(258): CodeIgniter\Autoloader\Autoloader->loadInNamespace('App\\Models\\Tung...')
#2 [internal function]: CodeIgniter\Autoloader\Autoloader->loadClass('App\\Models\\Tung...')
#3 C:\xampp\htdocs\sipspp\app\Controllers\Tunggakancontroller.php(41): spl_autoload_call('App\\Models\\Tung...')
#4 C:\xampp\htdocs\sipspp\vendor\codeigniter4\framework\system\CodeIgniter.php(918): App\Controllers\Tunggakancontroller->showData()
#5 C:\xampp\htdocs\sipspp\vendor\codeigniter4\framework\system\CodeIgniter.php(404): CodeIgniter\CodeIgniter->runController(Object(App\Controllers\Tunggakancontroller))
#6 C:\xampp\htdocs\sipspp\vendor\codeigniter4\framework\system\CodeIgniter.php(312): CodeIgniter\CodeIgniter->handleRequest(NULL, Object(Config\Cache), false)
#7 C:\xampp\htdocs\sipspp\index.php(45): CodeIgniter\CodeIgniter->run()
#8 {main}
CRITICAL - 2021-06-22 09:18:57 --> syntax error, unexpected ')'
#0 C:\xampp\htdocs\sipspp\vendor\codeigniter4\framework\system\Autoloader\Autoloader.php(296): CodeIgniter\Autoloader\Autoloader->requireFile('C:\\xampp\\htdocs...')
#1 C:\xampp\htdocs\sipspp\vendor\codeigniter4\framework\system\Autoloader\Autoloader.php(258): CodeIgniter\Autoloader\Autoloader->loadInNamespace('App\\Models\\Tung...')
#2 [internal function]: CodeIgniter\Autoloader\Autoloader->loadClass('App\\Models\\Tung...')
#3 C:\xampp\htdocs\sipspp\app\Controllers\Tunggakancontroller.php(41): spl_autoload_call('App\\Models\\Tung...')
#4 C:\xampp\htdocs\sipspp\vendor\codeigniter4\framework\system\CodeIgniter.php(918): App\Controllers\Tunggakancontroller->showData()
#5 C:\xampp\htdocs\sipspp\vendor\codeigniter4\framework\system\CodeIgniter.php(404): CodeIgniter\CodeIgniter->runController(Object(App\Controllers\Tunggakancontroller))
#6 C:\xampp\htdocs\sipspp\vendor\codeigniter4\framework\system\CodeIgniter.php(312): CodeIgniter\CodeIgniter->handleRequest(NULL, Object(Config\Cache), false)
#7 C:\xampp\htdocs\sipspp\index.php(45): CodeIgniter\CodeIgniter->run()
#8 {main}
CRITICAL - 2021-06-22 09:19:50 --> Call to a member function get() on array
#0 C:\xampp\htdocs\sipspp\app\Controllers\Tunggakancontroller.php(42): App\Models\TunggakanModel->testData()
#1 C:\xampp\htdocs\sipspp\vendor\codeigniter4\framework\system\CodeIgniter.php(918): App\Controllers\Tunggakancontroller->showData()
#2 C:\xampp\htdocs\sipspp\vendor\codeigniter4\framework\system\CodeIgniter.php(404): CodeIgniter\CodeIgniter->runController(Object(App\Controllers\Tunggakancontroller))
#3 C:\xampp\htdocs\sipspp\vendor\codeigniter4\framework\system\CodeIgniter.php(312): CodeIgniter\CodeIgniter->handleRequest(NULL, Object(Config\Cache), false)
#4 C:\xampp\htdocs\sipspp\index.php(45): CodeIgniter\CodeIgniter->run()
#5 {main}
CRITICAL - 2021-06-22 09:20:28 --> Call to undefined method CodeIgniter\Database\MySQLi\Result::get()
#0 C:\xampp\htdocs\sipspp\app\Controllers\Tunggakancontroller.php(42): App\Models\TunggakanModel->testData()
#1 C:\xampp\htdocs\sipspp\vendor\codeigniter4\framework\system\CodeIgniter.php(918): App\Controllers\Tunggakancontroller->showData()
#2 C:\xampp\htdocs\sipspp\vendor\codeigniter4\framework\system\CodeIgniter.php(404): CodeIgniter\CodeIgniter->runController(Object(App\Controllers\Tunggakancontroller))
#3 C:\xampp\htdocs\sipspp\vendor\codeigniter4\framework\system\CodeIgniter.php(312): CodeIgniter\CodeIgniter->handleRequest(NULL, Object(Config\Cache), false)
#4 C:\xampp\htdocs\sipspp\index.php(45): CodeIgniter\CodeIgniter->run()
#5 {main}
CRITICAL - 2021-06-22 09:20:41 --> Call to undefined method CodeIgniter\Database\MySQLi\Result::get()
#0 C:\xampp\htdocs\sipspp\app\Controllers\Tunggakancontroller.php(42): App\Models\TunggakanModel->testData()
#1 C:\xampp\htdocs\sipspp\vendor\codeigniter4\framework\system\CodeIgniter.php(918): App\Controllers\Tunggakancontroller->showData()
#2 C:\xampp\htdocs\sipspp\vendor\codeigniter4\framework\system\CodeIgniter.php(404): CodeIgniter\CodeIgniter->runController(Object(App\Controllers\Tunggakancontroller))
#3 C:\xampp\htdocs\sipspp\vendor\codeigniter4\framework\system\CodeIgniter.php(312): CodeIgniter\CodeIgniter->handleRequest(NULL, Object(Config\Cache), false)
#4 C:\xampp\htdocs\sipspp\index.php(45): CodeIgniter\CodeIgniter->run()
#5 {main}
CRITICAL - 2021-06-22 09:20:52 --> Call to undefined method CodeIgniter\Database\MySQLi\Result::result()
#0 C:\xampp\htdocs\sipspp\app\Controllers\Tunggakancontroller.php(42): App\Models\TunggakanModel->testData()
#1 C:\xampp\htdocs\sipspp\vendor\codeigniter4\framework\system\CodeIgniter.php(918): App\Controllers\Tunggakancontroller->showData()
#2 C:\xampp\htdocs\sipspp\vendor\codeigniter4\framework\system\CodeIgniter.php(404): CodeIgniter\CodeIgniter->runController(Object(App\Controllers\Tunggakancontroller))
#3 C:\xampp\htdocs\sipspp\vendor\codeigniter4\framework\system\CodeIgniter.php(312): CodeIgniter\CodeIgniter->handleRequest(NULL, Object(Config\Cache), false)
#4 C:\xampp\htdocs\sipspp\index.php(45): CodeIgniter\CodeIgniter->run()
#5 {main}
CRITICAL - 2021-06-22 09:25:38 --> Array to string conversion
#0 C:\xampp\htdocs\sipspp\app\Controllers\Tunggakancontroller.php(44): CodeIgniter\Debug\Exceptions->errorHandler(8, 'Array to string...', 'C:\\xampp\\htdocs...', 44, Array)
#1 C:\xampp\htdocs\sipspp\vendor\codeigniter4\framework\system\CodeIgniter.php(918): App\Controllers\Tunggakancontroller->showData()
#2 C:\xampp\htdocs\sipspp\vendor\codeigniter4\framework\system\CodeIgniter.php(404): CodeIgniter\CodeIgniter->runController(Object(App\Controllers\Tunggakancontroller))
#3 C:\xampp\htdocs\sipspp\vendor\codeigniter4\framework\system\CodeIgniter.php(312): CodeIgniter\CodeIgniter->handleRequest(NULL, Object(Config\Cache), false)
#4 C:\xampp\htdocs\sipspp\index.php(45): CodeIgniter\CodeIgniter->run()
#5 {main}
CRITICAL - 2021-06-22 10:51:42 --> syntax error, unexpected end of file
#0 C:\xampp\htdocs\sipspp\vendor\codeigniter4\framework\system\Autoloader\Autoloader.php(296): CodeIgniter\Autoloader\Autoloader->requireFile('C:\\xampp\\htdocs...')
#1 C:\xampp\htdocs\sipspp\vendor\codeigniter4\framework\system\Autoloader\Autoloader.php(258): CodeIgniter\Autoloader\Autoloader->loadInNamespace('App\\Models\\Tung...')
#2 [internal function]: CodeIgniter\Autoloader\Autoloader->loadClass('App\\Models\\Tung...')
#3 C:\xampp\htdocs\sipspp\app\Controllers\Tunggakancontroller.php(24): spl_autoload_call('App\\Models\\Tung...')
#4 C:\xampp\htdocs\sipspp\vendor\codeigniter4\framework\system\CodeIgniter.php(918): App\Controllers\Tunggakancontroller->index()
#5 C:\xampp\htdocs\sipspp\vendor\codeigniter4\framework\system\CodeIgniter.php(404): CodeIgniter\CodeIgniter->runController(Object(App\Controllers\Tunggakancontroller))
#6 C:\xampp\htdocs\sipspp\vendor\codeigniter4\framework\system\CodeIgniter.php(312): CodeIgniter\CodeIgniter->handleRequest(NULL, Object(Config\Cache), false)
#7 C:\xampp\htdocs\sipspp\index.php(45): CodeIgniter\CodeIgniter->run()
#8 {main}
CRITICAL - 2021-06-22 11:16:53 --> Undefined offset: 2
#0 C:\xampp\htdocs\sipspp\app\Controllers\Tunggakancontroller.php(89): CodeIgniter\Debug\Exceptions->errorHandler(8, 'Undefined offse...', 'C:\\xampp\\htdocs...', 89, Array)
#1 C:\xampp\htdocs\sipspp\vendor\codeigniter4\framework\system\CodeIgniter.php(918): App\Controllers\Tunggakancontroller->proses()
#2 C:\xampp\htdocs\sipspp\vendor\codeigniter4\framework\system\CodeIgniter.php(404): CodeIgniter\CodeIgniter->runController(Object(App\Controllers\Tunggakancontroller))
#3 C:\xampp\htdocs\sipspp\vendor\codeigniter4\framework\system\CodeIgniter.php(312): CodeIgniter\CodeIgniter->handleRequest(NULL, Object(Config\Cache), false)
#4 C:\xampp\htdocs\sipspp\index.php(45): CodeIgniter\CodeIgniter->run()
#5 {main}
CRITICAL - 2021-06-22 11:17:49 --> Cannot use object of type stdClass as array
#0 C:\xampp\htdocs\sipspp\vendor\codeigniter4\framework\system\CodeIgniter.php(918): App\Controllers\Tunggakancontroller->proses()
#1 C:\xampp\htdocs\sipspp\vendor\codeigniter4\framework\system\CodeIgniter.php(404): CodeIgniter\CodeIgniter->runController(Object(App\Controllers\Tunggakancontroller))
#2 C:\xampp\htdocs\sipspp\vendor\codeigniter4\framework\system\CodeIgniter.php(312): CodeIgniter\CodeIgniter->handleRequest(NULL, Object(Config\Cache), false)
#3 C:\xampp\htdocs\sipspp\index.php(45): CodeIgniter\CodeIgniter->run()
#4 {main}
