CRITICAL - 2021-01-12 23:58:51 --> Undefined property: stdClass::$keterangan
#0 /Applications/MAMP/htdocs/backend/app/Controllers/Account/Membercontroller.php(51): CodeIgniter\Debug\Exceptions->errorHandler(8, 'Undefined prope...', '/Applications/M...', 51, Array)
#1 /Applications/MAMP/htdocs/backend/vendor/codeigniter4/framework/system/CodeIgniter.php(918): App\Controllers\Account\Membercontroller->ajax_list()
#2 /Applications/MAMP/htdocs/backend/vendor/codeigniter4/framework/system/CodeIgniter.php(404): CodeIgniter\CodeIgniter->runController(Object(App\Controllers\Account\Membercontroller))
#3 /Applications/MAMP/htdocs/backend/vendor/codeigniter4/framework/system/CodeIgniter.php(312): CodeIgniter\CodeIgniter->handleRequest(NULL, Object(Config\Cache), false)
#4 /Applications/MAMP/htdocs/backend/index.php(45): CodeIgniter\CodeIgniter->run()
#5 {main}
CRITICAL - 2021-01-12 23:58:56 --> Undefined property: stdClass::$keterangan
#0 /Applications/MAMP/htdocs/backend/app/Controllers/Account/Membercontroller.php(51): CodeIgniter\Debug\Exceptions->errorHandler(8, 'Undefined prope...', '/Applications/M...', 51, Array)
#1 /Applications/MAMP/htdocs/backend/vendor/codeigniter4/framework/system/CodeIgniter.php(918): App\Controllers\Account\Membercontroller->ajax_list()
#2 /Applications/MAMP/htdocs/backend/vendor/codeigniter4/framework/system/CodeIgniter.php(404): CodeIgniter\CodeIgniter->runController(Object(App\Controllers\Account\Membercontroller))
#3 /Applications/MAMP/htdocs/backend/vendor/codeigniter4/framework/system/CodeIgniter.php(312): CodeIgniter\CodeIgniter->handleRequest(NULL, Object(Config\Cache), false)
#4 /Applications/MAMP/htdocs/backend/index.php(45): CodeIgniter\CodeIgniter->run()
#5 {main}
CRITICAL - 2021-01-12 23:59:06 --> Undefined property: stdClass::$keterangan
#0 /Applications/MAMP/htdocs/backend/app/Controllers/Account/Membercontroller.php(51): CodeIgniter\Debug\Exceptions->errorHandler(8, 'Undefined prope...', '/Applications/M...', 51, Array)
#1 /Applications/MAMP/htdocs/backend/vendor/codeigniter4/framework/system/CodeIgniter.php(918): App\Controllers\Account\Membercontroller->ajax_list()
#2 /Applications/MAMP/htdocs/backend/vendor/codeigniter4/framework/system/CodeIgniter.php(404): CodeIgniter\CodeIgniter->runController(Object(App\Controllers\Account\Membercontroller))
#3 /Applications/MAMP/htdocs/backend/vendor/codeigniter4/framework/system/CodeIgniter.php(312): CodeIgniter\CodeIgniter->handleRequest(NULL, Object(Config\Cache), false)
#4 /Applications/MAMP/htdocs/backend/index.php(45): CodeIgniter\CodeIgniter->run()
#5 {main}
