CRITICAL - 2021-05-18 14:17:06 --> count(): Parameter must be an array or an object that implements Countable
#0 [internal function]: CodeIgniter\Debug\Exceptions->errorHandler(2, 'count(): Parame...', 'C:\\xampp\\htdocs...', 28, Array)
#1 C:\xampp\htdocs\sipspp\app\Controllers\Dashboard.php(28): count(Object(App\Models\UserModel))
#2 C:\xampp\htdocs\sipspp\vendor\codeigniter4\framework\system\CodeIgniter.php(918): App\Controllers\Dashboard->index()
#3 C:\xampp\htdocs\sipspp\vendor\codeigniter4\framework\system\CodeIgniter.php(404): CodeIgniter\CodeIgniter->runController(Object(App\Controllers\Dashboard))
#4 C:\xampp\htdocs\sipspp\vendor\codeigniter4\framework\system\CodeIgniter.php(312): CodeIgniter\CodeIgniter->handleRequest(NULL, Object(Config\Cache), false)
#5 C:\xampp\htdocs\sipspp\index.php(45): CodeIgniter\CodeIgniter->run()
#6 {main}
CRITICAL - 2021-05-18 14:32:16 --> Too few arguments to function App\Models\LaporanModel::__construct(), 1 passed in C:\xampp\htdocs\sipspp\app\Controllers\Dashboard.php on line 26 and exactly 3 expected
#0 C:\xampp\htdocs\sipspp\app\Controllers\Dashboard.php(26): App\Models\LaporanModel->__construct(Object(CodeIgniter\HTTP\IncomingRequest))
#1 C:\xampp\htdocs\sipspp\vendor\codeigniter4\framework\system\CodeIgniter.php(918): App\Controllers\Dashboard->index()
#2 C:\xampp\htdocs\sipspp\vendor\codeigniter4\framework\system\CodeIgniter.php(404): CodeIgniter\CodeIgniter->runController(Object(App\Controllers\Dashboard))
#3 C:\xampp\htdocs\sipspp\vendor\codeigniter4\framework\system\CodeIgniter.php(312): CodeIgniter\CodeIgniter->handleRequest(NULL, Object(Config\Cache), false)
#4 C:\xampp\htdocs\sipspp\index.php(45): CodeIgniter\CodeIgniter->run()
#5 {main}
CRITICAL - 2021-05-18 14:33:22 --> Call to undefined method CodeIgniter\Database\MySQLi\Builder::select_sum()
#0 C:\xampp\htdocs\sipspp\app\Controllers\Dashboard.php(27): App\Models\PembayaranModel->sumPaymentTotal()
#1 C:\xampp\htdocs\sipspp\vendor\codeigniter4\framework\system\CodeIgniter.php(918): App\Controllers\Dashboard->index()
#2 C:\xampp\htdocs\sipspp\vendor\codeigniter4\framework\system\CodeIgniter.php(404): CodeIgniter\CodeIgniter->runController(Object(App\Controllers\Dashboard))
#3 C:\xampp\htdocs\sipspp\vendor\codeigniter4\framework\system\CodeIgniter.php(312): CodeIgniter\CodeIgniter->handleRequest(NULL, Object(Config\Cache), false)
#4 C:\xampp\htdocs\sipspp\index.php(45): CodeIgniter\CodeIgniter->run()
#5 {main}
CRITICAL - 2021-05-18 14:49:27 --> Class 'App\Models\PembayaranMonthModel' not found
#0 C:\xampp\htdocs\sipspp\vendor\codeigniter4\framework\system\CodeIgniter.php(918): App\Controllers\Dashboard->ajax_list()
#1 C:\xampp\htdocs\sipspp\vendor\codeigniter4\framework\system\CodeIgniter.php(404): CodeIgniter\CodeIgniter->runController(Object(App\Controllers\Dashboard))
#2 C:\xampp\htdocs\sipspp\vendor\codeigniter4\framework\system\CodeIgniter.php(312): CodeIgniter\CodeIgniter->handleRequest(NULL, Object(Config\Cache), false)
#3 C:\xampp\htdocs\sipspp\index.php(45): CodeIgniter\CodeIgniter->run()
#4 {main}
CRITICAL - 2021-05-18 14:49:35 --> Class 'App\Models\PembayaranMonthModel' not found
#0 C:\xampp\htdocs\sipspp\vendor\codeigniter4\framework\system\CodeIgniter.php(918): App\Controllers\Dashboard->ajax_list()
#1 C:\xampp\htdocs\sipspp\vendor\codeigniter4\framework\system\CodeIgniter.php(404): CodeIgniter\CodeIgniter->runController(Object(App\Controllers\Dashboard))
#2 C:\xampp\htdocs\sipspp\vendor\codeigniter4\framework\system\CodeIgniter.php(312): CodeIgniter\CodeIgniter->handleRequest(NULL, Object(Config\Cache), false)
#3 C:\xampp\htdocs\sipspp\index.php(45): CodeIgniter\CodeIgniter->run()
#4 {main}
CRITICAL - 2021-05-18 14:51:49 --> Undefined variable: month
#0 C:\xampp\htdocs\sipspp\app\Models\PembayaranMonthModel.php(85): CodeIgniter\Debug\Exceptions->errorHandler(8, 'Undefined varia...', 'C:\\xampp\\htdocs...', 85, Array)
#1 C:\xampp\htdocs\sipspp\app\Controllers\Dashboard.php(79): App\Models\PembayaranMonthModel->count_all()
#2 C:\xampp\htdocs\sipspp\vendor\codeigniter4\framework\system\CodeIgniter.php(918): App\Controllers\Dashboard->ajax_list()
#3 C:\xampp\htdocs\sipspp\vendor\codeigniter4\framework\system\CodeIgniter.php(404): CodeIgniter\CodeIgniter->runController(Object(App\Controllers\Dashboard))
#4 C:\xampp\htdocs\sipspp\vendor\codeigniter4\framework\system\CodeIgniter.php(312): CodeIgniter\CodeIgniter->handleRequest(NULL, Object(Config\Cache), false)
#5 C:\xampp\htdocs\sipspp\index.php(45): CodeIgniter\CodeIgniter->run()
#6 {main}
CRITICAL - 2021-05-18 14:51:56 --> Undefined variable: month
#0 C:\xampp\htdocs\sipspp\app\Models\PembayaranMonthModel.php(85): CodeIgniter\Debug\Exceptions->errorHandler(8, 'Undefined varia...', 'C:\\xampp\\htdocs...', 85, Array)
#1 C:\xampp\htdocs\sipspp\app\Controllers\Dashboard.php(79): App\Models\PembayaranMonthModel->count_all()
#2 C:\xampp\htdocs\sipspp\vendor\codeigniter4\framework\system\CodeIgniter.php(918): App\Controllers\Dashboard->ajax_list()
#3 C:\xampp\htdocs\sipspp\vendor\codeigniter4\framework\system\CodeIgniter.php(404): CodeIgniter\CodeIgniter->runController(Object(App\Controllers\Dashboard))
#4 C:\xampp\htdocs\sipspp\vendor\codeigniter4\framework\system\CodeIgniter.php(312): CodeIgniter\CodeIgniter->handleRequest(NULL, Object(Config\Cache), false)
#5 C:\xampp\htdocs\sipspp\index.php(45): CodeIgniter\CodeIgniter->run()
#6 {main}
CRITICAL - 2021-05-18 15:47:03 --> Undefined variable: nama_tagihan
#0 C:\xampp\htdocs\sipspp\app\Views\view_dashboard.php(167): CodeIgniter\Debug\Exceptions->errorHandler(8, 'Undefined varia...', 'C:\\xampp\\htdocs...', 167, Array)
#1 C:\xampp\htdocs\sipspp\vendor\codeigniter4\framework\system\View\View.php(246): include('C:\\xampp\\htdocs...')
#2 C:\xampp\htdocs\sipspp\vendor\codeigniter4\framework\system\Common.php(1119): CodeIgniter\View\View->render('view_dashboard', Array, true)
#3 C:\xampp\htdocs\sipspp\app\Controllers\Dashboard.php(41): view('view_dashboard', Array)
#4 C:\xampp\htdocs\sipspp\vendor\codeigniter4\framework\system\CodeIgniter.php(918): App\Controllers\Dashboard->index()
#5 C:\xampp\htdocs\sipspp\vendor\codeigniter4\framework\system\CodeIgniter.php(404): CodeIgniter\CodeIgniter->runController(Object(App\Controllers\Dashboard))
#6 C:\xampp\htdocs\sipspp\vendor\codeigniter4\framework\system\CodeIgniter.php(312): CodeIgniter\CodeIgniter->handleRequest(NULL, Object(Config\Cache), false)
#7 C:\xampp\htdocs\sipspp\index.php(45): CodeIgniter\CodeIgniter->run()
#8 {main}
CRITICAL - 2021-05-18 15:48:06 --> Undefined variable: nama_tagihan
#0 C:\xampp\htdocs\sipspp\app\Views\view_dashboard.php(167): CodeIgniter\Debug\Exceptions->errorHandler(8, 'Undefined varia...', 'C:\\xampp\\htdocs...', 167, Array)
#1 C:\xampp\htdocs\sipspp\vendor\codeigniter4\framework\system\View\View.php(246): include('C:\\xampp\\htdocs...')
#2 C:\xampp\htdocs\sipspp\vendor\codeigniter4\framework\system\Common.php(1119): CodeIgniter\View\View->render('view_dashboard', Array, true)
#3 C:\xampp\htdocs\sipspp\app\Controllers\Dashboard.php(41): view('view_dashboard', Array)
#4 C:\xampp\htdocs\sipspp\vendor\codeigniter4\framework\system\CodeIgniter.php(918): App\Controllers\Dashboard->index()
#5 C:\xampp\htdocs\sipspp\vendor\codeigniter4\framework\system\CodeIgniter.php(404): CodeIgniter\CodeIgniter->runController(Object(App\Controllers\Dashboard))
#6 C:\xampp\htdocs\sipspp\vendor\codeigniter4\framework\system\CodeIgniter.php(312): CodeIgniter\CodeIgniter->handleRequest(NULL, Object(Config\Cache), false)
#7 C:\xampp\htdocs\sipspp\index.php(45): CodeIgniter\CodeIgniter->run()
#8 {main}
CRITICAL - 2021-05-18 16:37:13 --> Undefined variable: nama_tagihan
#0 C:\xampp\htdocs\sipspp\app\Views\components\template_admin.php(147): CodeIgniter\Debug\Exceptions->errorHandler(8, 'Undefined varia...', 'C:\\xampp\\htdocs...', 147, Array)
#1 C:\xampp\htdocs\sipspp\vendor\codeigniter4\framework\system\View\View.php(246): include('C:\\xampp\\htdocs...')
#2 C:\xampp\htdocs\sipspp\vendor\codeigniter4\framework\system\View\View.php(257): CodeIgniter\View\View->render('components/temp...', Array, true)
#3 C:\xampp\htdocs\sipspp\vendor\codeigniter4\framework\system\Common.php(1119): CodeIgniter\View\View->render('view_dashboard', Array, true)
#4 C:\xampp\htdocs\sipspp\app\Controllers\Dashboard.php(41): view('view_dashboard', Array)
#5 C:\xampp\htdocs\sipspp\vendor\codeigniter4\framework\system\CodeIgniter.php(918): App\Controllers\Dashboard->index()
#6 C:\xampp\htdocs\sipspp\vendor\codeigniter4\framework\system\CodeIgniter.php(404): CodeIgniter\CodeIgniter->runController(Object(App\Controllers\Dashboard))
#7 C:\xampp\htdocs\sipspp\vendor\codeigniter4\framework\system\CodeIgniter.php(312): CodeIgniter\CodeIgniter->handleRequest(NULL, Object(Config\Cache), false)
#8 C:\xampp\htdocs\sipspp\index.php(45): CodeIgniter\CodeIgniter->run()
#9 {main}
